<?xml version="1.0" encoding="UTF-8"?>
<!-- Generated by org.testng.reporters.JUnitReportReporter -->
<testsuite hostname="Admins-MacBook-Air-4.local" failures="1" tests="6" name="test.KFDSAPISmokeTest" time="77.869" errors="0" timestamp="2020-04-06T12:07:28 IST" skipped="0">
  <testcase classname="test.KFDSAPISmokeTest" name="completeDSTest" time="60.131"/>
  <testcase classname="test.KFDSAPISmokeTest" name="modifyDSRecords" time="5.928"/>
  <testcase classname="test.KFDSAPISmokeTest" name="addAttachment" time="2.676"/>
  <testcase classname="test.KFDSAPISmokeTest" name="addImage" time="3.287"/>
  <testcase classname="test.KFDSAPISmokeTest" name="listAllFlowsType" time="5.419"/>
  <testcase classname="test.KFDSAPISmokeTest" name="listAllFlows" time="0.428">
    <failure message="1 expectation failed.
Response body doesn&#039;t match expectation.
Expected: The content to match the given JSON schema.
warning: the following keywords are unknown and will be ignored: [$id]
    level: &quot;warning&quot;
    schema: {&quot;loadingURI&quot;:&quot;file:/Users/anuradharaman/eclipse-workspace/Anu/KFAPITestAutomation/target/test-classes/listAllFlows.json#&quot;,&quot;pointer&quot;:&quot;&quot;}
    domain: &quot;syntax&quot;
    ignored: [&quot;$id&quot;]
warning: the following keywords are unknown and will be ignored: [$id, examples]
    level: &quot;warning&quot;
    schema: {&quot;loadingURI&quot;:&quot;file:/Users/anuradharaman/eclipse-workspace/Anu/KFAPITestAutomation/target/test-classes/listAllFlows.json#&quot;,&quot;pointer&quot;:&quot;/items&quot;}
    domain: &quot;syntax&quot;
    ignored: [&quot;$id&quot;,&quot;examples&quot;]
warning: the following keywords are unknown and will be ignored: [$id, examples]
    level: &quot;warning&quot;
    schema: {&quot;loadingURI&quot;:&quot;file:/Users/anuradharaman/eclipse-workspace/Anu/KFAPITestAutomation/target/test-classes/listAllFlows.json#&quot;,&quot;pointer&quot;:&quot;/items/properties/Channel&quot;}
    domain: &quot;syntax&quot;
    ignored: [&quot;$id&quot;,&quot;examples&quot;]
warning: the following keywords are unknown and will be ignored: [$id, examples]
    level: &quot;warning&quot;
    schema: {&quot;loadingURI&quot;:&quot;file:/Users/anuradharaman/eclipse-workspace/Anu/KFAPITestAutomation/target/test-classes/listAllFlows.json#&quot;,&quot;pointer&quot;:&quot;/items/properties/Channel/properties/Visibility&quot;}
    domain: &quot;syntax&quot;
    ignored: [&quot;$id&quot;,&quot;examples&quot;]
warning: the following keywords are unknown and will be ignored: [$id, examples]
    level: &quot;warning&quot;
    schema: {&quot;loadingURI&quot;:&quot;file:/Users/anuradharaman/eclipse-workspace/Anu/KFAPITestAutomation/target/test-classes/listAllFlows.json#&quot;,&quot;pointer&quot;:&quot;/items/properties/Description&quot;}
    domain: &quot;syntax&quot;
    ignored: [&quot;$id&quot;,&quot;examples&quot;]
warning: the following keywords are unknown and will be ignored: [$id, examples]
    level: &quot;warning&quot;
    schema: {&quot;loadingURI&quot;:&quot;file:/Users/anuradharaman/eclipse-workspace/Anu/KFAPITestAutomation/target/test-classes/listAllFlows.json#&quot;,&quot;pointer&quot;:&quot;/items/properties/Name&quot;}
    domain: &quot;syntax&quot;
    ignored: [&quot;$id&quot;,&quot;examples&quot;]
warning: the following keywords are unknown and will be ignored: [$id]
    level: &quot;warning&quot;
    schema: {&quot;loadingURI&quot;:&quot;file:/Users/anuradharaman/eclipse-workspace/Anu/KFAPITestAutomation/target/test-classes/listAllFlows.json#&quot;,&quot;pointer&quot;:&quot;/items/properties/SharedWith&quot;}
    domain: &quot;syntax&quot;
    ignored: [&quot;$id&quot;]
warning: the following keywords are unknown and will be ignored: [$id, examples]
    level: &quot;warning&quot;
    schema: {&quot;loadingURI&quot;:&quot;file:/Users/anuradharaman/eclipse-workspace/Anu/KFAPITestAutomation/target/test-classes/listAllFlows.json#&quot;,&quot;pointer&quot;:&quot;/items/properties/SharedWith/items&quot;}
    domain: &quot;syntax&quot;
    ignored: [&quot;$id&quot;,&quot;examples&quot;]
warning: the following keywords are unknown and will be ignored: [$id, examples]
    level: &quot;warning&quot;
    schema: {&quot;loadingURI&quot;:&quot;file:/Users/anuradharaman/eclipse-workspace/Anu/KFAPITestAutomation/target/test-classes/listAllFlows.json#&quot;,&quot;pointer&quot;:&quot;/items/properties/SharedWith/items/properties/Kind&quot;}
    domain: &quot;syntax&quot;
    ignored: [&quot;$id&quot;,&quot;examples&quot;]
warning: the following keywords are unknown and will be ignored: [$id, examples]
    level: &quot;warning&quot;
    schema: {&quot;loadingURI&quot;:&quot;file:/Users/anuradharaman/eclipse-workspace/Anu/KFAPITestAutomation/target/test-classes/listAllFlows.json#&quot;,&quot;pointer&quot;:&quot;/items/properties/SharedWith/items/properties/Name&quot;}
    domain: &quot;syntax&quot;
    ignored: [&quot;$id&quot;,&quot;examples&quot;]
warning: the following keywords are unknown and will be ignored: [$id]
    level: &quot;warning&quot;
    schema: {&quot;loadingURI&quot;:&quot;file:/Users/anuradharaman/eclipse-workspace/Anu/KFAPITestAutomation/target/test-classes/listAllFlows.json#&quot;,&quot;pointer&quot;:&quot;/items/properties/SharedWith/items/properties/Permission&quot;}
    domain: &quot;syntax&quot;
    ignored: [&quot;$id&quot;]
warning: the following keywords are unknown and will be ignored: [$id, examples]
    level: &quot;warning&quot;
    schema: {&quot;loadingURI&quot;:&quot;file:/Users/anuradharaman/eclipse-workspace/Anu/KFAPITestAutomation/target/test-classes/listAllFlows.json#&quot;,&quot;pointer&quot;:&quot;/items/properties/SharedWith/items/properties/Permission/items&quot;}
    domain: &quot;syntax&quot;
    ignored: [&quot;$id&quot;,&quot;examples&quot;]
warning: the following keywords are unknown and will be ignored: [$id, examples]
    level: &quot;warning&quot;
    schema: {&quot;loadingURI&quot;:&quot;file:/Users/anuradharaman/eclipse-workspace/Anu/KFAPITestAutomation/target/test-classes/listAllFlows.json#&quot;,&quot;pointer&quot;:&quot;/items/properties/SharedWith/items/properties/_created_at&quot;}
    domain: &quot;syntax&quot;
    ignored: [&quot;$id&quot;,&quot;examples&quot;]
warning: the following keywords are unknown and will be ignored: [$id, examples]
    level: &quot;warning&quot;
    schema: {&quot;loadingURI&quot;:&quot;file:/Users/anuradharaman/eclipse-workspace/Anu/KFAPITestAutomation/target/test-classes/listAllFlows.json#&quot;,&quot;pointer&quot;:&quot;/items/properties/SharedWith/items/properties/_created_by&quot;}
    domain: &quot;syntax&quot;
    ignored: [&quot;$id&quot;,&quot;examples&quot;]
warning: the following keywords are unknown and will be ignored: [$id, examples]
    level: &quot;warning&quot;
    schema: {&quot;loadingURI&quot;:&quot;file:/Users/anuradharaman/eclipse-workspace/Anu/KFAPITestAutomation/target/test-classes/listAllFlows.json#&quot;,&quot;pointer&quot;:&quot;/items/properties/SharedWith/items/properties/_created_by/properties/Kind&quot;}
    domain: &quot;syntax&quot;
    ignored: [&quot;$id&quot;,&quot;examples&quot;]
warning: the following keywords are unknown and will be ignored: [$id, examples]
    level: &quot;warning&quot;
    schema: {&quot;loadingURI&quot;:&quot;file:/Users/anuradharaman/eclipse-workspace/Anu/KFAPITestAutomation/target/test-classes/listAllFlows.json#&quot;,&quot;pointer&quot;:&quot;/items/properties/SharedWith/items/properties/_created_by/properties/Name&quot;}
    domain: &quot;syntax&quot;
    ignored: [&quot;$id&quot;,&quot;examples&quot;]
warning: the following keywords are unknown and will be ignored: [$id, examples]
    level: &quot;warning&quot;
    schema: {&quot;loadingURI&quot;:&quot;file:/Users/anuradharaman/eclipse-workspace/Anu/KFAPITestAutomation/target/test-classes/listAllFlows.json#&quot;,&quot;pointer&quot;:&quot;/items/properties/SharedWith/items/properties/_created_by/properties/_id&quot;}
    domain: &quot;syntax&quot;
    ignored: [&quot;$id&quot;,&quot;examples&quot;]
warning: the following keywords are unknown and will be ignored: [$id, examples]
    level: &quot;warning&quot;
    schema: {&quot;loadingURI&quot;:&quot;file:/Users/anuradharaman/eclipse-workspace/Anu/KFAPITestAutomation/target/test-classes/listAllFlows.json#&quot;,&quot;pointer&quot;:&quot;/items/properties/SharedWith/items/properties/_id&quot;}
    domain: &quot;syntax&quot;
    ignored: [&quot;$id&quot;,&quot;examples&quot;]
warning: the following keywords are unknown and will be ignored: [$id, examples]
    level: &quot;warning&quot;
    schema: {&quot;loadingURI&quot;:&quot;file:/Users/anuradharaman/eclipse-workspace/Anu/KFAPITestAutomation/target/test-classes/listAllFlows.json#&quot;,&quot;pointer&quot;:&quot;/items/properties/SharedWith/items/properties/_modified_at&quot;}
    domain: &quot;syntax&quot;
    ignored: [&quot;$id&quot;,&quot;examples&quot;]
warning: the following keywords are unknown and will be ignored: [$id, examples]
    level: &quot;warning&quot;
    schema: {&quot;loadingURI&quot;:&quot;file:/Users/anuradharaman/eclipse-workspace/Anu/KFAPITestAutomation/target/test-classes/listAllFlows.json#&quot;,&quot;pointer&quot;:&quot;/items/properties/SharedWith/items/properties/_modified_by&quot;}
    domain: &quot;syntax&quot;
    ignored: [&quot;$id&quot;,&quot;examples&quot;]
warning: the following keywords are unknown and will be ignored: [$id, examples]
    level: &quot;warning&quot;
    schema: {&quot;loadingURI&quot;:&quot;file:/Users/anuradharaman/eclipse-workspace/Anu/KFAPITestAutomation/target/test-classes/listAllFlows.json#&quot;,&quot;pointer&quot;:&quot;/items/properties/SharedWith/items/properties/_modified_by/properties/Kind&quot;}
    domain: &quot;syntax&quot;
    ignored: [&quot;$id&quot;,&quot;examples&quot;]
warning: the following keywords are unknown and will be ignored: [$id, examples]
    level: &quot;warning&quot;
    schema: {&quot;loadingURI&quot;:&quot;file:/Users/anuradharaman/eclipse-workspace/Anu/KFAPITestAutomation/target/test-classes/listAllFlows.json#&quot;,&quot;pointer&quot;:&quot;/items/properties/SharedWith/items/properties/_modified_by/properties/Name&quot;}
    domain: &quot;syntax&quot;
    ignored: [&quot;$id&quot;,&quot;examples&quot;]
warning: the following keywords are unknown and will be ignored: [$id, examples]
    level: &quot;warning&quot;
    schema: {&quot;loadingURI&quot;:&quot;file:/Users/anuradharaman/eclipse-workspace/Anu/KFAPITestAutomation/target/test-classes/listAllFlows.json#&quot;,&quot;pointer&quot;:&quot;/items/properties/SharedWith/items/properties/_modified_by/properties/_id&quot;}
    domain: &quot;syntax&quot;
    ignored: [&quot;$id&quot;,&quot;examples&quot;]
warning: the following keywords are unknown and will be ignored: [$id, examples]
    level: &quot;warning&quot;
    schema: {&quot;loadingURI&quot;:&quot;file:/Users/anuradharaman/eclipse-workspace/Anu/KFAPITestAutomation/target/test-classes/listAllFlows.json#&quot;,&quot;pointer&quot;:&quot;/items/properties/Status&quot;}
    domain: &quot;syntax&quot;
    ignored: [&quot;$id&quot;,&quot;examples&quot;]
warning: the following keywords are unknown and will be ignored: [$id, examples]
    level: &quot;warning&quot;
    schema: {&quot;loadingURI&quot;:&quot;file:/Users/anuradharaman/eclipse-workspace/Anu/KFAPITestAutomation/target/test-classes/listAllFlows.json#&quot;,&quot;pointer&quot;:&quot;/items/properties/Type&quot;}
    domain: &quot;syntax&quot;
    ignored: [&quot;$id&quot;,&quot;examples&quot;]
warning: the following keywords are unknown and will be ignored: [$id, examples]
    level: &quot;warning&quot;
    schema: {&quot;loadingURI&quot;:&quot;file:/Users/anuradharaman/eclipse-workspace/Anu/KFAPITestAutomation/target/test-classes/listAllFlows.json#&quot;,&quot;pointer&quot;:&quot;/items/properties/_created_at&quot;}
    domain: &quot;syntax&quot;
    ignored: [&quot;$id&quot;,&quot;examples&quot;]
warning: the following keywords are unknown and will be ignored: [$id, examples]
    level: &quot;warning&quot;
    schema: {&quot;loadingURI&quot;:&quot;file:/Users/anuradharaman/eclipse-workspace/Anu/KFAPITestAutomation/target/test-classes/listAllFlows.json#&quot;,&quot;pointer&quot;:&quot;/items/properties/_created_by&quot;}
    domain: &quot;syntax&quot;
    ignored: [&quot;$id&quot;,&quot;examples&quot;]
warning: the following keywords are unknown and will be ignored: [$id, examples]
    level: &quot;warning&quot;
    schema: {&quot;loadingURI&quot;:&quot;file:/Users/anuradharaman/eclipse-workspace/Anu/KFAPITestAutomation/target/test-classes/listAllFlows.json#&quot;,&quot;pointer&quot;:&quot;/items/properties/_created_by/properties/Name&quot;}
    domain: &quot;syntax&quot;
    ignored: [&quot;$id&quot;,&quot;examples&quot;]
warning: the following keywords are unknown and will be ignored: [$id, examples]
    level: &quot;warning&quot;
    schema: {&quot;loadingURI&quot;:&quot;file:/Users/anuradharaman/eclipse-workspace/Anu/KFAPITestAutomation/target/test-classes/listAllFlows.json#&quot;,&quot;pointer&quot;:&quot;/items/properties/_created_by/properties/_id&quot;}
    domain: &quot;syntax&quot;
    ignored: [&quot;$id&quot;,&quot;examples&quot;]
warning: the following keywords are unknown and will be ignored: [$id, examples]
    level: &quot;warning&quot;
    schema: {&quot;loadingURI&quot;:&quot;file:/Users/anuradharaman/eclipse-workspace/Anu/KFAPITestAutomation/target/test-classes/listAllFlows.json#&quot;,&quot;pointer&quot;:&quot;/items/properties/_id&quot;}
    domain: &quot;syntax&quot;
    ignored: [&quot;$id&quot;,&quot;examples&quot;]
warning: the following keywords are unknown and will be ignored: [$id, examples]
    level: &quot;warning&quot;
    schema: {&quot;loadingURI&quot;:&quot;file:/Users/anuradharaman/eclipse-workspace/Anu/KFAPITestAutomation/target/test-classes/listAllFlows.json#&quot;,&quot;pointer&quot;:&quot;/items/properties/_modified_at&quot;}
    domain: &quot;syntax&quot;
    ignored: [&quot;$id&quot;,&quot;examples&quot;]
warning: the following keywords are unknown and will be ignored: [$id, examples]
    level: &quot;warning&quot;
    schema: {&quot;loadingURI&quot;:&quot;file:/Users/anuradharaman/eclipse-workspace/Anu/KFAPITestAutomation/target/test-classes/listAllFlows.json#&quot;,&quot;pointer&quot;:&quot;/items/properties/_modified_by&quot;}
    domain: &quot;syntax&quot;
    ignored: [&quot;$id&quot;,&quot;examples&quot;]
warning: the following keywords are unknown and will be ignored: [$id, examples]
    level: &quot;warning&quot;
    schema: {&quot;loadingURI&quot;:&quot;file:/Users/anuradharaman/eclipse-workspace/Anu/KFAPITestAutomation/target/test-classes/listAllFlows.json#&quot;,&quot;pointer&quot;:&quot;/items/properties/_modified_by/properties/_id&quot;}
    domain: &quot;syntax&quot;
    ignored: [&quot;$id&quot;,&quot;examples&quot;]
warning: the following keywords are unknown and will be ignored: [$id, examples]
    level: &quot;warning&quot;
    schema: {&quot;loadingURI&quot;:&quot;file:/Users/anuradharaman/eclipse-workspace/Anu/KFAPITestAutomation/target/test-classes/listAllFlows.json#&quot;,&quot;pointer&quot;:&quot;/items&quot;}
    domain: &quot;syntax&quot;
    ignored: [&quot;$id&quot;,&quot;examples&quot;]
warning: the following keywords are unknown and will be ignored: [$id, examples]
    level: &quot;warning&quot;
    schema: {&quot;loadingURI&quot;:&quot;file:/Users/anuradharaman/eclipse-workspace/Anu/KFAPITestAutomation/target/test-classes/listAllFlows.json#&quot;,&quot;pointer&quot;:&quot;/items/properties/Channel&quot;}
    domain: &quot;syntax&quot;
    ignored: [&quot;$id&quot;,&quot;examples&quot;]
warning: the following keywords are unknown and will be ignored: [$id, examples]
    level: &quot;warning&quot;
    schema: {&quot;loadingURI&quot;:&quot;file:/Users/anuradharaman/eclipse-workspace/Anu/KFAPITestAutomation/target/test-classes/listAllFlows.json#&quot;,&quot;pointer&quot;:&quot;/items/properties/Channel/properties/Visibility&quot;}
    domain: &quot;syntax&quot;
    ignored: [&quot;$id&quot;,&quot;examples&quot;]
warning: the following keywords are unknown and will be ignored: [$id, examples]
    level: &quot;warning&quot;
    schema: {&quot;loadingURI&quot;:&quot;file:/Users/anuradharaman/eclipse-workspace/Anu/KFAPITestAutomation/target/test-classes/listAllFlows.json#&quot;,&quot;pointer&quot;:&quot;/items/properties/Description&quot;}
    domain: &quot;syntax&quot;
    ignored: [&quot;$id&quot;,&quot;examples&quot;]
warning: the following keywords are unknown and will be ignored: [$id, examples]
    level: &quot;warning&quot;
    schema: {&quot;loadingURI&quot;:&quot;file:/Users/anuradharaman/eclipse-workspace/Anu/KFAPITestAutomation/target/test-classes/listAllFlows.json#&quot;,&quot;pointer&quot;:&quot;/items/properties/Name&quot;}
    domain: &quot;syntax&quot;
    ignored: [&quot;$id&quot;,&quot;examples&quot;]
warning: the following keywords are unknown and will be ignored: [$id]
    level: &quot;warning&quot;
    schema: {&quot;loadingURI&quot;:&quot;file:/Users/anuradharaman/eclipse-workspace/Anu/KFAPITestAutomation/target/test-classes/listAllFlows.json#&quot;,&quot;pointer&quot;:&quot;/items/properties/SharedWith&quot;}
    domain: &quot;syntax&quot;
    ignored: [&quot;$id&quot;]
warning: the following keywords are unknown and will be ignored: [$id, examples]
    level: &quot;warning&quot;
    schema: {&quot;loadingURI&quot;:&quot;file:/Users/anuradharaman/eclipse-workspace/Anu/KFAPITestAutomation/target/test-classes/listAllFlows.json#&quot;,&quot;pointer&quot;:&quot;/items/properties/SharedWith/items&quot;}
    domain: &quot;syntax&quot;
    ignored: [&quot;$id&quot;,&quot;examples&quot;]
warning: the following keywords are unknown and will be ignored: [$id, examples]
    level: &quot;warning&quot;
    schema: {&quot;loadingURI&quot;:&quot;file:/Users/anuradharaman/eclipse-workspace/Anu/KFAPITestAutomation/target/test-classes/listAllFlows.json#&quot;,&quot;pointer&quot;:&quot;/items/properties/SharedWith/items/properties/Kind&quot;}
    domain: &quot;syntax&quot;
    ignored: [&quot;$id&quot;,&quot;examples&quot;]
warning: the following keywords are unknown and will be ignored: [$id, examples]
    level: &quot;warning&quot;
    schema: {&quot;loadingURI&quot;:&quot;file:/Users/anuradharaman/eclipse-workspace/Anu/KFAPITestAutomation/target/test-classes/listAllFlows.json#&quot;,&quot;pointer&quot;:&quot;/items/properties/SharedWith/items/properties/Name&quot;}
    domain: &quot;syntax&quot;
    ignored: [&quot;$id&quot;,&quot;examples&quot;]
warning: the following keywords are unknown and will be ignored: [$id]
    level: &quot;warning&quot;
    schema: {&quot;loadingURI&quot;:&quot;file:/Users/anuradharaman/eclipse-workspace/Anu/KFAPITestAutomation/target/test-classes/listAllFlows.json#&quot;,&quot;pointer&quot;:&quot;/items/properties/SharedWith/items/properties/Permission&quot;}
    domain: &quot;syntax&quot;
    ignored: [&quot;$id&quot;]
warning: the following keywords are unknown and will be ignored: [$id, examples]
    level: &quot;warning&quot;
    schema: {&quot;loadingURI&quot;:&quot;file:/Users/anuradharaman/eclipse-workspace/Anu/KFAPITestAutomation/target/test-classes/listAllFlows.json#&quot;,&quot;pointer&quot;:&quot;/items/properties/SharedWith/items/properties/Permission/items&quot;}
    domain: &quot;syntax&quot;
    ignored: [&quot;$id&quot;,&quot;examples&quot;]
warning: the following keywords are unknown and will be ignored: [$id, examples]
    level: &quot;warning&quot;
    schema: {&quot;loadingURI&quot;:&quot;file:/Users/anuradharaman/eclipse-workspace/Anu/KFAPITestAutomation/target/test-classes/listAllFlows.json#&quot;,&quot;pointer&quot;:&quot;/items/properties/SharedWith/items/properties/_created_at&quot;}
    domain: &quot;syntax&quot;
    ignored: [&quot;$id&quot;,&quot;examples&quot;]
warning: the following keywords are unknown and will be ignored: [$id, examples]
    level: &quot;warning&quot;
    schema: {&quot;loadingURI&quot;:&quot;file:/Users/anuradharaman/eclipse-workspace/Anu/KFAPITestAutomation/target/test-classes/listAllFlows.json#&quot;,&quot;pointer&quot;:&quot;/items/properties/SharedWith/items/properties/_created_by&quot;}
    domain: &quot;syntax&quot;
    ignored: [&quot;$id&quot;,&quot;examples&quot;]
warning: the following keywords are unknown and will be ignored: [$id, examples]
    level: &quot;warning&quot;
    schema: {&quot;loadingURI&quot;:&quot;file:/Users/anuradharaman/eclipse-workspace/Anu/KFAPITestAutomation/target/test-classes/listAllFlows.json#&quot;,&quot;pointer&quot;:&quot;/items/properties/SharedWith/items/properties/_created_by/properties/Kind&quot;}
    domain: &quot;syntax&quot;
    ignored: [&quot;$id&quot;,&quot;examples&quot;]
warning: the following keywords are unknown and will be ignored: [$id, examples]
    level: &quot;warning&quot;
    schema: {&quot;loadingURI&quot;:&quot;file:/Users/anuradharaman/eclipse-workspace/Anu/KFAPITestAutomation/target/test-classes/listAllFlows.json#&quot;,&quot;pointer&quot;:&quot;/items/properties/SharedWith/items/properties/_created_by/properties/Name&quot;}
    domain: &quot;syntax&quot;
    ignored: [&quot;$id&quot;,&quot;examples&quot;]
warning: the following keywords are unknown and will be ignored: [$id, examples]
    level: &quot;warning&quot;
    schema: {&quot;loadingURI&quot;:&quot;file:/Users/anuradharaman/eclipse-workspace/Anu/KFAPITestAutomation/target/test-classes/listAllFlows.json#&quot;,&quot;pointer&quot;:&quot;/items/properties/SharedWith/items/properties/_created_by/properties/_id&quot;}
    domain: &quot;syntax&quot;
    ignored: [&quot;$id&quot;,&quot;examples&quot;]
warning: the following keywords are unknown and will be ignored: [$id, examples]
    level: &quot;warning&quot;
    schema: {&quot;loadingURI&quot;:&quot;file:/Users/anuradharaman/eclipse-workspace/Anu/KFAPITestAutomation/target/test-classes/listAllFlows.json#&quot;,&quot;pointer&quot;:&quot;/items/properties/SharedWith/items/properties/_id&quot;}
    domain: &quot;syntax&quot;
    ignored: [&quot;$id&quot;,&quot;examples&quot;]
warning: the following keywords are unknown and will be ignored: [$id, examples]
    level: &quot;warning&quot;
    schema: {&quot;loadingURI&quot;:&quot;file:/Users/anuradharaman/eclipse-workspace/Anu/KFAPITestAutomation/target/test-classes/listAllFlows.json#&quot;,&quot;pointer&quot;:&quot;/items/properties/SharedWith/items/properties/_modified_at&quot;}
    domain: &quot;syntax&quot;
    ignored: [&quot;$id&quot;,&quot;examples&quot;]
warning: the following keywords are unknown and will be ignored: [$id, examples]
    level: &quot;warning&quot;
    schema: {&quot;loadingURI&quot;:&quot;file:/Users/anuradharaman/eclipse-workspace/Anu/KFAPITestAutomation/target/test-classes/listAllFlows.json#&quot;,&quot;pointer&quot;:&quot;/items/properties/SharedWith/items/properties/_modified_by&quot;}
    domain: &quot;syntax&quot;
    ignored: [&quot;$id&quot;,&quot;examples&quot;]
warning: the following keywords are unknown and will be ignored: [$id, examples]
    level: &quot;warning&quot;
    schema: {&quot;loadingURI&quot;:&quot;file:/Users/anuradharaman/eclipse-workspace/Anu/KFAPITestAutomation/target/test-classes/listAllFlows.json#&quot;,&quot;pointer&quot;:&quot;/items/properties/SharedWith/items/properties/_modified_by/properties/Kind&quot;}
    domain: &quot;syntax&quot;
    ignored: [&quot;$id&quot;,&quot;examples&quot;]
warning: the following keywords are unknown and will be ignored: [$id, examples]
    level: &quot;warning&quot;
    schema: {&quot;loadingURI&quot;:&quot;file:/Users/anuradharaman/eclipse-workspace/Anu/KFAPITestAutomation/target/test-classes/listAllFlows.json#&quot;,&quot;pointer&quot;:&quot;/items/properties/SharedWith/items/properties/_modified_by/properties/Name&quot;}
    domain: &quot;syntax&quot;
    ignored: [&quot;$id&quot;,&quot;examples&quot;]
warning: the following keywords are unknown and will be ignored: [$id, examples]
    level: &quot;warning&quot;
    schema: {&quot;loadingURI&quot;:&quot;file:/Users/anuradharaman/eclipse-workspace/Anu/KFAPITestAutomation/target/test-classes/listAllFlows.json#&quot;,&quot;pointer&quot;:&quot;/items/properties/SharedWith/items/properties/_modified_by/properties/_id&quot;}
    domain: &quot;syntax&quot;
    ignored: [&quot;$id&quot;,&quot;examples&quot;]
warning: the following keywords are unknown and will be ignored: [$id, examples]
    level: &quot;warning&quot;
    schema: {&quot;loadingURI&quot;:&quot;file:/Users/anuradharaman/eclipse-workspace/Anu/KFAPITestAutomation/target/test-classes/listAllFlows.json#&quot;,&quot;pointer&quot;:&quot;/items/properties/Status&quot;}
    domain: &quot;syntax&quot;
    ignored: [&quot;$id&quot;,&quot;examples&quot;]
warning: the following keywords are unknown and will be ignored: [$id, examples]
    level: &quot;warning&quot;
    schema: {&quot;loadingURI&quot;:&quot;file:/Users/anuradharaman/eclipse-workspace/Anu/KFAPITestAutomation/target/test-classes/listAllFlows.json#&quot;,&quot;pointer&quot;:&quot;/items/properties/Type&quot;}
    domain: &quot;syntax&quot;
    ignored: [&quot;$id&quot;,&quot;examples&quot;]
warning: the following keywords are unknown and will be ignored: [$id, examples]
    level: &quot;warning&quot;
    schema: {&quot;loadingURI&quot;:&quot;file:/Users/anuradharaman/eclipse-workspace/Anu/KFAPITestAutomation/target/test-classes/listAllFlows.json#&quot;,&quot;pointer&quot;:&quot;/items/properties/_created_at&quot;}
    domain: &quot;syntax&quot;
    ignored: [&quot;$id&quot;,&quot;examples&quot;]
warning: the following keywords are unknown and will be ignored: [$id, examples]
    level: &quot;warning&quot;
    schema: {&quot;loadingURI&quot;:&quot;file:/Users/anuradharaman/eclipse-workspace/Anu/KFAPITestAutomation/target/test-classes/listAllFlows.json#&quot;,&quot;pointer&quot;:&quot;/items/properties/_created_by&quot;}
    domain: &quot;syntax&quot;
    ignored: [&quot;$id&quot;,&quot;examples&quot;]
warning: the following keywords are unknown and will be ignored: [$id, examples]
    level: &quot;warning&quot;
    schema: {&quot;loadingURI&quot;:&quot;file:/Users/anuradharaman/eclipse-workspace/Anu/KFAPITestAutomation/target/test-classes/listAllFlows.json#&quot;,&quot;pointer&quot;:&quot;/items/properties/_created_by/properties/Name&quot;}
    domain: &quot;syntax&quot;
    ignored: [&quot;$id&quot;,&quot;examples&quot;]
warning: the following keywords are unknown and will be ignored: [$id, examples]
    level: &quot;warning&quot;
    schema: {&quot;loadingURI&quot;:&quot;file:/Users/anuradharaman/eclipse-workspace/Anu/KFAPITestAutomation/target/test-classes/listAllFlows.json#&quot;,&quot;pointer&quot;:&quot;/items/properties/_created_by/properties/_id&quot;}
    domain: &quot;syntax&quot;
    ignored: [&quot;$id&quot;,&quot;examples&quot;]
warning: the following keywords are unknown and will be ignored: [$id, examples]
    level: &quot;warning&quot;
    schema: {&quot;loadingURI&quot;:&quot;file:/Users/anuradharaman/eclipse-workspace/Anu/KFAPITestAutomation/target/test-classes/listAllFlows.json#&quot;,&quot;pointer&quot;:&quot;/items/properties/_id&quot;}
    domain: &quot;syntax&quot;
    ignored: [&quot;$id&quot;,&quot;examples&quot;]
warning: the following keywords are unknown and will be ignored: [$id, examples]
    level: &quot;warning&quot;
    schema: {&quot;loadingURI&quot;:&quot;file:/Users/anuradharaman/eclipse-workspace/Anu/KFAPITestAutomation/target/test-classes/listAllFlows.json#&quot;,&quot;pointer&quot;:&quot;/items/properties/_modified_at&quot;}
    domain: &quot;syntax&quot;
    ignored: [&quot;$id&quot;,&quot;examples&quot;]
warning: the following keywords are unknown and will be ignored: [$id, examples]
    level: &quot;warning&quot;
    schema: {&quot;loadingURI&quot;:&quot;file:/Users/anuradharaman/eclipse-workspace/Anu/KFAPITestAutomation/target/test-classes/listAllFlows.json#&quot;,&quot;pointer&quot;:&quot;/items/properties/_modified_by&quot;}
    domain: &quot;syntax&quot;
    ignored: [&quot;$id&quot;,&quot;examples&quot;]
warning: the following keywords are unknown and will be ignored: [$id, examples]
    level: &quot;warning&quot;
    schema: {&quot;loadingURI&quot;:&quot;file:/Users/anuradharaman/eclipse-workspace/Anu/KFAPITestAutomation/target/test-classes/listAllFlows.json#&quot;,&quot;pointer&quot;:&quot;/items/properties/_modified_by/properties/_id&quot;}
    domain: &quot;syntax&quot;
    ignored: [&quot;$id&quot;,&quot;examples&quot;]
warning: the following keywords are unknown and will be ignored: [$id, examples]
    level: &quot;warning&quot;
    schema: {&quot;loadingURI&quot;:&quot;file:/Users/anuradharaman/eclipse-workspace/Anu/KFAPITestAutomation/target/test-classes/listAllFlows.json#&quot;,&quot;pointer&quot;:&quot;/items/properties/Channel&quot;}
    domain: &quot;syntax&quot;
    ignored: [&quot;$id&quot;,&quot;examples&quot;]
warning: the following keywords are unknown and will be ignored: [$id, examples]
    level: &quot;warning&quot;
    schema: {&quot;loadingURI&quot;:&quot;file:/Users/anuradharaman/eclipse-workspace/Anu/KFAPITestAutomation/target/test-classes/listAllFlows.json#&quot;,&quot;pointer&quot;:&quot;/items/properties/Channel/properties/Visibility&quot;}
    domain: &quot;syntax&quot;
    ignored: [&quot;$id&quot;,&quot;examples&quot;]
warning: the following keywords are unknown and will be ignored: [$id, examples]
    level: &quot;warning&quot;
    schema: {&quot;loadingURI&quot;:&quot;file:/Users/anuradharaman/eclipse-workspace/Anu/KFAPITestAutomation/target/test-classes/listAllFlows.json#&quot;,&quot;pointer&quot;:&quot;/items/properties/Channel/properties/Visibility&quot;}
    domain: &quot;syntax&quot;
    ignored: [&quot;$id&quot;,&quot;examples&quot;]
warning: the following keywords are unknown and will be ignored: [$id, examples]
    level: &quot;warning&quot;
    schema: {&quot;loadingURI&quot;:&quot;file:/Users/anuradharaman/eclipse-workspace/Anu/KFAPITestAutomation/target/test-classes/listAllFlows.json#&quot;,&quot;pointer&quot;:&quot;/items/properties/Description&quot;}
    domain: &quot;syntax&quot;
    ignored: [&quot;$id&quot;,&quot;examples&quot;]
warning: the following keywords are unknown and will be ignored: [$id, examples]
    level: &quot;warning&quot;
    schema: {&quot;loadingURI&quot;:&quot;file:/Users/anuradharaman/eclipse-workspace/Anu/KFAPITestAutomation/target/test-classes/listAllFlows.json#&quot;,&quot;pointer&quot;:&quot;/items/properties/Name&quot;}
    domain: &quot;syntax&quot;
    ignored: [&quot;$id&quot;,&quot;examples&quot;]
warning: the following keywords are unknown and will be ignored: [$id]
    level: &quot;warning&quot;
    schema: {&quot;loadingURI&quot;:&quot;file:/Users/anuradharaman/eclipse-workspace/Anu/KFAPITestAutomation/target/test-classes/listAllFlows.json#&quot;,&quot;pointer&quot;:&quot;/items/properties/SharedWith&quot;}
    domain: &quot;syntax&quot;
    ignored: [&quot;$id&quot;]
warning: the following keywords are unknown and will be ignored: [$id, examples]
    level: &quot;warning&quot;
    schema: {&quot;loadingURI&quot;:&quot;file:/Users/anuradharaman/eclipse-workspace/Anu/KFAPITestAutomation/target/test-classes/listAllFlows.json#&quot;,&quot;pointer&quot;:&quot;/items/properties/SharedWith/items&quot;}
    domain: &quot;syntax&quot;
    ignored: [&quot;$id&quot;,&quot;examples&quot;]
warning: the following keywords are unknown and will be ignored: [$id, examples]
    level: &quot;warning&quot;
    schema: {&quot;loadingURI&quot;:&quot;file:/Users/anuradharaman/eclipse-workspace/Anu/KFAPITestAutomation/target/test-classes/listAllFlows.json#&quot;,&quot;pointer&quot;:&quot;/items/properties/SharedWith/items/properties/Kind&quot;}
    domain: &quot;syntax&quot;
    ignored: [&quot;$id&quot;,&quot;examples&quot;]
warning: the following keywords are unknown and will be ignored: [$id, examples]
    level: &quot;warning&quot;
    schema: {&quot;loadingURI&quot;:&quot;file:/Users/anuradharaman/eclipse-workspace/Anu/KFAPITestAutomation/target/test-classes/listAllFlows.json#&quot;,&quot;pointer&quot;:&quot;/items/properties/SharedWith/items/properties/Name&quot;}
    domain: &quot;syntax&quot;
    ignored: [&quot;$id&quot;,&quot;examples&quot;]
warning: the following keywords are unknown and will be ignored: [$id]
    level: &quot;warning&quot;
    schema: {&quot;loadingURI&quot;:&quot;file:/Users/anuradharaman/eclipse-workspace/Anu/KFAPITestAutomation/target/test-classes/listAllFlows.json#&quot;,&quot;pointer&quot;:&quot;/items/properties/SharedWith/items/properties/Permission&quot;}
    domain: &quot;syntax&quot;
    ignored: [&quot;$id&quot;]
warning: the following keywords are unknown and will be ignored: [$id, examples]
    level: &quot;warning&quot;
    schema: {&quot;loadingURI&quot;:&quot;file:/Users/anuradharaman/eclipse-workspace/Anu/KFAPITestAutomation/target/test-classes/listAllFlows.json#&quot;,&quot;pointer&quot;:&quot;/items/properties/SharedWith/items/properties/Permission/items&quot;}
    domain: &quot;syntax&quot;
    ignored: [&quot;$id&quot;,&quot;examples&quot;]
warning: the following keywords are unknown and will be ignored: [$id, examples]
    level: &quot;warning&quot;
    schema: {&quot;loadingURI&quot;:&quot;file:/Users/anuradharaman/eclipse-workspace/Anu/KFAPITestAutomation/target/test-classes/listAllFlows.json#&quot;,&quot;pointer&quot;:&quot;/items/properties/SharedWith/items/properties/_created_at&quot;}
    domain: &quot;syntax&quot;
    ignored: [&quot;$id&quot;,&quot;examples&quot;]
warning: the following keywords are unknown and will be ignored: [$id, examples]
    level: &quot;warning&quot;
    schema: {&quot;loadingURI&quot;:&quot;file:/Users/anuradharaman/eclipse-workspace/Anu/KFAPITestAutomation/target/test-classes/listAllFlows.json#&quot;,&quot;pointer&quot;:&quot;/items/properties/SharedWith/items/properties/_created_by&quot;}
    domain: &quot;syntax&quot;
    ignored: [&quot;$id&quot;,&quot;examples&quot;]
warning: the following keywords are unknown and will be ignored: [$id, examples]
    level: &quot;warning&quot;
    schema: {&quot;loadingURI&quot;:&quot;file:/Users/anuradharaman/eclipse-workspace/Anu/KFAPITestAutomation/target/test-classes/listAllFlows.json#&quot;,&quot;pointer&quot;:&quot;/items/properties/SharedWith/items/properties/_created_by/properties/Kind&quot;}
    domain: &quot;syntax&quot;
    ignored: [&quot;$id&quot;,&quot;examples&quot;]
warning: the following keywords are unknown and will be ignored: [$id, examples]
    level: &quot;warning&quot;
    schema: {&quot;loadingURI&quot;:&quot;file:/Users/anuradharaman/eclipse-workspace/Anu/KFAPITestAutomation/target/test-classes/listAllFlows.json#&quot;,&quot;pointer&quot;:&quot;/items/properties/SharedWith/items/properties/_created_by/properties/Name&quot;}
    domain: &quot;syntax&quot;
    ignored: [&quot;$id&quot;,&quot;examples&quot;]
warning: the following keywords are unknown and will be ignored: [$id, examples]
    level: &quot;warning&quot;
    schema: {&quot;loadingURI&quot;:&quot;file:/Users/anuradharaman/eclipse-workspace/Anu/KFAPITestAutomation/target/test-classes/listAllFlows.json#&quot;,&quot;pointer&quot;:&quot;/items/properties/SharedWith/items/properties/_created_by/properties/_id&quot;}
    domain: &quot;syntax&quot;
    ignored: [&quot;$id&quot;,&quot;examples&quot;]
warning: the following keywords are unknown and will be ignored: [$id, examples]
    level: &quot;warning&quot;
    schema: {&quot;loadingURI&quot;:&quot;file:/Users/anuradharaman/eclipse-workspace/Anu/KFAPITestAutomation/target/test-classes/listAllFlows.json#&quot;,&quot;pointer&quot;:&quot;/items/properties/SharedWith/items/properties/_id&quot;}
    domain: &quot;syntax&quot;
    ignored: [&quot;$id&quot;,&quot;examples&quot;]
warning: the following keywords are unknown and will be ignored: [$id, examples]
    level: &quot;warning&quot;
    schema: {&quot;loadingURI&quot;:&quot;file:/Users/anuradharaman/eclipse-workspace/Anu/KFAPITestAutomation/target/test-classes/listAllFlows.json#&quot;,&quot;pointer&quot;:&quot;/items/properties/SharedWith/items/properties/_modified_at&quot;}
    domain: &quot;syntax&quot;
    ignored: [&quot;$id&quot;,&quot;examples&quot;]
warning: the following keywords are unknown and will be ignored: [$id, examples]
    level: &quot;warning&quot;
    schema: {&quot;loadingURI&quot;:&quot;file:/Users/anuradharaman/eclipse-workspace/Anu/KFAPITestAutomation/target/test-classes/listAllFlows.json#&quot;,&quot;pointer&quot;:&quot;/items/properties/SharedWith/items/properties/_modified_by&quot;}
    domain: &quot;syntax&quot;
    ignored: [&quot;$id&quot;,&quot;examples&quot;]
warning: the following keywords are unknown and will be ignored: [$id, examples]
    level: &quot;warning&quot;
    schema: {&quot;loadingURI&quot;:&quot;file:/Users/anuradharaman/eclipse-workspace/Anu/KFAPITestAutomation/target/test-classes/listAllFlows.json#&quot;,&quot;pointer&quot;:&quot;/items/properties/SharedWith/items/properties/_modified_by/properties/Kind&quot;}
    domain: &quot;syntax&quot;
    ignored: [&quot;$id&quot;,&quot;examples&quot;]
warning: the following keywords are unknown and will be ignored: [$id, examples]
    level: &quot;warning&quot;
    schema: {&quot;loadingURI&quot;:&quot;file:/Users/anuradharaman/eclipse-workspace/Anu/KFAPITestAutomation/target/test-classes/listAllFlows.json#&quot;,&quot;pointer&quot;:&quot;/items/properties/SharedWith/items/properties/_modified_by/properties/Name&quot;}
    domain: &quot;syntax&quot;
    ignored: [&quot;$id&quot;,&quot;examples&quot;]
warning: the following keywords are unknown and will be ignored: [$id, examples]
    level: &quot;warning&quot;
    schema: {&quot;loadingURI&quot;:&quot;file:/Users/anuradharaman/eclipse-workspace/Anu/KFAPITestAutomation/target/test-classes/listAllFlows.json#&quot;,&quot;pointer&quot;:&quot;/items/properties/SharedWith/items/properties/_modified_by/properties/_id&quot;}
    domain: &quot;syntax&quot;
    ignored: [&quot;$id&quot;,&quot;examples&quot;]
warning: the following keywords are unknown and will be ignored: [$id, examples]
    level: &quot;warning&quot;
    schema: {&quot;loadingURI&quot;:&quot;file:/Users/anuradharaman/eclipse-workspace/Anu/KFAPITestAutomation/target/test-classes/listAllFlows.json#&quot;,&quot;pointer&quot;:&quot;/items/properties/SharedWith/items&quot;}
    domain: &quot;syntax&quot;
    ignored: [&quot;$id&quot;,&quot;examples&quot;]
warning: the following keywords are unknown and will be ignored: [$id, examples]
    level: &quot;warning&quot;
    schema: {&quot;loadingURI&quot;:&quot;file:/Users/anuradharaman/eclipse-workspace/Anu/KFAPITestAutomation/target/test-classes/listAllFlows.json#&quot;,&quot;pointer&quot;:&quot;/items/properties/SharedWith/items/properties/Kind&quot;}
    domain: &quot;syntax&quot;
    ignored: [&quot;$id&quot;,&quot;examples&quot;]
warning: the following keywords are unknown and will be ignored: [$id, examples]
    level: &quot;warning&quot;
    schema: {&quot;loadingURI&quot;:&quot;file:/Users/anuradharaman/eclipse-workspace/Anu/KFAPITestAutomation/target/test-classes/listAllFlows.json#&quot;,&quot;pointer&quot;:&quot;/items/properties/SharedWith/items/properties/Name&quot;}
    domain: &quot;syntax&quot;
    ignored: [&quot;$id&quot;,&quot;examples&quot;]
warning: the following keywords are unknown and will be ignored: [$id]
    level: &quot;warning&quot;
    schema: {&quot;loadingURI&quot;:&quot;file:/Users/anuradharaman/eclipse-workspace/Anu/KFAPITestAutomation/target/test-classes/listAllFlows.json#&quot;,&quot;pointer&quot;:&quot;/items/properties/SharedWith/items/properties/Permission&quot;}
    domain: &quot;syntax&quot;
    ignored: [&quot;$id&quot;]
warning: the following keywords are unknown and will be ignored: [$id, examples]
    level: &quot;warning&quot;
    schema: {&quot;loadingURI&quot;:&quot;file:/Users/anuradharaman/eclipse-workspace/Anu/KFAPITestAutomation/target/test-classes/listAllFlows.json#&quot;,&quot;pointer&quot;:&quot;/items/properties/SharedWith/items/properties/Permission/items&quot;}
    domain: &quot;syntax&quot;
    ignored: [&quot;$id&quot;,&quot;examples&quot;]
warning: the following keywords are unknown and will be ignored: [$id, examples]
    level: &quot;warning&quot;
    schema: {&quot;loadingURI&quot;:&quot;file:/Users/anuradharaman/eclipse-workspace/Anu/KFAPITestAutomation/target/test-classes/listAllFlows.json#&quot;,&quot;pointer&quot;:&quot;/items/properties/SharedWith/items/properties/_created_at&quot;}
    domain: &quot;syntax&quot;
    ignored: [&quot;$id&quot;,&quot;examples&quot;]
warning: the following keywords are unknown and will be ignored: [$id, examples]
    level: &quot;warning&quot;
    schema: {&quot;loadingURI&quot;:&quot;file:/Users/anuradharaman/eclipse-workspace/Anu/KFAPITestAutomation/target/test-classes/listAllFlows.json#&quot;,&quot;pointer&quot;:&quot;/items/properties/SharedWith/items/properties/_created_by&quot;}
    domain: &quot;syntax&quot;
    ignored: [&quot;$id&quot;,&quot;examples&quot;]
warning: the following keywords are unknown and will be ignored: [$id, examples]
    level: &quot;warning&quot;
    schema: {&quot;loadingURI&quot;:&quot;file:/Users/anuradharaman/eclipse-workspace/Anu/KFAPITestAutomation/target/test-classes/listAllFlows.json#&quot;,&quot;pointer&quot;:&quot;/items/properties/SharedWith/items/properties/_created_by/properties/Kind&quot;}
    domain: &quot;syntax&quot;
    ignored: [&quot;$id&quot;,&quot;examples&quot;]
warning: the following keywords are unknown and will be ignored: [$id, examples]
    level: &quot;warning&quot;
    schema: {&quot;loadingURI&quot;:&quot;file:/Users/anuradharaman/eclipse-workspace/Anu/KFAPITestAutomation/target/test-classes/listAllFlows.json#&quot;,&quot;pointer&quot;:&quot;/items/properties/SharedWith/items/properties/_created_by/properties/Name&quot;}
    domain: &quot;syntax&quot;
    ignored: [&quot;$id&quot;,&quot;examples&quot;]
warning: the following keywords are unknown and will be ignored: [$id, examples]
    level: &quot;warning&quot;
    schema: {&quot;loadingURI&quot;:&quot;file:/Users/anuradharaman/eclipse-workspace/Anu/KFAPITestAutomation/target/test-classes/listAllFlows.json#&quot;,&quot;pointer&quot;:&quot;/items/properties/SharedWith/items/properties/_created_by/properties/_id&quot;}
    domain: &quot;syntax&quot;
    ignored: [&quot;$id&quot;,&quot;examples&quot;]
warning: the following keywords are unknown and will be ignored: [$id, examples]
    level: &quot;warning&quot;
    schema: {&quot;loadingURI&quot;:&quot;file:/Users/anuradharaman/eclipse-workspace/Anu/KFAPITestAutomation/target/test-classes/listAllFlows.json#&quot;,&quot;pointer&quot;:&quot;/items/properties/SharedWith/items/properties/_id&quot;}
    domain: &quot;syntax&quot;
    ignored: [&quot;$id&quot;,&quot;examples&quot;]
warning: the following keywords are unknown and will be ignored: [$id, examples]
    level: &quot;warning&quot;
    schema: {&quot;loadingURI&quot;:&quot;file:/Users/anuradharaman/eclipse-workspace/Anu/KFAPITestAutomation/target/test-classes/listAllFlows.json#&quot;,&quot;pointer&quot;:&quot;/items/properties/SharedWith/items/properties/_modified_at&quot;}
    domain: &quot;syntax&quot;
    ignored: [&quot;$id&quot;,&quot;examples&quot;]
warning: the following keywords are unknown and will be ignored: [$id, examples]
    level: &quot;warning&quot;
    schema: {&quot;loadingURI&quot;:&quot;file:/Users/anuradharaman/eclipse-workspace/Anu/KFAPITestAutomation/target/test-classes/listAllFlows.json#&quot;,&quot;pointer&quot;:&quot;/items/properties/SharedWith/items/properties/_modified_by&quot;}
    domain: &quot;syntax&quot;
    ignored: [&quot;$id&quot;,&quot;examples&quot;]
warning: the following keywords are unknown and will be ignored: [$id, examples]
    level: &quot;warning&quot;
    schema: {&quot;loadingURI&quot;:&quot;file:/Users/anuradharaman/eclipse-workspace/Anu/KFAPITestAutomation/target/test-classes/listAllFlows.json#&quot;,&quot;pointer&quot;:&quot;/items/properties/SharedWith/items/properties/_modified_by/properties/Kind&quot;}
    domain: &quot;syntax&quot;
    ignored: [&quot;$id&quot;,&quot;examples&quot;]
warning: the following keywords are unknown and will be ignored: [$id, examples]
    level: &quot;warning&quot;
    schema: {&quot;loadingURI&quot;:&quot;file:/Users/anuradharaman/eclipse-workspace/Anu/KFAPITestAutomation/target/test-classes/listAllFlows.json#&quot;,&quot;pointer&quot;:&quot;/items/properties/SharedWith/items/properties/_modified_by/properties/Name&quot;}
    domain: &quot;syntax&quot;
    ignored: [&quot;$id&quot;,&quot;examples&quot;]
warning: the following keywords are unknown and will be ignored: [$id, examples]
    level: &quot;warning&quot;
    schema: {&quot;loadingURI&quot;:&quot;file:/Users/anuradharaman/eclipse-workspace/Anu/KFAPITestAutomation/target/test-classes/listAllFlows.json#&quot;,&quot;pointer&quot;:&quot;/items/properties/SharedWith/items/properties/_modified_by/properties/_id&quot;}
    domain: &quot;syntax&quot;
    ignored: [&quot;$id&quot;,&quot;examples&quot;]
warning: the following keywords are unknown and will be ignored: [$id, examples]
    level: &quot;warning&quot;
    schema: {&quot;loadingURI&quot;:&quot;file:/Users/anuradharaman/eclipse-workspace/Anu/KFAPITestAutomation/target/test-classes/listAllFlows.json#&quot;,&quot;pointer&quot;:&quot;/items/properties/SharedWith/items/properties/Kind&quot;}
    domain: &quot;syntax&quot;
    ignored: [&quot;$id&quot;,&quot;examples&quot;]
warning: the following keywords are unknown and will be ignored: [$id, examples]
    level: &quot;warning&quot;
    schema: {&quot;loadingURI&quot;:&quot;file:/Users/anuradharaman/eclipse-workspace/Anu/KFAPITestAutomation/target/test-classes/listAllFlows.json#&quot;,&quot;pointer&quot;:&quot;/items/properties/SharedWith/items/properties/Name&quot;}
    domain: &quot;syntax&quot;
    ignored: [&quot;$id&quot;,&quot;examples&quot;]
warning: the following keywords are unknown and will be ignored: [$id]
    level: &quot;warning&quot;
    schema: {&quot;loadingURI&quot;:&quot;file:/Users/anuradharaman/eclipse-workspace/Anu/KFAPITestAutomation/target/test-classes/listAllFlows.json#&quot;,&quot;pointer&quot;:&quot;/items/properties/SharedWith/items/properties/Permission&quot;}
    domain: &quot;syntax&quot;
    ignored: [&quot;$id&quot;]
warning: the following keywords are unknown and will be ignored: [$id, examples]
    level: &quot;warning&quot;
    schema: {&quot;loadingURI&quot;:&quot;file:/Users/anuradharaman/eclipse-workspace/Anu/KFAPITestAutomation/target/test-classes/listAllFlows.json#&quot;,&quot;pointer&quot;:&quot;/items/properties/SharedWith/items/properties/Permission/items&quot;}
    domain: &quot;syntax&quot;
    ignored: [&quot;$id&quot;,&quot;examples&quot;]
warning: the following keywords are unknown and will be ignored: [$id, examples]
    level: &quot;warning&quot;
    schema: {&quot;loadingURI&quot;:&quot;file:/Users/anuradharaman/eclipse-workspace/Anu/KFAPITestAutomation/target/test-classes/listAllFlows.json#&quot;,&quot;pointer&quot;:&quot;/items/properties/SharedWith/items/properties/Permission/items&quot;}
    domain: &quot;syntax&quot;
    ignored: [&quot;$id&quot;,&quot;examples&quot;]
warning: the following keywords are unknown and will be ignored: [$id, examples]
    level: &quot;warning&quot;
    schema: {&quot;loadingURI&quot;:&quot;file:/Users/anuradharaman/eclipse-workspace/Anu/KFAPITestAutomation/target/test-classes/listAllFlows.json#&quot;,&quot;pointer&quot;:&quot;/items/properties/SharedWith/items/properties/Permission/items&quot;}
    domain: &quot;syntax&quot;
    ignored: [&quot;$id&quot;,&quot;examples&quot;]
warning: the following keywords are unknown and will be ignored: [$id, examples]
    level: &quot;warning&quot;
    schema: {&quot;loadingURI&quot;:&quot;file:/Users/anuradharaman/eclipse-workspace/Anu/KFAPITestAutomation/target/test-classes/listAllFlows.json#&quot;,&quot;pointer&quot;:&quot;/items/properties/SharedWith/items/properties/Permission/items&quot;}
    domain: &quot;syntax&quot;
    ignored: [&quot;$id&quot;,&quot;examples&quot;]
warning: the following keywords are unknown and will be ignored: [$id, examples]
    level: &quot;warning&quot;
    schema: {&quot;loadingURI&quot;:&quot;file:/Users/anuradharaman/eclipse-workspace/Anu/KFAPITestAutomation/target/test-classes/listAllFlows.json#&quot;,&quot;pointer&quot;:&quot;/items/properties/SharedWith/items/properties/_created_at&quot;}
    domain: &quot;syntax&quot;
    ignored: [&quot;$id&quot;,&quot;examples&quot;]
warning: the following keywords are unknown and will be ignored: [$id, examples]
    level: &quot;warning&quot;
    schema: {&quot;loadingURI&quot;:&quot;file:/Users/anuradharaman/eclipse-workspace/Anu/KFAPITestAutomation/target/test-classes/listAllFlows.json#&quot;,&quot;pointer&quot;:&quot;/items/properties/SharedWith/items/properties/_created_by&quot;}
    domain: &quot;syntax&quot;
    ignored: [&quot;$id&quot;,&quot;examples&quot;]
warning: the following keywords are unknown and will be ignored: [$id, examples]
    level: &quot;warning&quot;
    schema: {&quot;loadingURI&quot;:&quot;file:/Users/anuradharaman/eclipse-workspace/Anu/KFAPITestAutomation/target/test-classes/listAllFlows.json#&quot;,&quot;pointer&quot;:&quot;/items/properties/SharedWith/items/properties/_created_by/properties/Kind&quot;}
    domain: &quot;syntax&quot;
    ignored: [&quot;$id&quot;,&quot;examples&quot;]
warning: the following keywords are unknown and will be ignored: [$id, examples]
    level: &quot;warning&quot;
    schema: {&quot;loadingURI&quot;:&quot;file:/Users/anuradharaman/eclipse-workspace/Anu/KFAPITestAutomation/target/test-classes/listAllFlows.json#&quot;,&quot;pointer&quot;:&quot;/items/properties/SharedWith/items/properties/_created_by/properties/Name&quot;}
    domain: &quot;syntax&quot;
    ignored: [&quot;$id&quot;,&quot;examples&quot;]
warning: the following keywords are unknown and will be ignored: [$id, examples]
    level: &quot;warning&quot;
    schema: {&quot;loadingURI&quot;:&quot;file:/Users/anuradharaman/eclipse-workspace/Anu/KFAPITestAutomation/target/test-classes/listAllFlows.json#&quot;,&quot;pointer&quot;:&quot;/items/properties/SharedWith/items/properties/_created_by/properties/_id&quot;}
    domain: &quot;syntax&quot;
    ignored: [&quot;$id&quot;,&quot;examples&quot;]
warning: the following keywords are unknown and will be ignored: [$id, examples]
    level: &quot;warning&quot;
    schema: {&quot;loadingURI&quot;:&quot;file:/Users/anuradharaman/eclipse-workspace/Anu/KFAPITestAutomation/target/test-classes/listAllFlows.json#&quot;,&quot;pointer&quot;:&quot;/items/properties/SharedWith/items/properties/_created_by/properties/Kind&quot;}
    domain: &quot;syntax&quot;
    ignored: [&quot;$id&quot;,&quot;examples&quot;]
warning: the following keywords are unknown and will be ignored: [$id, examples]
    level: &quot;warning&quot;
    schema: {&quot;loadingURI&quot;:&quot;file:/Users/anuradharaman/eclipse-workspace/Anu/KFAPITestAutomation/target/test-classes/listAllFlows.json#&quot;,&quot;pointer&quot;:&quot;/items/properties/SharedWith/items/properties/_created_by/properties/Name&quot;}
    domain: &quot;syntax&quot;
    ignored: [&quot;$id&quot;,&quot;examples&quot;]
warning: the following keywords are unknown and will be ignored: [$id, examples]
    level: &quot;warning&quot;
    schema: {&quot;loadingURI&quot;:&quot;file:/Users/anuradharaman/eclipse-workspace/Anu/KFAPITestAutomation/target/test-classes/listAllFlows.json#&quot;,&quot;pointer&quot;:&quot;/items/properties/SharedWith/items/properties/_created_by/properties/_id&quot;}
    domain: &quot;syntax&quot;
    ignored: [&quot;$id&quot;,&quot;examples&quot;]
warning: the following keywords are unknown and will be ignored: [$id, examples]
    level: &quot;warning&quot;
    schema: {&quot;loadingURI&quot;:&quot;file:/Users/anuradharaman/eclipse-workspace/Anu/KFAPITestAutomation/target/test-classes/listAllFlows.json#&quot;,&quot;pointer&quot;:&quot;/items/properties/SharedWith/items/properties/_id&quot;}
    domain: &quot;syntax&quot;
    ignored: [&quot;$id&quot;,&quot;examples&quot;]
warning: the following keywords are unknown and will be ignored: [$id, examples]
    level: &quot;warning&quot;
    schema: {&quot;loadingURI&quot;:&quot;file:/Users/anuradharaman/eclipse-workspace/Anu/KFAPITestAutomation/target/test-classes/listAllFlows.json#&quot;,&quot;pointer&quot;:&quot;/items/properties/SharedWith/items/properties/_modified_at&quot;}
    domain: &quot;syntax&quot;
    ignored: [&quot;$id&quot;,&quot;examples&quot;]
warning: the following keywords are unknown and will be ignored: [$id, examples]
    level: &quot;warning&quot;
    schema: {&quot;loadingURI&quot;:&quot;file:/Users/anuradharaman/eclipse-workspace/Anu/KFAPITestAutomation/target/test-classes/listAllFlows.json#&quot;,&quot;pointer&quot;:&quot;/items/properties/SharedWith/items/properties/_modified_by&quot;}
    domain: &quot;syntax&quot;
    ignored: [&quot;$id&quot;,&quot;examples&quot;]
warning: the following keywords are unknown and will be ignored: [$id, examples]
    level: &quot;warning&quot;
    schema: {&quot;loadingURI&quot;:&quot;file:/Users/anuradharaman/eclipse-workspace/Anu/KFAPITestAutomation/target/test-classes/listAllFlows.json#&quot;,&quot;pointer&quot;:&quot;/items/properties/SharedWith/items/properties/_modified_by/properties/Kind&quot;}
    domain: &quot;syntax&quot;
    ignored: [&quot;$id&quot;,&quot;examples&quot;]
warning: the following keywords are unknown and will be ignored: [$id, examples]
    level: &quot;warning&quot;
    schema: {&quot;loadingURI&quot;:&quot;file:/Users/anuradharaman/eclipse-workspace/Anu/KFAPITestAutomation/target/test-classes/listAllFlows.json#&quot;,&quot;pointer&quot;:&quot;/items/properties/SharedWith/items/properties/_modified_by/properties/Name&quot;}
    domain: &quot;syntax&quot;
    ignored: [&quot;$id&quot;,&quot;examples&quot;]
warning: the following keywords are unknown and will be ignored: [$id, examples]
    level: &quot;warning&quot;
    schema: {&quot;loadingURI&quot;:&quot;file:/Users/anuradharaman/eclipse-workspace/Anu/KFAPITestAutomation/target/test-classes/listAllFlows.json#&quot;,&quot;pointer&quot;:&quot;/items/properties/SharedWith/items/properties/_modified_by/properties/_id&quot;}
    domain: &quot;syntax&quot;
    ignored: [&quot;$id&quot;,&quot;examples&quot;]
warning: the following keywords are unknown and will be ignored: [$id, examples]
    level: &quot;warning&quot;
    schema: {&quot;loadingURI&quot;:&quot;file:/Users/anuradharaman/eclipse-workspace/Anu/KFAPITestAutomation/target/test-classes/listAllFlows.json#&quot;,&quot;pointer&quot;:&quot;/items/properties/SharedWith/items/properties/_modified_by/properties/Kind&quot;}
    domain: &quot;syntax&quot;
    ignored: [&quot;$id&quot;,&quot;examples&quot;]
warning: the following keywords are unknown and will be ignored: [$id, examples]
    level: &quot;warning&quot;
    schema: {&quot;loadingURI&quot;:&quot;file:/Users/anuradharaman/eclipse-workspace/Anu/KFAPITestAutomation/target/test-classes/listAllFlows.json#&quot;,&quot;pointer&quot;:&quot;/items/properties/SharedWith/items/properties/_modified_by/properties/Name&quot;}
    domain: &quot;syntax&quot;
    ignored: [&quot;$id&quot;,&quot;examples&quot;]
warning: the following keywords are unknown and will be ignored: [$id, examples]
    level: &quot;warning&quot;
    schema: {&quot;loadingURI&quot;:&quot;file:/Users/anuradharaman/eclipse-workspace/Anu/KFAPITestAutomation/target/test-classes/listAllFlows.json#&quot;,&quot;pointer&quot;:&quot;/items/properties/SharedWith/items/properties/_modified_by/properties/_id&quot;}
    domain: &quot;syntax&quot;
    ignored: [&quot;$id&quot;,&quot;examples&quot;]
warning: the following keywords are unknown and will be ignored: [$id, examples]
    level: &quot;warning&quot;
    schema: {&quot;loadingURI&quot;:&quot;file:/Users/anuradharaman/eclipse-workspace/Anu/KFAPITestAutomation/target/test-classes/listAllFlows.json#&quot;,&quot;pointer&quot;:&quot;/items/properties/SharedWith/items&quot;}
    domain: &quot;syntax&quot;
    ignored: [&quot;$id&quot;,&quot;examples&quot;]
warning: the following keywords are unknown and will be ignored: [$id, examples]
    level: &quot;warning&quot;
    schema: {&quot;loadingURI&quot;:&quot;file:/Users/anuradharaman/eclipse-workspace/Anu/KFAPITestAutomation/target/test-classes/listAllFlows.json#&quot;,&quot;pointer&quot;:&quot;/items/properties/SharedWith/items/properties/Kind&quot;}
    domain: &quot;syntax&quot;
    ignored: [&quot;$id&quot;,&quot;examples&quot;]
warning: the following keywords are unknown and will be ignored: [$id, examples]
    level: &quot;warning&quot;
    schema: {&quot;loadingURI&quot;:&quot;file:/Users/anuradharaman/eclipse-workspace/Anu/KFAPITestAutomation/target/test-classes/listAllFlows.json#&quot;,&quot;pointer&quot;:&quot;/items/properties/SharedWith/items/properties/Name&quot;}
    domain: &quot;syntax&quot;
    ignored: [&quot;$id&quot;,&quot;examples&quot;]
warning: the following keywords are unknown and will be ignored: [$id]
    level: &quot;warning&quot;
    schema: {&quot;loadingURI&quot;:&quot;file:/Users/anuradharaman/eclipse-workspace/Anu/KFAPITestAutomation/target/test-classes/listAllFlows.json#&quot;,&quot;pointer&quot;:&quot;/items/properties/SharedWith/items/properties/Permission&quot;}
    domain: &quot;syntax&quot;
    ignored: [&quot;$id&quot;]
warning: the following keywords are unknown and will be ignored: [$id, examples]
    level: &quot;warning&quot;
    schema: {&quot;loadingURI&quot;:&quot;file:/Users/anuradharaman/eclipse-workspace/Anu/KFAPITestAutomation/target/test-classes/listAllFlows.json#&quot;,&quot;pointer&quot;:&quot;/items/properties/SharedWith/items/properties/Permission/items&quot;}
    domain: &quot;syntax&quot;
    ignored: [&quot;$id&quot;,&quot;examples&quot;]
warning: the following keywords are unknown and will be ignored: [$id, examples]
    level: &quot;warning&quot;
    schema: {&quot;loadingURI&quot;:&quot;file:/Users/anuradharaman/eclipse-workspace/Anu/KFAPITestAutomation/target/test-classes/listAllFlows.json#&quot;,&quot;pointer&quot;:&quot;/items/properties/SharedWith/items/properties/_created_at&quot;}
    domain: &quot;syntax&quot;
    ignored: [&quot;$id&quot;,&quot;examples&quot;]
warning: the following keywords are unknown and will be ignored: [$id, examples]
    level: &quot;warning&quot;
    schema: {&quot;loadingURI&quot;:&quot;file:/Users/anuradharaman/eclipse-workspace/Anu/KFAPITestAutomation/target/test-classes/listAllFlows.json#&quot;,&quot;pointer&quot;:&quot;/items/properties/SharedWith/items/properties/_created_by&quot;}
    domain: &quot;syntax&quot;
    ignored: [&quot;$id&quot;,&quot;examples&quot;]
warning: the following keywords are unknown and will be ignored: [$id, examples]
    level: &quot;warning&quot;
    schema: {&quot;loadingURI&quot;:&quot;file:/Users/anuradharaman/eclipse-workspace/Anu/KFAPITestAutomation/target/test-classes/listAllFlows.json#&quot;,&quot;pointer&quot;:&quot;/items/properties/SharedWith/items/properties/_created_by/properties/Kind&quot;}
    domain: &quot;syntax&quot;
    ignored: [&quot;$id&quot;,&quot;examples&quot;]
warning: the following keywords are unknown and will be ignored: [$id, examples]
    level: &quot;warning&quot;
    schema: {&quot;loadingURI&quot;:&quot;file:/Users/anuradharaman/eclipse-workspace/Anu/KFAPITestAutomation/target/test-classes/listAllFlows.json#&quot;,&quot;pointer&quot;:&quot;/items/properties/SharedWith/items/properties/_created_by/properties/Name&quot;}
    domain: &quot;syntax&quot;
    ignored: [&quot;$id&quot;,&quot;examples&quot;]
warning: the following keywords are unknown and will be ignored: [$id, examples]
    level: &quot;warning&quot;
    schema: {&quot;loadingURI&quot;:&quot;file:/Users/anuradharaman/eclipse-workspace/Anu/KFAPITestAutomation/target/test-classes/listAllFlows.json#&quot;,&quot;pointer&quot;:&quot;/items/properties/SharedWith/items/properties/_created_by/properties/_id&quot;}
    domain: &quot;syntax&quot;
    ignored: [&quot;$id&quot;,&quot;examples&quot;]
warning: the following keywords are unknown and will be ignored: [$id, examples]
    level: &quot;warning&quot;
    schema: {&quot;loadingURI&quot;:&quot;file:/Users/anuradharaman/eclipse-workspace/Anu/KFAPITestAutomation/target/test-classes/listAllFlows.json#&quot;,&quot;pointer&quot;:&quot;/items/properties/SharedWith/items/properties/_id&quot;}
    domain: &quot;syntax&quot;
    ignored: [&quot;$id&quot;,&quot;examples&quot;]
warning: the following keywords are unknown and will be ignored: [$id, examples]
    level: &quot;warning&quot;
    schema: {&quot;loadingURI&quot;:&quot;file:/Users/anuradharaman/eclipse-workspace/Anu/KFAPITestAutomation/target/test-classes/listAllFlows.json#&quot;,&quot;pointer&quot;:&quot;/items/properties/SharedWith/items/properties/_modified_at&quot;}
    domain: &quot;syntax&quot;
    ignored: [&quot;$id&quot;,&quot;examples&quot;]
warning: the following keywords are unknown and will be ignored: [$id, examples]
    level: &quot;warning&quot;
    schema: {&quot;loadingURI&quot;:&quot;file:/Users/anuradharaman/eclipse-workspace/Anu/KFAPITestAutomation/target/test-classes/listAllFlows.json#&quot;,&quot;pointer&quot;:&quot;/items/properties/SharedWith/items/properties/_modified_by&quot;}
    domain: &quot;syntax&quot;
    ignored: [&quot;$id&quot;,&quot;examples&quot;]
warning: the following keywords are unknown and will be ignored: [$id, examples]
    level: &quot;warning&quot;
    schema: {&quot;loadingURI&quot;:&quot;file:/Users/anuradharaman/eclipse-workspace/Anu/KFAPITestAutomation/target/test-classes/listAllFlows.json#&quot;,&quot;pointer&quot;:&quot;/items/properties/SharedWith/items/properties/_modified_by/properties/Kind&quot;}
    domain: &quot;syntax&quot;
    ignored: [&quot;$id&quot;,&quot;examples&quot;]
warning: the following keywords are unknown and will be ignored: [$id, examples]
    level: &quot;warning&quot;
    schema: {&quot;loadingURI&quot;:&quot;file:/Users/anuradharaman/eclipse-workspace/Anu/KFAPITestAutomation/target/test-classes/listAllFlows.json#&quot;,&quot;pointer&quot;:&quot;/items/properties/SharedWith/items/properties/_modified_by/properties/Name&quot;}
    domain: &quot;syntax&quot;
    ignored: [&quot;$id&quot;,&quot;examples&quot;]
warning: the following keywords are unknown and will be ignored: [$id, examples]
    level: &quot;warning&quot;
    schema: {&quot;loadingURI&quot;:&quot;file:/Users/anuradharaman/eclipse-workspace/Anu/KFAPITestAutomation/target/test-classes/listAllFlows.json#&quot;,&quot;pointer&quot;:&quot;/items/properties/SharedWith/items/properties/_modified_by/properties/_id&quot;}
    domain: &quot;syntax&quot;
    ignored: [&quot;$id&quot;,&quot;examples&quot;]
warning: the following keywords are unknown and will be ignored: [$id, examples]
    level: &quot;warning&quot;
    schema: {&quot;loadingURI&quot;:&quot;file:/Users/anuradharaman/eclipse-workspace/Anu/KFAPITestAutomation/target/test-classes/listAllFlows.json#&quot;,&quot;pointer&quot;:&quot;/items/properties/SharedWith/items/properties/Kind&quot;}
    domain: &quot;syntax&quot;
    ignored: [&quot;$id&quot;,&quot;examples&quot;]
warning: the following keywords are unknown and will be ignored: [$id, examples]
    level: &quot;warning&quot;
    schema: {&quot;loadingURI&quot;:&quot;file:/Users/anuradharaman/eclipse-workspace/Anu/KFAPITestAutomation/target/test-classes/listAllFlows.json#&quot;,&quot;pointer&quot;:&quot;/items/properties/SharedWith/items/properties/Name&quot;}
    domain: &quot;syntax&quot;
    ignored: [&quot;$id&quot;,&quot;examples&quot;]
warning: the following keywords are unknown and will be ignored: [$id]
    level: &quot;warning&quot;
    schema: {&quot;loadingURI&quot;:&quot;file:/Users/anuradharaman/eclipse-workspace/Anu/KFAPITestAutomation/target/test-classes/listAllFlows.json#&quot;,&quot;pointer&quot;:&quot;/items/properties/SharedWith/items/properties/Permission&quot;}
    domain: &quot;syntax&quot;
    ignored: [&quot;$id&quot;]
warning: the following keywords are unknown and will be ignored: [$id, examples]
    level: &quot;warning&quot;
    schema: {&quot;loadingURI&quot;:&quot;file:/Users/anuradharaman/eclipse-workspace/Anu/KFAPITestAutomation/target/test-classes/listAllFlows.json#&quot;,&quot;pointer&quot;:&quot;/items/properties/SharedWith/items/properties/Permission/items&quot;}
    domain: &quot;syntax&quot;
    ignored: [&quot;$id&quot;,&quot;examples&quot;]
warning: the following keywords are unknown and will be ignored: [$id, examples]
    level: &quot;warning&quot;
    schema: {&quot;loadingURI&quot;:&quot;file:/Users/anuradharaman/eclipse-workspace/Anu/KFAPITestAutomation/target/test-classes/listAllFlows.json#&quot;,&quot;pointer&quot;:&quot;/items/properties/SharedWith/items/properties/Permission/items&quot;}
    domain: &quot;syntax&quot;
    ignored: [&quot;$id&quot;,&quot;examples&quot;]
warning: the following keywords are unknown and will be ignored: [$id, examples]
    level: &quot;warning&quot;
    schema: {&quot;loadingURI&quot;:&quot;file:/Users/anuradharaman/eclipse-workspace/Anu/KFAPITestAutomation/target/test-classes/listAllFlows.json#&quot;,&quot;pointer&quot;:&quot;/items/properties/SharedWith/items/properties/_created_at&quot;}
    domain: &quot;syntax&quot;
    ignored: [&quot;$id&quot;,&quot;examples&quot;]
warning: the following keywords are unknown and will be ignored: [$id, examples]
    level: &quot;warning&quot;
    schema: {&quot;loadingURI&quot;:&quot;file:/Users/anuradharaman/eclipse-workspace/Anu/KFAPITestAutomation/target/test-classes/listAllFlows.json#&quot;,&quot;pointer&quot;:&quot;/items/properties/SharedWith/items/properties/_created_by&quot;}
    domain: &quot;syntax&quot;
    ignored: [&quot;$id&quot;,&quot;examples&quot;]
warning: the following keywords are unknown and will be ignored: [$id, examples]
    level: &quot;warning&quot;
    schema: {&quot;loadingURI&quot;:&quot;file:/Users/anuradharaman/eclipse-workspace/Anu/KFAPITestAutomation/target/test-classes/listAllFlows.json#&quot;,&quot;pointer&quot;:&quot;/items/properties/SharedWith/items/properties/_created_by/properties/Kind&quot;}
    domain: &quot;syntax&quot;
    ignored: [&quot;$id&quot;,&quot;examples&quot;]
warning: the following keywords are unknown and will be ignored: [$id, examples]
    level: &quot;warning&quot;
    schema: {&quot;loadingURI&quot;:&quot;file:/Users/anuradharaman/eclipse-workspace/Anu/KFAPITestAutomation/target/test-classes/listAllFlows.json#&quot;,&quot;pointer&quot;:&quot;/items/properties/SharedWith/items/properties/_created_by/properties/Name&quot;}
    domain: &quot;syntax&quot;
    ignored: [&quot;$id&quot;,&quot;examples&quot;]
warning: the following keywords are unknown and will be ignored: [$id, examples]
    level: &quot;warning&quot;
    schema: {&quot;loadingURI&quot;:&quot;file:/Users/anuradharaman/eclipse-workspace/Anu/KFAPITestAutomation/target/test-classes/listAllFlows.json#&quot;,&quot;pointer&quot;:&quot;/items/properties/SharedWith/items/properties/_created_by/properties/_id&quot;}
    domain: &quot;syntax&quot;
    ignored: [&quot;$id&quot;,&quot;examples&quot;]
warning: the following keywords are unknown and will be ignored: [$id, examples]
    level: &quot;warning&quot;
    schema: {&quot;loadingURI&quot;:&quot;file:/Users/anuradharaman/eclipse-workspace/Anu/KFAPITestAutomation/target/test-classes/listAllFlows.json#&quot;,&quot;pointer&quot;:&quot;/items/properties/SharedWith/items/properties/_created_by/properties/Kind&quot;}
    domain: &quot;syntax&quot;
    ignored: [&quot;$id&quot;,&quot;examples&quot;]
warning: the following keywords are unknown and will be ignored: [$id, examples]
    level: &quot;warning&quot;
    schema: {&quot;loadingURI&quot;:&quot;file:/Users/anuradharaman/eclipse-workspace/Anu/KFAPITestAutomation/target/test-classes/listAllFlows.json#&quot;,&quot;pointer&quot;:&quot;/items/properties/SharedWith/items/properties/_created_by/properties/Name&quot;}
    domain: &quot;syntax&quot;
    ignored: [&quot;$id&quot;,&quot;examples&quot;]
warning: the following keywords are unknown and will be ignored: [$id, examples]
    level: &quot;warning&quot;
    schema: {&quot;loadingURI&quot;:&quot;file:/Users/anuradharaman/eclipse-workspace/Anu/KFAPITestAutomation/target/test-classes/listAllFlows.json#&quot;,&quot;pointer&quot;:&quot;/items/properties/SharedWith/items/properties/_created_by/properties/_id&quot;}
    domain: &quot;syntax&quot;
    ignored: [&quot;$id&quot;,&quot;examples&quot;]
warning: the following keywords are unknown and will be ignored: [$id, examples]
    level: &quot;warning&quot;
    schema: {&quot;loadingURI&quot;:&quot;file:/Users/anuradharaman/eclipse-workspace/Anu/KFAPITestAutomation/target/test-classes/listAllFlows.json#&quot;,&quot;pointer&quot;:&quot;/items/properties/SharedWith/items/properties/_id&quot;}
    domain: &quot;syntax&quot;
    ignored: [&quot;$id&quot;,&quot;examples&quot;]
warning: the following keywords are unknown and will be ignored: [$id, examples]
    level: &quot;warning&quot;
    schema: {&quot;loadingURI&quot;:&quot;file:/Users/anuradharaman/eclipse-workspace/Anu/KFAPITestAutomation/target/test-classes/listAllFlows.json#&quot;,&quot;pointer&quot;:&quot;/items/properties/SharedWith/items/properties/_modified_at&quot;}
    domain: &quot;syntax&quot;
    ignored: [&quot;$id&quot;,&quot;examples&quot;]
warning: the following keywords are unknown and will be ignored: [$id, examples]
    level: &quot;warning&quot;
    schema: {&quot;loadingURI&quot;:&quot;file:/Users/anuradharaman/eclipse-workspace/Anu/KFAPITestAutomation/target/test-classes/listAllFlows.json#&quot;,&quot;pointer&quot;:&quot;/items/properties/SharedWith/items/properties/_modified_by&quot;}
    domain: &quot;syntax&quot;
    ignored: [&quot;$id&quot;,&quot;examples&quot;]
warning: the following keywords are unknown and will be ignored: [$id, examples]
    level: &quot;warning&quot;
    schema: {&quot;loadingURI&quot;:&quot;file:/Users/anuradharaman/eclipse-workspace/Anu/KFAPITestAutomation/target/test-classes/listAllFlows.json#&quot;,&quot;pointer&quot;:&quot;/items/properties/SharedWith/items/properties/_modified_by/properties/Kind&quot;}
    domain: &quot;syntax&quot;
    ignored: [&quot;$id&quot;,&quot;examples&quot;]
warning: the following keywords are unknown and will be ignored: [$id, examples]
    level: &quot;warning&quot;
    schema: {&quot;loadingURI&quot;:&quot;file:/Users/anuradharaman/eclipse-workspace/Anu/KFAPITestAutomation/target/test-classes/listAllFlows.json#&quot;,&quot;pointer&quot;:&quot;/items/properties/SharedWith/items/properties/_modified_by/properties/Name&quot;}
    domain: &quot;syntax&quot;
    ignored: [&quot;$id&quot;,&quot;examples&quot;]
warning: the following keywords are unknown and will be ignored: [$id, examples]
    level: &quot;warning&quot;
    schema: {&quot;loadingURI&quot;:&quot;file:/Users/anuradharaman/eclipse-workspace/Anu/KFAPITestAutomation/target/test-classes/listAllFlows.json#&quot;,&quot;pointer&quot;:&quot;/items/properties/SharedWith/items/properties/_modified_by/properties/_id&quot;}
    domain: &quot;syntax&quot;
    ignored: [&quot;$id&quot;,&quot;examples&quot;]
warning: the following keywords are unknown and will be ignored: [$id, examples]
    level: &quot;warning&quot;
    schema: {&quot;loadingURI&quot;:&quot;file:/Users/anuradharaman/eclipse-workspace/Anu/KFAPITestAutomation/target/test-classes/listAllFlows.json#&quot;,&quot;pointer&quot;:&quot;/items/properties/SharedWith/items/properties/_modified_by/properties/Kind&quot;}
    domain: &quot;syntax&quot;
    ignored: [&quot;$id&quot;,&quot;examples&quot;]
warning: the following keywords are unknown and will be ignored: [$id, examples]
    level: &quot;warning&quot;
    schema: {&quot;loadingURI&quot;:&quot;file:/Users/anuradharaman/eclipse-workspace/Anu/KFAPITestAutomation/target/test-classes/listAllFlows.json#&quot;,&quot;pointer&quot;:&quot;/items/properties/SharedWith/items/properties/_modified_by/properties/Name&quot;}
    domain: &quot;syntax&quot;
    ignored: [&quot;$id&quot;,&quot;examples&quot;]
warning: the following keywords are unknown and will be ignored: [$id, examples]
    level: &quot;warning&quot;
    schema: {&quot;loadingURI&quot;:&quot;file:/Users/anuradharaman/eclipse-workspace/Anu/KFAPITestAutomation/target/test-classes/listAllFlows.json#&quot;,&quot;pointer&quot;:&quot;/items/properties/SharedWith/items/properties/_modified_by/properties/_id&quot;}
    domain: &quot;syntax&quot;
    ignored: [&quot;$id&quot;,&quot;examples&quot;]
warning: the following keywords are unknown and will be ignored: [$id, examples]
    level: &quot;warning&quot;
    schema: {&quot;loadingURI&quot;:&quot;file:/Users/anuradharaman/eclipse-workspace/Anu/KFAPITestAutomation/target/test-classes/listAllFlows.json#&quot;,&quot;pointer&quot;:&quot;/items/properties/Status&quot;}
    domain: &quot;syntax&quot;
    ignored: [&quot;$id&quot;,&quot;examples&quot;]
warning: the following keywords are unknown and will be ignored: [$id, examples]
    level: &quot;warning&quot;
    schema: {&quot;loadingURI&quot;:&quot;file:/Users/anuradharaman/eclipse-workspace/Anu/KFAPITestAutomation/target/test-classes/listAllFlows.json#&quot;,&quot;pointer&quot;:&quot;/items/properties/Type&quot;}
    domain: &quot;syntax&quot;
    ignored: [&quot;$id&quot;,&quot;examples&quot;]
warning: the following keywords are unknown and will be ignored: [$id, examples]
    level: &quot;warning&quot;
    schema: {&quot;loadingURI&quot;:&quot;file:/Users/anuradharaman/eclipse-workspace/Anu/KFAPITestAutomation/target/test-classes/listAllFlows.json#&quot;,&quot;pointer&quot;:&quot;/items/properties/_created_at&quot;}
    domain: &quot;syntax&quot;
    ignored: [&quot;$id&quot;,&quot;examples&quot;]
warning: the following keywords are unknown and will be ignored: [$id, examples]
    level: &quot;warning&quot;
    schema: {&quot;loadingURI&quot;:&quot;file:/Users/anuradharaman/eclipse-workspace/Anu/KFAPITestAutomation/target/test-classes/listAllFlows.json#&quot;,&quot;pointer&quot;:&quot;/items/properties/_created_by&quot;}
    domain: &quot;syntax&quot;
    ignored: [&quot;$id&quot;,&quot;examples&quot;]
warning: the following keywords are unknown and will be ignored: [$id, examples]
    level: &quot;warning&quot;
    schema: {&quot;loadingURI&quot;:&quot;file:/Users/anuradharaman/eclipse-workspace/Anu/KFAPITestAutomation/target/test-classes/listAllFlows.json#&quot;,&quot;pointer&quot;:&quot;/items/properties/_created_by/properties/Name&quot;}
    domain: &quot;syntax&quot;
    ignored: [&quot;$id&quot;,&quot;examples&quot;]
warning: the following keywords are unknown and will be ignored: [$id, examples]
    level: &quot;warning&quot;
    schema: {&quot;loadingURI&quot;:&quot;file:/Users/anuradharaman/eclipse-workspace/Anu/KFAPITestAutomation/target/test-classes/listAllFlows.json#&quot;,&quot;pointer&quot;:&quot;/items/properties/_created_by/properties/_id&quot;}
    domain: &quot;syntax&quot;
    ignored: [&quot;$id&quot;,&quot;examples&quot;]
warning: the following keywords are unknown and will be ignored: [$id, examples]
    level: &quot;warning&quot;
    schema: {&quot;loadingURI&quot;:&quot;file:/Users/anuradharaman/eclipse-workspace/Anu/KFAPITestAutomation/target/test-classes/listAllFlows.json#&quot;,&quot;pointer&quot;:&quot;/items/properties/_created_by/properties/Name&quot;}
    domain: &quot;syntax&quot;
    ignored: [&quot;$id&quot;,&quot;examples&quot;]
warning: the following keywords are unknown and will be ignored: [$id, examples]
    level: &quot;warning&quot;
    schema: {&quot;loadingURI&quot;:&quot;file:/Users/anuradharaman/eclipse-workspace/Anu/KFAPITestAutomation/target/test-classes/listAllFlows.json#&quot;,&quot;pointer&quot;:&quot;/items/properties/_created_by/properties/_id&quot;}
    domain: &quot;syntax&quot;
    ignored: [&quot;$id&quot;,&quot;examples&quot;]
warning: the following keywords are unknown and will be ignored: [$id, examples]
    level: &quot;warning&quot;
    schema: {&quot;loadingURI&quot;:&quot;file:/Users/anuradharaman/eclipse-workspace/Anu/KFAPITestAutomation/target/test-classes/listAllFlows.json#&quot;,&quot;pointer&quot;:&quot;/items/properties/_id&quot;}
    domain: &quot;syntax&quot;
    ignored: [&quot;$id&quot;,&quot;examples&quot;]
warning: the following keywords are unknown and will be ignored: [$id, examples]
    level: &quot;warning&quot;
    schema: {&quot;loadingURI&quot;:&quot;file:/Users/anuradharaman/eclipse-workspace/Anu/KFAPITestAutomation/target/test-classes/listAllFlows.json#&quot;,&quot;pointer&quot;:&quot;/items/properties/_modified_at&quot;}
    domain: &quot;syntax&quot;
    ignored: [&quot;$id&quot;,&quot;examples&quot;]
warning: the following keywords are unknown and will be ignored: [$id, examples]
    level: &quot;warning&quot;
    schema: {&quot;loadingURI&quot;:&quot;file:/Users/anuradharaman/eclipse-workspace/Anu/KFAPITestAutomation/target/test-classes/listAllFlows.json#&quot;,&quot;pointer&quot;:&quot;/items/properties/_modified_by&quot;}
    domain: &quot;syntax&quot;
    ignored: [&quot;$id&quot;,&quot;examples&quot;]
warning: the following keywords are unknown and will be ignored: [$id, examples]
    level: &quot;warning&quot;
    schema: {&quot;loadingURI&quot;:&quot;file:/Users/anuradharaman/eclipse-workspace/Anu/KFAPITestAutomation/target/test-classes/listAllFlows.json#&quot;,&quot;pointer&quot;:&quot;/items/properties/_modified_by/properties/_id&quot;}
    domain: &quot;syntax&quot;
    ignored: [&quot;$id&quot;,&quot;examples&quot;]
warning: the following keywords are unknown and will be ignored: [$id, examples]
    level: &quot;warning&quot;
    schema: {&quot;loadingURI&quot;:&quot;file:/Users/anuradharaman/eclipse-workspace/Anu/KFAPITestAutomation/target/test-classes/listAllFlows.json#&quot;,&quot;pointer&quot;:&quot;/items/properties/_modified_by/properties/_id&quot;}
    domain: &quot;syntax&quot;
    ignored: [&quot;$id&quot;,&quot;examples&quot;]
warning: the following keywords are unknown and will be ignored: [$id, examples]
    level: &quot;warning&quot;
    schema: {&quot;loadingURI&quot;:&quot;file:/Users/anuradharaman/eclipse-workspace/Anu/KFAPITestAutomation/target/test-classes/listAllFlows.json#&quot;,&quot;pointer&quot;:&quot;/items&quot;}
    domain: &quot;syntax&quot;
    ignored: [&quot;$id&quot;,&quot;examples&quot;]
warning: the following keywords are unknown and will be ignored: [$id, examples]
    level: &quot;warning&quot;
    schema: {&quot;loadingURI&quot;:&quot;file:/Users/anuradharaman/eclipse-workspace/Anu/KFAPITestAutomation/target/test-classes/listAllFlows.json#&quot;,&quot;pointer&quot;:&quot;/items/properties/Channel&quot;}
    domain: &quot;syntax&quot;
    ignored: [&quot;$id&quot;,&quot;examples&quot;]
warning: the following keywords are unknown and will be ignored: [$id, examples]
    level: &quot;warning&quot;
    schema: {&quot;loadingURI&quot;:&quot;file:/Users/anuradharaman/eclipse-workspace/Anu/KFAPITestAutomation/target/test-classes/listAllFlows.json#&quot;,&quot;pointer&quot;:&quot;/items/properties/Channel/properties/Visibility&quot;}
    domain: &quot;syntax&quot;
    ignored: [&quot;$id&quot;,&quot;examples&quot;]
warning: the following keywords are unknown and will be ignored: [$id, examples]
    level: &quot;warning&quot;
    schema: {&quot;loadingURI&quot;:&quot;file:/Users/anuradharaman/eclipse-workspace/Anu/KFAPITestAutomation/target/test-classes/listAllFlows.json#&quot;,&quot;pointer&quot;:&quot;/items/properties/Description&quot;}
    domain: &quot;syntax&quot;
[...]
    domain: "syntax"
    ignored: ["$id","examples"]
warning: the following keywords are unknown and will be ignored: [$id, examples]
    level: "warning"
    schema: {"loadingURI":"file:/Users/anuradharaman/eclipse-workspace/Anu/KFAPITestAutomation/target/test-classes/listAllFlows.json#","pointer":"/items/properties/SharedWith/items/properties/_created_at"}
    domain: "syntax"
    ignored: ["$id","examples"]
warning: the following keywords are unknown and will be ignored: [$id, examples]
    level: "warning"
    schema: {"loadingURI":"file:/Users/anuradharaman/eclipse-workspace/Anu/KFAPITestAutomation/target/test-classes/listAllFlows.json#","pointer":"/items/properties/SharedWith/items/properties/_created_by"}
    domain: "syntax"
    ignored: ["$id","examples"]
warning: the following keywords are unknown and will be ignored: [$id, examples]
    level: "warning"
    schema: {"loadingURI":"file:/Users/anuradharaman/eclipse-workspace/Anu/KFAPITestAutomation/target/test-classes/listAllFlows.json#","pointer":"/items/properties/SharedWith/items/properties/_created_by/properties/Kind"}
    domain: "syntax"
    ignored: ["$id","examples"]
warning: the following keywords are unknown and will be ignored: [$id, examples]
    level: "warning"
    schema: {"loadingURI":"file:/Users/anuradharaman/eclipse-workspace/Anu/KFAPITestAutomation/target/test-classes/listAllFlows.json#","pointer":"/items/properties/SharedWith/items/properties/_created_by/properties/Name"}
    domain: "syntax"
    ignored: ["$id","examples"]
warning: the following keywords are unknown and will be ignored: [$id, examples]
    level: "warning"
    schema: {"loadingURI":"file:/Users/anuradharaman/eclipse-workspace/Anu/KFAPITestAutomation/target/test-classes/listAllFlows.json#","pointer":"/items/properties/SharedWith/items/properties/_created_by/properties/_id"}
    domain: "syntax"
    ignored: ["$id","examples"]
warning: the following keywords are unknown and will be ignored: [$id, examples]
    level: "warning"
    schema: {"loadingURI":"file:/Users/anuradharaman/eclipse-workspace/Anu/KFAPITestAutomation/target/test-classes/listAllFlows.json#","pointer":"/items/properties/SharedWith/items/properties/_id"}
    domain: "syntax"
    ignored: ["$id","examples"]
warning: the following keywords are unknown and will be ignored: [$id, examples]
    level: "warning"
    schema: {"loadingURI":"file:/Users/anuradharaman/eclipse-workspace/Anu/KFAPITestAutomation/target/test-classes/listAllFlows.json#","pointer":"/items/properties/SharedWith/items/properties/_modified_at"}
    domain: "syntax"
    ignored: ["$id","examples"]
warning: the following keywords are unknown and will be ignored: [$id, examples]
    level: "warning"
    schema: {"loadingURI":"file:/Users/anuradharaman/eclipse-workspace/Anu/KFAPITestAutomation/target/test-classes/listAllFlows.json#","pointer":"/items/properties/SharedWith/items/properties/_modified_by"}
    domain: "syntax"
    ignored: ["$id","examples"]
warning: the following keywords are unknown and will be ignored: [$id, examples]
    level: "warning"
    schema: {"loadingURI":"file:/Users/anuradharaman/eclipse-workspace/Anu/KFAPITestAutomation/target/test-classes/listAllFlows.json#","pointer":"/items/properties/SharedWith/items/properties/_modified_by/properties/Kind"}
    domain: "syntax"
    ignored: ["$id","examples"]
warning: the following keywords are unknown and will be ignored: [$id, examples]
    level: "warning"
    schema: {"loadingURI":"file:/Users/anuradharaman/eclipse-workspace/Anu/KFAPITestAutomation/target/test-classes/listAllFlows.json#","pointer":"/items/properties/SharedWith/items/properties/_modified_by/properties/Name"}
    domain: "syntax"
    ignored: ["$id","examples"]
warning: the following keywords are unknown and will be ignored: [$id, examples]
    level: "warning"
    schema: {"loadingURI":"file:/Users/anuradharaman/eclipse-workspace/Anu/KFAPITestAutomation/target/test-classes/listAllFlows.json#","pointer":"/items/properties/SharedWith/items/properties/_modified_by/properties/_id"}
    domain: "syntax"
    ignored: ["$id","examples"]
warning: the following keywords are unknown and will be ignored: [$id, examples]
    level: "warning"
    schema: {"loadingURI":"file:/Users/anuradharaman/eclipse-workspace/Anu/KFAPITestAutomation/target/test-classes/listAllFlows.json#","pointer":"/items/properties/Status"}
    domain: "syntax"
    ignored: ["$id","examples"]
warning: the following keywords are unknown and will be ignored: [$id, examples]
    level: "warning"
    schema: {"loadingURI":"file:/Users/anuradharaman/eclipse-workspace/Anu/KFAPITestAutomation/target/test-classes/listAllFlows.json#","pointer":"/items/properties/Type"}
    domain: "syntax"
    ignored: ["$id","examples"]
warning: the following keywords are unknown and will be ignored: [$id, examples]
    level: "warning"
    schema: {"loadingURI":"file:/Users/anuradharaman/eclipse-workspace/Anu/KFAPITestAutomation/target/test-classes/listAllFlows.json#","pointer":"/items/properties/_created_at"}
    domain: "syntax"
    ignored: ["$id","examples"]
warning: the following keywords are unknown and will be ignored: [$id, examples]
    level: "warning"
    schema: {"loadingURI":"file:/Users/anuradharaman/eclipse-workspace/Anu/KFAPITestAutomation/target/test-classes/listAllFlows.json#","pointer":"/items/properties/_created_by"}
    domain: "syntax"
    ignored: ["$id","examples"]
warning: the following keywords are unknown and will be ignored: [$id, examples]
    level: "warning"
    schema: {"loadingURI":"file:/Users/anuradharaman/eclipse-workspace/Anu/KFAPITestAutomation/target/test-classes/listAllFlows.json#","pointer":"/items/properties/_created_by/properties/Name"}
    domain: "syntax"
    ignored: ["$id","examples"]
warning: the following keywords are unknown and will be ignored: [$id, examples]
    level: "warning"
    schema: {"loadingURI":"file:/Users/anuradharaman/eclipse-workspace/Anu/KFAPITestAutomation/target/test-classes/listAllFlows.json#","pointer":"/items/properties/_created_by/properties/_id"}
    domain: "syntax"
    ignored: ["$id","examples"]
warning: the following keywords are unknown and will be ignored: [$id, examples]
    level: "warning"
    schema: {"loadingURI":"file:/Users/anuradharaman/eclipse-workspace/Anu/KFAPITestAutomation/target/test-classes/listAllFlows.json#","pointer":"/items/properties/_id"}
    domain: "syntax"
    ignored: ["$id","examples"]
warning: the following keywords are unknown and will be ignored: [$id, examples]
    level: "warning"
    schema: {"loadingURI":"file:/Users/anuradharaman/eclipse-workspace/Anu/KFAPITestAutomation/target/test-classes/listAllFlows.json#","pointer":"/items/properties/_modified_at"}
    domain: "syntax"
    ignored: ["$id","examples"]
warning: the following keywords are unknown and will be ignored: [$id, examples]
    level: "warning"
    schema: {"loadingURI":"file:/Users/anuradharaman/eclipse-workspace/Anu/KFAPITestAutomation/target/test-classes/listAllFlows.json#","pointer":"/items/properties/_modified_by"}
    domain: "syntax"
    ignored: ["$id","examples"]
warning: the following keywords are unknown and will be ignored: [$id, examples]
    level: "warning"
    schema: {"loadingURI":"file:/Users/anuradharaman/eclipse-workspace/Anu/KFAPITestAutomation/target/test-classes/listAllFlows.json#","pointer":"/items/properties/_modified_by/properties/_id"}
    domain: "syntax"
    ignored: ["$id","examples"]
error: object has missing required properties (["Channel"])
    level: "error"
    schema: {"loadingURI":"file:/Users/anuradharaman/eclipse-workspace/Anu/KFAPITestAutomation/target/test-classes/listAllFlows.json#","pointer":"/items"}
    instance: {"pointer":"/10"}
    domain: "validation"
    keyword: "required"
    required: ["Channel","Description","Name","SharedWith","Status","Type","_created_at","_created_by","_id","_modified_at","_modified_by"]
    missing: ["Channel"]

  Actual: [{"Channel":{"Visibility":"System"},"Description":"The channel for all users in your account","Name":"Everyone","SharedWith":[{"Kind":"User","Name":"Anuradha Raman","Permission":["Admin","Moderator","Member"],"_created_at":"2020-02-18T09:09:11Z","_created_by":{"Kind":"User","Name":"Anuradha Raman","_id":"UsJvAN7lSBKC"},"_id":"UsJvAN7lSBKC","_modified_at":"2020-02-18T09:09:11Z","_modified_by":{"Kind":"User","Name":"Anuradha Raman","_id":"UsJvAN7lSBKC"}},{"FlowId":"everyone","FlowType":"Channel","Kind":"Group","Name":"everyone","Permission":["Member"],"_created_at":"2020-02-18T09:09:11Z","_created_by":{"Kind":"User","Name":"Anuradha Raman","_id":"UsJvAN7lSBKC"},"_id":"everyone","_modified_at":"2020-02-18T09:09:11Z","_modified_by":{"Kind":"User","Name":"Anuradha Raman","_id":"UsJvAN7lSBKC"}}],"Status":"Live","Type":"Channel","_created_at":"2020-02-18T09:09:11Z","_created_by":{"Name":"Anuradha Raman","_id":"UsJvAN7lSBKC"},"_id":"everyone","_modified_at":"2020-02-18T09:09:11Z","_modified_by":{"_id":"UsJvAN7lSBKC"}},{"Categories":[],"Description":"","Name":"Agaram","SharedWith":[{"Kind":"User","Name":"Anuradha Raman","Permission":["Edit","Share","Admin"],"_id":"UsJvAN7lSBKC"}],"Status":"Live","Type":"List","_created_at":"2020-02-18T09:51:13Z","_created_by":{"Name":"Anuradha Raman","_id":"UsJvAN7lSBKC"},"_id":"Agaram"},{"Categories":[],"Channel":{"Visibility":"System"},"Description":"","LastPublishedAt":"2020-02-24T04:44:08Z","Name":"EndtoEnd","SharedWith":[{"Kind":"User","Name":"KF QA","Permission":["Edit","Share","Admin"],"_id":"UsoeANVSzy2F"}],"Status":"Live","Type":"Process","_created_at":"2020-02-24T04:41:21Z","_created_by":{"Name":"KF QA","_id":"UsoeANVSzy2F"},"_id":"EndtoEnd_01","_modified_at":"2020-02-24T04:44:08Z","_modified_by":{"_id":"UsoeANVSzy2F"}},{"Categories":[],"Channel":{"Visibility":"System"},"Description":"","LastPublishedAt":"2020-03-04T09:24:57Z","Name":"case1","SharedWith":[{"Kind":"User","Name":"KF QA","Permission":["Edit","Share","Admin"],"_id":"UsoeANVSzy2F"}],"Status":"Live","Type":"Case","_created_at":"2020-03-04T09:24:25Z","_created_by":{"Name":"KF QA","_id":"UsoeANVSzy2F"},"_id":"case1","_modified_at":"2020-03-04T09:24:57Z","_modified_by":{"_id":"UsoeANVSzy2F"}},{"Categories":[],"Channel":{"Visibility":"Open"},"Description":"","Name":"Anu-Channel","SharedWith":[{"Kind":"User","Name":"Anuradha Raman","Permission":["Admin","Moderator","Member"],"_created_at":"2020-03-12T06:56:49Z","_created_by":{"Kind":"User","Name":"Anuradha Raman","_id":"UsJvAN7lSBKC"},"_id":"UsJvAN7lSBKC","_modified_at":"2020-03-12T06:56:49Z","_modified_by":{"Kind":"User","Name":"Anuradha Raman","_id":"UsJvAN7lSBKC"}},{"Kind":"Group","Name":"everyone","Permission":["Member"],"_created_at":"2020-03-12T07:10:56Z","_created_by":{"Kind":"User","Name":"Anuradha Raman","_id":"UsJvAN7lSBKC"},"_id":"everyone","_modified_at":"2020-03-12T07:10:56Z","_modified_by":{"Kind":"User","Name":"Anuradha Raman","_id":"UsJvAN7lSBKC"}},{"Kind":"User","Name":"KF QA","Permission":["Member"],"_created_at":"2020-03-12T07:10:56Z","_created_by":{"Kind":"User","Name":"Anuradha Raman","_id":"UsJvAN7lSBKC"},"_id":"UsoeANVSzy2F","_modified_at":"2020-03-12T07:10:56Z","_modified_by":{"Kind":"User","Name":"Anuradha Raman","_id":"UsJvAN7lSBKC"}},{"Kind":"User","Name":"QAOutlook User","Permission":["Member"],"_created_at":"2020-03-12T07:10:56Z","_created_by":{"Kind":"User","Name":"Anuradha Raman","_id":"UsJvAN7lSBKC"},"_id":"UszVYqHGQGRs","_modified_at":"2020-03-12T07:10:56Z","_modified_by":{"Kind":"User","Name":"Anuradha Raman","_id":"UsJvAN7lSBKC"}},{"Kind":"User","Name":"QAYahoo UserAdmin","Permission":["Member"],"_created_at":"2020-03-12T07:10:56Z","_created_by":{"Kind":"User","Name":"Anuradha Raman","_id":"UsJvAN7lSBKC"},"_id":"UsxpYqHRxe19","_modified_at":"2020-03-12T07:10:56Z","_modified_by":{"Kind":"User","Name":"Anuradha Raman","_id":"UsJvAN7lSBKC"}}],"Status":"Live","Type":"Channel","_created_at":"2020-03-12T06:56:49Z","_created_by":{"Name":"Anuradha Raman","_id":"UsJvAN7lSBKC"},"_id":"Anu_Channel","_modified_at":"2020-03-12T06:56:49Z","_modified_by":{"_id":"UsJvAN7lSBKC"}},{"Categories":[],"Channel":{"Visibility":"System"},"Description":"","LastPublishedAt":"2020-03-13T13:44:36Z","Name":"Copy of SmokeProcess","SharedWith":[{"Kind":"User","Name":"KF QA","Permission":["Admin","Initiate","Edit","CreateReport","Member"],"_id":"UsoeANVSzy2F"},{"Kind":"User","Name":"Anuradha Raman","Permission":["Admin","Initiate","Edit","CreateReport","Member"],"_id":"UsJvAN7lSBKC"},{"Kind":"Group","Name":"Everyone","Permission":["Initiate","Edit","Member"],"_id":"everyone"}],"Status":"Live","Type":"Process","_created_at":"2020-03-13T08:10:08Z","_created_by":{"Kind":"User","Name":"Anuradha Raman","_id":"UsJvAN7lSBKC"},"_id":"Copy_of_SmokeProcess","_modified_at":"2020-03-13T13:44:36Z","_modified_by":{"_id":"UsJvAN7lSBKC"}},{"Categories":[],"Description":"","LastPublishedAt":"2020-03-23T13:36:36Z","Name":"DS-001","SharedWith":[{"Kind":"User","Name":"Anuradha Raman","Permission":["Edit","Share","Admin"],"_id":"UsJvAN7lSBKC"}],"Status":"Live","Type":"Dataset","_created_at":"2020-03-23T13:36:36Z","_created_by":{"Name":"Anuradha Raman","_id":"UsJvAN7lSBKC"},"_id":"DS_001","_modified_at":"2020-03-23T13:36:36Z","_modified_by":{"_id":"UsJvAN7lSBKC"}},{"Categories":[],"Description":"","LastPublishedAt":"2020-03-23T17:51:04Z","Name":"test","SharedWith":[{"Kind":"User","Name":"Anuradha Raman","Permission":["Edit","Share","Admin"],"_id":"UsJvAN7lSBKC"}],"Status":"Live","Type":"Dataset","_created_at":"2020-03-23T17:51:04Z","_created_by":{"Name":"Anuradha Raman","_id":"UsJvAN7lSBKC"},"_id":"test","_modified_at":"2020-03-23T17:51:04Z","_modified_by":{"_id":"UsJvAN7lSBKC"}},{"Categories":[],"Description":"","LastPublishedAt":"2020-03-25T09:25:46Z","Name":"test123","SharedWith":[{"Kind":"User","Name":"KF QA","Permission":["Edit","Share","Admin"],"_id":"UsoeANVSzy2F"},{"Kind":"User","Name":"Anuradha Raman","Permission":["Share","Edit","Admin"],"_id":"UsJvAN7lSBKC"}],"Status":"Live","Type":"Dataset","_created_at":"2020-03-23T18:00:58Z","_created_by":{"Name":"KF QA","_id":"UsoeANVSzy2F"},"_id":"test123","_modified_at":"2020-03-26T18:45:57Z","_modified_by":{"_id":"UsoeANVSzy2F"}},{"Categories":[],"Description":"","LastPublishedAt":"2020-03-26T17:46:31Z","Name":"Anu-DS-2020","SharedWith":[{"Kind":"User","Name":"KF QA","Permission":["Edit","Share","Admin"],"_id":"UsoeANVSzy2F"}],"Status":"Live","Type":"Dataset","_created_at":"2020-03-26T07:30:49Z","_created_by":{"Name":"KF QA","_id":"UsoeANVSzy2F"},"_id":"Anu_DS_2021","_modified_at":"2020-03-26T17:46:31Z","_modified_by":{"_id":"UsoeANVSzy2F"}},{"Categories":[],"Description":"","LastPublishedAt":"2020-04-06T06:36:39Z","Name":"SmokeDataset","SharedWith":[{"Kind":"User","Name":"KF QA","Permission":["Edit","Share","Admin"],"_id":"UsoeANVSzy2F"}],"Status":"Live","Type":"Dataset","_created_at":"2020-04-06T06:36:22Z","_created_by":{"Name":"KF QA","_id":"UsoeANVSzy2F"},"_id":"SmokeDataset_39","_modified_at":"2020-04-06T06:36:39Z","_modified_by":{"_id":"UsoeANVSzy2F"}}]


at java.base/jdk.internal.reflect.NativeConstructorAccessorImpl.newInstance0(Native Method)
at java.base/jdk.internal.reflect.NativeConstructorAccessorImpl.newInstance(NativeConstructorAccessorImpl.java:62)
at java.base/jdk.internal.reflect.DelegatingConstructorAccessorImpl.newInstance(DelegatingConstructorAccessorImpl.java:45)
at java.base/java.lang.reflect.Constructor.newInstance(Constructor.java:490)
at org.codehaus.groovy.reflection.CachedConstructor.invoke(CachedConstructor.java:80)
at org.codehaus.groovy.reflection.CachedConstructor.doConstructorInvoke(CachedConstructor.java:74)
at org.codehaus.groovy.runtime.callsite.ConstructorSite$ConstructorSiteNoUnwrap.callConstructor(ConstructorSite.java:84)
at org.codehaus.groovy.runtime.callsite.AbstractCallSite.callConstructor(AbstractCallSite.java:249)
at io.restassured.internal.ResponseSpecificationImpl$HamcrestAssertionClosure.validate(ResponseSpecificationImpl.groovy:493)
at io.restassured.internal.ResponseSpecificationImpl$HamcrestAssertionClosure$validate$1.call(Unknown Source)
at io.restassured.internal.ResponseSpecificationImpl.validateResponseIfRequired(ResponseSpecificationImpl.groovy:674)
at jdk.internal.reflect.GeneratedMethodAccessor93.invoke(Unknown Source)
at java.base/jdk.internal.reflect.DelegatingMethodAccessorImpl.invoke(DelegatingMethodAccessorImpl.java:43)
at java.base/java.lang.reflect.Method.invoke(Method.java:566)
at org.codehaus.groovy.runtime.callsite.PlainObjectMetaMethodSite.doInvoke(PlainObjectMetaMethodSite.java:43)
at org.codehaus.groovy.runtime.callsite.PogoMetaMethodSite$PogoCachedMethodSiteNoUnwrapNoCoerce.invoke(PogoMetaMethodSite.java:190)
at org.codehaus.groovy.runtime.callsite.PogoMetaMethodSite.callCurrent(PogoMetaMethodSite.java:58)
at org.codehaus.groovy.runtime.callsite.AbstractCallSite.callCurrent(AbstractCallSite.java:168)
at io.restassured.internal.ResponseSpecificationImpl.body(ResponseSpecificationImpl.groovy:98)
at io.restassured.internal.ValidatableResponseOptionsImpl.body(ValidatableResponseOptionsImpl.java:238)
at io.restassured.internal.ValidatableResponseImpl.super$2$body(ValidatableResponseImpl.groovy)
at jdk.internal.reflect.GeneratedMethodAccessor198.invoke(Unknown Source)
at java.base/jdk.internal.reflect.DelegatingMethodAccessorImpl.invoke(DelegatingMethodAccessorImpl.java:43)
at java.base/java.lang.reflect.Method.invoke(Method.java:566)
at org.codehaus.groovy.reflection.CachedMethod.invoke(CachedMethod.java:101)
at groovy.lang.MetaMethod.doMethodInvoke(MetaMethod.java:323)
at groovy.lang.MetaClassImpl.invokeMethod(MetaClassImpl.java:1217)
at org.codehaus.groovy.runtime.ScriptBytecodeAdapter.invokeMethodOnSuperN(ScriptBytecodeAdapter.java:144)
at io.restassured.internal.ValidatableResponseImpl.body(ValidatableResponseImpl.groovy:293)
at io.restassured.internal.ValidatableResponseImpl.body(ValidatableResponseImpl.groovy)
at test.KFDSAPISmokeTest.listAllFlows(KFDSAPISmokeTest.java:184)
at java.base/jdk.internal.reflect.NativeMethodAccessorImpl.invoke0(Native Method)
at java.base/jdk.internal.reflect.NativeMethodAccessorImpl.invoke(NativeMethodAccessorImpl.java:62)
at java.base/jdk.internal.reflect.DelegatingMethodAccessorImpl.invoke(DelegatingMethodAccessorImpl.java:43)
at java.base/java.lang.reflect.Method.invoke(Method.java:566)
at org.testng.internal.MethodInvocationHelper.invokeMethod(MethodInvocationHelper.java:133)
at org.testng.internal.TestInvoker.invokeMethod(TestInvoker.java:584)
at org.testng.internal.TestInvoker.invokeTestMethod(TestInvoker.java:172)
at org.testng.internal.MethodRunner.runInSequence(MethodRunner.java:46)
at org.testng.internal.TestInvoker$MethodInvocationAgent.invoke(TestInvoker.java:804)
at org.testng.internal.TestInvoker.invokeTestMethods(TestInvoker.java:145)
at org.testng.internal.TestMethodWorker.invokeTestMethods(TestMethodWorker.java:146)
at org.testng.internal.TestMethodWorker.run(TestMethodWorker.java:128)
at java.base/java.util.ArrayList.forEach(ArrayList.java:1540)
at org.testng.TestRunner.privateRun(TestRunner.java:770)
at org.testng.TestRunner.run(TestRunner.java:591)
at org.testng.SuiteRunner.runTest(SuiteRunner.java:402)
at org.testng.SuiteRunner.runSequentially(SuiteRunner.java:396)
at org.testng.SuiteRunner.privateRun(SuiteRunner.java:355)
at org.testng.SuiteRunner.run(SuiteRunner.java:304)
at org.testng.SuiteRunnerWorker.runSuite(SuiteRunnerWorker.java:53)
at org.testng.SuiteRunnerWorker.run(SuiteRunnerWorker.java:96)
at org.testng.TestNG.runSuitesSequentially(TestNG.java:1180)
at org.testng.TestNG.runSuitesLocally(TestNG.java:1102)
at org.testng.TestNG.runSuites(TestNG.java:1032)
at org.testng.TestNG.run(TestNG.java:1000)
at org.testng.remote.AbstractRemoteTestNG.run(AbstractRemoteTestNG.java:115)
at org.testng.remote.RemoteTestNG.initAndRun(RemoteTestNG.java:251)
at org.testng.remote.RemoteTestNG.main(RemoteTestNG.java:77)
]]>
    </failure>
  </testcase> <!-- listAllFlows -->
</testsuite> <!-- test.KFDSAPISmokeTest -->
