<?xml version="1.0" encoding="UTF-8"?>
<!-- Generated by org.testng.reporters.JUnitXMLReporter -->
<testsuite ignored="0" hostname="Admins-MacBook-Air-4.local" failures="1" tests="6" name="DSApiTest" time="80.955" errors="0" timestamp="2020-04-06T12:07:28 IST">
  <testcase classname="test.KFDSAPISmokeTest" name="completeDSTest" time="60.131"/>
  <testcase classname="test.KFDSAPISmokeTest" name="modifyDSRecords" time="5.928"/>
  <testcase classname="test.KFDSAPISmokeTest" name="addAttachment" time="2.676"/>
  <testcase classname="test.KFDSAPISmokeTest" name="addImage" time="3.287"/>
  <testcase classname="test.KFDSAPISmokeTest" name="listAllFlowsType" time="5.419"/>
  <testcase classname="test.KFDSAPISmokeTest" name="listAllFlows" time="0.428">
    <failure type="java.lang.AssertionError" message="1 expectation failed.
Response body doesn&amp;apos;t match expectation.
Expected: The content to match the given JSON schema.
warning: the following keywords are unknown and will be ignored: [$id]
    level: &amp;quot;warning&amp;quot;
    schema: {&amp;quot;loadingURI&amp;quot;:&amp;quot;file:/Users/anuradharaman/eclipse-workspace/Anu/KFAPITestAutomation/target/test-classes/listAllFlows.json#&amp;quot;,&amp;quot;pointer&amp;quot;:&amp;quot;&amp;quot;}
    domain: &amp;quot;syntax&amp;quot;
    ignored: [&amp;quot;$id&amp;quot;]
warning: the following keywords are unknown and will be ignored: [$id, examples]
    level: &amp;quot;warning&amp;quot;
    schema: {&amp;quot;loadingURI&amp;quot;:&amp;quot;file:/Users/anuradharaman/eclipse-workspace/Anu/KFAPITestAutomation/target/test-classes/listAllFlows.json#&amp;quot;,&amp;quot;pointer&amp;quot;:&amp;quot;/items&amp;quot;}
    domain: &amp;quot;syntax&amp;quot;
    ignored: [&amp;quot;$id&amp;quot;,&amp;quot;examples&amp;quot;]
warning: the following keywords are unknown and will be ignored: [$id, examples]
    level: &amp;quot;warning&amp;quot;
    schema: {&amp;quot;loadingURI&amp;quot;:&amp;quot;file:/Users/anuradharaman/eclipse-workspace/Anu/KFAPITestAutomation/target/test-classes/listAllFlows.json#&amp;quot;,&amp;quot;pointer&amp;quot;:&amp;quot;/items/properties/Channel&amp;quot;}
    domain: &amp;quot;syntax&amp;quot;
    ignored: [&amp;quot;$id&amp;quot;,&amp;quot;examples&amp;quot;]
warning: the following keywords are unknown and will be ignored: [$id, examples]
    level: &amp;quot;warning&amp;quot;
    schema: {&amp;quot;loadingURI&amp;quot;:&amp;quot;file:/Users/anuradharaman/eclipse-workspace/Anu/KFAPITestAutomation/target/test-classes/listAllFlows.json#&amp;quot;,&amp;quot;pointer&amp;quot;:&amp;quot;/items/properties/Channel/properties/Visibility&amp;quot;}
    domain: &amp;quot;syntax&amp;quot;
    ignored: [&amp;quot;$id&amp;quot;,&amp;quot;examples&amp;quot;]
warning: the following keywords are unknown and will be ignored: [$id, examples]
    level: &amp;quot;warning&amp;quot;
    schema: {&amp;quot;loadingURI&amp;quot;:&amp;quot;file:/Users/anuradharaman/eclipse-workspace/Anu/KFAPITestAutomation/target/test-classes/listAllFlows.json#&amp;quot;,&amp;quot;pointer&amp;quot;:&amp;quot;/items/properties/Description&amp;quot;}
    domain: &amp;quot;syntax&amp;quot;
    ignored: [&amp;quot;$id&amp;quot;,&amp;quot;examples&amp;quot;]
warning: the following keywords are unknown and will be ignored: [$id, examples]
    level: &amp;quot;warning&amp;quot;
    schema: {&amp;quot;loadingURI&amp;quot;:&amp;quot;file:/Users/anuradharaman/eclipse-workspace/Anu/KFAPITestAutomation/target/test-classes/listAllFlows.json#&amp;quot;,&amp;quot;pointer&amp;quot;:&amp;quot;/items/properties/Name&amp;quot;}
    domain: &amp;quot;syntax&amp;quot;
    ignored: [&amp;quot;$id&amp;quot;,&amp;quot;examples&amp;quot;]
warning: the following keywords are unknown and will be ignored: [$id]
    level: &amp;quot;warning&amp;quot;
    schema: {&amp;quot;loadingURI&amp;quot;:&amp;quot;file:/Users/anuradharaman/eclipse-workspace/Anu/KFAPITestAutomation/target/test-classes/listAllFlows.json#&amp;quot;,&amp;quot;pointer&amp;quot;:&amp;quot;/items/properties/SharedWith&amp;quot;}
    domain: &amp;quot;syntax&amp;quot;
    ignored: [&amp;quot;$id&amp;quot;]
warning: the following keywords are unknown and will be ignored: [$id, examples]
    level: &amp;quot;warning&amp;quot;
    schema: {&amp;quot;loadingURI&amp;quot;:&amp;quot;file:/Users/anuradharaman/eclipse-workspace/Anu/KFAPITestAutomation/target/test-classes/listAllFlows.json#&amp;quot;,&amp;quot;pointer&amp;quot;:&amp;quot;/items/properties/SharedWith/items&amp;quot;}
    domain: &amp;quot;syntax&amp;quot;
    ignored: [&amp;quot;$id&amp;quot;,&amp;quot;examples&amp;quot;]
warning: the following keywords are unknown and will be ignored: [$id, examples]
    level: &amp;quot;warning&amp;quot;
    schema: {&amp;quot;loadingURI&amp;quot;:&amp;quot;file:/Users/anuradharaman/eclipse-workspace/Anu/KFAPITestAutomation/target/test-classes/listAllFlows.json#&amp;quot;,&amp;quot;pointer&amp;quot;:&amp;quot;/items/properties/SharedWith/items/properties/Kind&amp;quot;}
    domain: &amp;quot;syntax&amp;quot;
    ignored: [&amp;quot;$id&amp;quot;,&amp;quot;examples&amp;quot;]
warning: the following keywords are unknown and will be ignored: [$id, examples]
    level: &amp;quot;warning&amp;quot;
    schema: {&amp;quot;loadingURI&amp;quot;:&amp;quot;file:/Users/anuradharaman/eclipse-workspace/Anu/KFAPITestAutomation/target/test-classes/listAllFlows.json#&amp;quot;,&amp;quot;pointer&amp;quot;:&amp;quot;/items/properties/SharedWith/items/properties/Name&amp;quot;}
    domain: &amp;quot;syntax&amp;quot;
    ignored: [&amp;quot;$id&amp;quot;,&amp;quot;examples&amp;quot;]
warning: the following keywords are unknown and will be ignored: [$id]
    level: &amp;quot;warning&amp;quot;
    schema: {&amp;quot;loadingURI&amp;quot;:&amp;quot;file:/Users/anuradharaman/eclipse-workspace/Anu/KFAPITestAutomation/target/test-classes/listAllFlows.json#&amp;quot;,&amp;quot;pointer&amp;quot;:&amp;quot;/items/properties/SharedWith/items/properties/Permission&amp;quot;}
    domain: &amp;quot;syntax&amp;quot;
    ignored: [&amp;quot;$id&amp;quot;]
warning: the following keywords are unknown and will be ignored: [$id, examples]
    level: &amp;quot;warning&amp;quot;
    schema: {&amp;quot;loadingURI&amp;quot;:&amp;quot;file:/Users/anuradharaman/eclipse-workspace/Anu/KFAPITestAutomation/target/test-classes/listAllFlows.json#&amp;quot;,&amp;quot;pointer&amp;quot;:&amp;quot;/items/properties/SharedWith/items/properties/Permission/items&amp;quot;}
    domain: &amp;quot;syntax&amp;quot;
    ignored: [&amp;quot;$id&amp;quot;,&amp;quot;examples&amp;quot;]
warning: the following keywords are unknown and will be ignored: [$id, examples]
    level: &amp;quot;warning&amp;quot;
    schema: {&amp;quot;loadingURI&amp;quot;:&amp;quot;file:/Users/anuradharaman/eclipse-workspace/Anu/KFAPITestAutomation/target/test-classes/listAllFlows.json#&amp;quot;,&amp;quot;pointer&amp;quot;:&amp;quot;/items/properties/SharedWith/items/properties/_created_at&amp;quot;}
    domain: &amp;quot;syntax&amp;quot;
    ignored: [&amp;quot;$id&amp;quot;,&amp;quot;examples&amp;quot;]
warning: the following keywords are unknown and will be ignored: [$id, examples]
    level: &amp;quot;warning&amp;quot;
    schema: {&amp;quot;loadingURI&amp;quot;:&amp;quot;file:/Users/anuradharaman/eclipse-workspace/Anu/KFAPITestAutomation/target/test-classes/listAllFlows.json#&amp;quot;,&amp;quot;pointer&amp;quot;:&amp;quot;/items/properties/SharedWith/items/properties/_created_by&amp;quot;}
    domain: &amp;quot;syntax&amp;quot;
    ignored: [&amp;quot;$id&amp;quot;,&amp;quot;examples&amp;quot;]
warning: the following keywords are unknown and will be ignored: [$id, examples]
    level: &amp;quot;warning&amp;quot;
    schema: {&amp;quot;loadingURI&amp;quot;:&amp;quot;file:/Users/anuradharaman/eclipse-workspace/Anu/KFAPITestAutomation/target/test-classes/listAllFlows.json#&amp;quot;,&amp;quot;pointer&amp;quot;:&amp;quot;/items/properties/SharedWith/items/properties/_created_by/properties/Kind&amp;quot;}
    domain: &amp;quot;syntax&amp;quot;
    ignored: [&amp;quot;$id&amp;quot;,&amp;quot;examples&amp;quot;]
warning: the following keywords are unknown and will be ignored: [$id, examples]
    level: &amp;quot;warning&amp;quot;
    schema: {&amp;quot;loadingURI&amp;quot;:&amp;quot;file:/Users/anuradharaman/eclipse-workspace/Anu/KFAPITestAutomation/target/test-classes/listAllFlows.json#&amp;quot;,&amp;quot;pointer&amp;quot;:&amp;quot;/items/properties/SharedWith/items/properties/_created_by/properties/Name&amp;quot;}
    domain: &amp;quot;syntax&amp;quot;
    ignored: [&amp;quot;$id&amp;quot;,&amp;quot;examples&amp;quot;]
warning: the following keywords are unknown and will be ignored: [$id, examples]
    level: &amp;quot;warning&amp;quot;
    schema: {&amp;quot;loadingURI&amp;quot;:&amp;quot;file:/Users/anuradharaman/eclipse-workspace/Anu/KFAPITestAutomation/target/test-classes/listAllFlows.json#&amp;quot;,&amp;quot;pointer&amp;quot;:&amp;quot;/items/properties/SharedWith/items/properties/_created_by/properties/_id&amp;quot;}
    domain: &amp;quot;syntax&amp;quot;
    ignored: [&amp;quot;$id&amp;quot;,&amp;quot;examples&amp;quot;]
warning: the following keywords are unknown and will be ignored: [$id, examples]
    level: &amp;quot;warning&amp;quot;
    schema: {&amp;quot;loadingURI&amp;quot;:&amp;quot;file:/Users/anuradharaman/eclipse-workspace/Anu/KFAPITestAutomation/target/test-classes/listAllFlows.json#&amp;quot;,&amp;quot;pointer&amp;quot;:&amp;quot;/items/properties/SharedWith/items/properties/_id&amp;quot;}
    domain: &amp;quot;syntax&amp;quot;
    ignored: [&amp;quot;$id&amp;quot;,&amp;quot;examples&amp;quot;]
warning: the following keywords are unknown and will be ignored: [$id, examples]
    level: &amp;quot;warning&amp;quot;
    schema: {&amp;quot;loadingURI&amp;quot;:&amp;quot;file:/Users/anuradharaman/eclipse-workspace/Anu/KFAPITestAutomation/target/test-classes/listAllFlows.json#&amp;quot;,&amp;quot;pointer&amp;quot;:&amp;quot;/items/properties/SharedWith/items/properties/_modified_at&amp;quot;}
    domain: &amp;quot;syntax&amp;quot;
    ignored: [&amp;quot;$id&amp;quot;,&amp;quot;examples&amp;quot;]
warning: the following keywords are unknown and will be ignored: [$id, examples]
    level: &amp;quot;warning&amp;quot;
    schema: {&amp;quot;loadingURI&amp;quot;:&amp;quot;file:/Users/anuradharaman/eclipse-workspace/Anu/KFAPITestAutomation/target/test-classes/listAllFlows.json#&amp;quot;,&amp;quot;pointer&amp;quot;:&amp;quot;/items/properties/SharedWith/items/properties/_modified_by&amp;quot;}
    domain: &amp;quot;syntax&amp;quot;
    ignored: [&amp;quot;$id&amp;quot;,&amp;quot;examples&amp;quot;]
warning: the following keywords are unknown and will be ignored: [$id, examples]
    level: &amp;quot;warning&amp;quot;
    schema: {&amp;quot;loadingURI&amp;quot;:&amp;quot;file:/Users/anuradharaman/eclipse-workspace/Anu/KFAPITestAutomation/target/test-classes/listAllFlows.json#&amp;quot;,&amp;quot;pointer&amp;quot;:&amp;quot;/items/properties/SharedWith/items/properties/_modified_by/properties/Kind&amp;quot;}
    domain: &amp;quot;syntax&amp;quot;
    ignored: [&amp;quot;$id&amp;quot;,&amp;quot;examples&amp;quot;]
warning: the following keywords are unknown and will be ignored: [$id, examples]
    level: &amp;quot;warning&amp;quot;
    schema: {&amp;quot;loadingURI&amp;quot;:&amp;quot;file:/Users/anuradharaman/eclipse-workspace/Anu/KFAPITestAutomation/target/test-classes/listAllFlows.json#&amp;quot;,&amp;quot;pointer&amp;quot;:&amp;quot;/items/properties/SharedWith/items/properties/_modified_by/properties/Name&amp;quot;}
    domain: &amp;quot;syntax&amp;quot;
    ignored: [&amp;quot;$id&amp;quot;,&amp;quot;examples&amp;quot;]
warning: the following keywords are unknown and will be ignored: [$id, examples]
    level: &amp;quot;warning&amp;quot;
    schema: {&amp;quot;loadingURI&amp;quot;:&amp;quot;file:/Users/anuradharaman/eclipse-workspace/Anu/KFAPITestAutomation/target/test-classes/listAllFlows.json#&amp;quot;,&amp;quot;pointer&amp;quot;:&amp;quot;/items/properties/SharedWith/items/properties/_modified_by/properties/_id&amp;quot;}
    domain: &amp;quot;syntax&amp;quot;
    ignored: [&amp;quot;$id&amp;quot;,&amp;quot;examples&amp;quot;]
warning: the following keywords are unknown and will be ignored: [$id, examples]
    level: &amp;quot;warning&amp;quot;
    schema: {&amp;quot;loadingURI&amp;quot;:&amp;quot;file:/Users/anuradharaman/eclipse-workspace/Anu/KFAPITestAutomation/target/test-classes/listAllFlows.json#&amp;quot;,&amp;quot;pointer&amp;quot;:&amp;quot;/items/properties/Status&amp;quot;}
    domain: &amp;quot;syntax&amp;quot;
    ignored: [&amp;quot;$id&amp;quot;,&amp;quot;examples&amp;quot;]
warning: the following keywords are unknown and will be ignored: [$id, examples]
    level: &amp;quot;warning&amp;quot;
    schema: {&amp;quot;loadingURI&amp;quot;:&amp;quot;file:/Users/anuradharaman/eclipse-workspace/Anu/KFAPITestAutomation/target/test-classes/listAllFlows.json#&amp;quot;,&amp;quot;pointer&amp;quot;:&amp;quot;/items/properties/Type&amp;quot;}
    domain: &amp;quot;syntax&amp;quot;
    ignored: [&amp;quot;$id&amp;quot;,&amp;quot;examples&amp;quot;]
warning: the following keywords are unknown and will be ignored: [$id, examples]
    level: &amp;quot;warning&amp;quot;
    schema: {&amp;quot;loadingURI&amp;quot;:&amp;quot;file:/Users/anuradharaman/eclipse-workspace/Anu/KFAPITestAutomation/target/test-classes/listAllFlows.json#&amp;quot;,&amp;quot;pointer&amp;quot;:&amp;quot;/items/properties/_created_at&amp;quot;}
    domain: &amp;quot;syntax&amp;quot;
    ignored: [&amp;quot;$id&amp;quot;,&amp;quot;examples&amp;quot;]
warning: the following keywords are unknown and will be ignored: [$id, examples]
    level: &amp;quot;warning&amp;quot;
    schema: {&amp;quot;loadingURI&amp;quot;:&amp;quot;file:/Users/anuradharaman/eclipse-workspace/Anu/KFAPITestAutomation/target/test-classes/listAllFlows.json#&amp;quot;,&amp;quot;pointer&amp;quot;:&amp;quot;/items/properties/_created_by&amp;quot;}
    domain: &amp;quot;syntax&amp;quot;
    ignored: [&amp;quot;$id&amp;quot;,&amp;quot;examples&amp;quot;]
warning: the following keywords are unknown and will be ignored: [$id, examples]
    level: &amp;quot;warning&amp;quot;
    schema: {&amp;quot;loadingURI&amp;quot;:&amp;quot;file:/Users/anuradharaman/eclipse-workspace/Anu/KFAPITestAutomation/target/test-classes/listAllFlows.json#&amp;quot;,&amp;quot;pointer&amp;quot;:&amp;quot;/items/properties/_created_by/properties/Name&amp;quot;}
    domain: &amp;quot;syntax&amp;quot;
    ignored: [&amp;quot;$id&amp;quot;,&amp;quot;examples&amp;quot;]
warning: the following keywords are unknown and will be ignored: [$id, examples]
    level: &amp;quot;warning&amp;quot;
    schema: {&amp;quot;loadingURI&amp;quot;:&amp;quot;file:/Users/anuradharaman/eclipse-workspace/Anu/KFAPITestAutomation/target/test-classes/listAllFlows.json#&amp;quot;,&amp;quot;pointer&amp;quot;:&amp;quot;/items/properties/_created_by/properties/_id&amp;quot;}
    domain: &amp;quot;syntax&amp;quot;
    ignored: [&amp;quot;$id&amp;quot;,&amp;quot;examples&amp;quot;]
warning: the following keywords are unknown and will be ignored: [$id, examples]
    level: &amp;quot;warning&amp;quot;
    schema: {&amp;quot;loadingURI&amp;quot;:&amp;quot;file:/Users/anuradharaman/eclipse-workspace/Anu/KFAPITestAutomation/target/test-classes/listAllFlows.json#&amp;quot;,&amp;quot;pointer&amp;quot;:&amp;quot;/items/properties/_id&amp;quot;}
    domain: &amp;quot;syntax&amp;quot;
    ignored: [&amp;quot;$id&amp;quot;,&amp;quot;examples&amp;quot;]
warning: the following keywords are unknown and will be ignored: [$id, examples]
    level: &amp;quot;warning&amp;quot;
    schema: {&amp;quot;loadingURI&amp;quot;:&amp;quot;file:/Users/anuradharaman/eclipse-workspace/Anu/KFAPITestAutomation/target/test-classes/listAllFlows.json#&amp;quot;,&amp;quot;pointer&amp;quot;:&amp;quot;/items/properties/_modified_at&amp;quot;}
    domain: &amp;quot;syntax&amp;quot;
    ignored: [&amp;quot;$id&amp;quot;,&amp;quot;examples&amp;quot;]
warning: the following keywords are unknown and will be ignored: [$id, examples]
    level: &amp;quot;warning&amp;quot;
    schema: {&amp;quot;loadingURI&amp;quot;:&amp;quot;file:/Users/anuradharaman/eclipse-workspace/Anu/KFAPITestAutomation/target/test-classes/listAllFlows.json#&amp;quot;,&amp;quot;pointer&amp;quot;:&amp;quot;/items/properties/_modified_by&amp;quot;}
    domain: &amp;quot;syntax&amp;quot;
    ignored: [&amp;quot;$id&amp;quot;,&amp;quot;examples&amp;quot;]
warning: the following keywords are unknown and will be ignored: [$id, examples]
    level: &amp;quot;warning&amp;quot;
    schema: {&amp;quot;loadingURI&amp;quot;:&amp;quot;file:/Users/anuradharaman/eclipse-workspace/Anu/KFAPITestAutomation/target/test-classes/listAllFlows.json#&amp;quot;,&amp;quot;pointer&amp;quot;:&amp;quot;/items/properties/_modified_by/properties/_id&amp;quot;}
    domain: &amp;quot;syntax&amp;quot;
    ignored: [&amp;quot;$id&amp;quot;,&amp;quot;examples&amp;quot;]
warning: the following keywords are unknown and will be ignored: [$id, examples]
    level: &amp;quot;warning&amp;quot;
    schema: {&amp;quot;loadingURI&amp;quot;:&amp;quot;file:/Users/anuradharaman/eclipse-workspace/Anu/KFAPITestAutomation/target/test-classes/listAllFlows.json#&amp;quot;,&amp;quot;pointer&amp;quot;:&amp;quot;/items&amp;quot;}
    domain: &amp;quot;syntax&amp;quot;
    ignored: [&amp;quot;$id&amp;quot;,&amp;quot;examples&amp;quot;]
warning: the following keywords are unknown and will be ignored: [$id, examples]
    level: &amp;quot;warning&amp;quot;
    schema: {&amp;quot;loadingURI&amp;quot;:&amp;quot;file:/Users/anuradharaman/eclipse-workspace/Anu/KFAPITestAutomation/target/test-classes/listAllFlows.json#&amp;quot;,&amp;quot;pointer&amp;quot;:&amp;quot;/items/properties/Channel&amp;quot;}
    domain: &amp;quot;syntax&amp;quot;
    ignored: [&amp;quot;$id&amp;quot;,&amp;quot;examples&amp;quot;]
warning: the following keywords are unknown and will be ignored: [$id, examples]
    level: &amp;quot;warning&amp;quot;
    schema: {&amp;quot;loadingURI&amp;quot;:&amp;quot;file:/Users/anuradharaman/eclipse-workspace/Anu/KFAPITestAutomation/target/test-classes/listAllFlows.json#&amp;quot;,&amp;quot;pointer&amp;quot;:&amp;quot;/items/properties/Channel/properties/Visibility&amp;quot;}
    domain: &amp;quot;syntax&amp;quot;
    ignored: [&amp;quot;$id&amp;quot;,&amp;quot;examples&amp;quot;]
warning: the following keywords are unknown and will be ignored: [$id, examples]
    level: &amp;quot;warning&amp;quot;
    schema: {&amp;quot;loadingURI&amp;quot;:&amp;quot;file:/Users/anuradharaman/eclipse-workspace/Anu/KFAPITestAutomation/target/test-classes/listAllFlows.json#&amp;quot;,&amp;quot;pointer&amp;quot;:&amp;quot;/items/properties/Description&amp;quot;}
    domain: &amp;quot;syntax&amp;quot;
    ignored: [&amp;quot;$id&amp;quot;,&amp;quot;examples&amp;quot;]
warning: the following keywords are unknown and will be ignored: [$id, examples]
    level: &amp;quot;warning&amp;quot;
    schema: {&amp;quot;loadingURI&amp;quot;:&amp;quot;file:/Users/anuradharaman/eclipse-workspace/Anu/KFAPITestAutomation/target/test-classes/listAllFlows.json#&amp;quot;,&amp;quot;pointer&amp;quot;:&amp;quot;/items/properties/Name&amp;quot;}
    domain: &amp;quot;syntax&amp;quot;
    ignored: [&amp;quot;$id&amp;quot;,&amp;quot;examples&amp;quot;]
warning: the following keywords are unknown and will be ignored: [$id]
    level: &amp;quot;warning&amp;quot;
    schema: {&amp;quot;loadingURI&amp;quot;:&amp;quot;file:/Users/anuradharaman/eclipse-workspace/Anu/KFAPITestAutomation/target/test-classes/listAllFlows.json#&amp;quot;,&amp;quot;pointer&amp;quot;:&amp;quot;/items/properties/SharedWith&amp;quot;}
    domain: &amp;quot;syntax&amp;quot;
    ignored: [&amp;quot;$id&amp;quot;]
warning: the following keywords are unknown and will be ignored: [$id, examples]
    level: &amp;quot;warning&amp;quot;
    schema: {&amp;quot;loadingURI&amp;quot;:&amp;quot;file:/Users/anuradharaman/eclipse-workspace/Anu/KFAPITestAutomation/target/test-classes/listAllFlows.json#&amp;quot;,&amp;quot;pointer&amp;quot;:&amp;quot;/items/properties/SharedWith/items&amp;quot;}
    domain: &amp;quot;syntax&amp;quot;
    ignored: [&amp;quot;$id&amp;quot;,&amp;quot;examples&amp;quot;]
warning: the following keywords are unknown and will be ignored: [$id, examples]
    level: &amp;quot;warning&amp;quot;
    schema: {&amp;quot;loadingURI&amp;quot;:&amp;quot;file:/Users/anuradharaman/eclipse-workspace/Anu/KFAPITestAutomation/target/test-classes/listAllFlows.json#&amp;quot;,&amp;quot;pointer&amp;quot;:&amp;quot;/items/properties/SharedWith/items/properties/Kind&amp;quot;}
    domain: &amp;quot;syntax&amp;quot;
    ignored: [&amp;quot;$id&amp;quot;,&amp;quot;examples&amp;quot;]
warning: the following keywords are unknown and will be ignored: [$id, examples]
    level: &amp;quot;warning&amp;quot;
    schema: {&amp;quot;loadingURI&amp;quot;:&amp;quot;file:/Users/anuradharaman/eclipse-workspace/Anu/KFAPITestAutomation/target/test-classes/listAllFlows.json#&amp;quot;,&amp;quot;pointer&amp;quot;:&amp;quot;/items/properties/SharedWith/items/properties/Name&amp;quot;}
    domain: &amp;quot;syntax&amp;quot;
    ignored: [&amp;quot;$id&amp;quot;,&amp;quot;examples&amp;quot;]
warning: the following keywords are unknown and will be ignored: [$id]
    level: &amp;quot;warning&amp;quot;
    schema: {&amp;quot;loadingURI&amp;quot;:&amp;quot;file:/Users/anuradharaman/eclipse-workspace/Anu/KFAPITestAutomation/target/test-classes/listAllFlows.json#&amp;quot;,&amp;quot;pointer&amp;quot;:&amp;quot;/items/properties/SharedWith/items/properties/Permission&amp;quot;}
    domain: &amp;quot;syntax&amp;quot;
    ignored: [&amp;quot;$id&amp;quot;]
warning: the following keywords are unknown and will be ignored: [$id, examples]
    level: &amp;quot;warning&amp;quot;
    schema: {&amp;quot;loadingURI&amp;quot;:&amp;quot;file:/Users/anuradharaman/eclipse-workspace/Anu/KFAPITestAutomation/target/test-classes/listAllFlows.json#&amp;quot;,&amp;quot;pointer&amp;quot;:&amp;quot;/items/properties/SharedWith/items/properties/Permission/items&amp;quot;}
    domain: &amp;quot;syntax&amp;quot;
    ignored: [&amp;quot;$id&amp;quot;,&amp;quot;examples&amp;quot;]
warning: the following keywords are unknown and will be ignored: [$id, examples]
    level: &amp;quot;warning&amp;quot;
    schema: {&amp;quot;loadingURI&amp;quot;:&amp;quot;file:/Users/anuradharaman/eclipse-workspace/Anu/KFAPITestAutomation/target/test-classes/listAllFlows.json#&amp;quot;,&amp;quot;pointer&amp;quot;:&amp;quot;/items/properties/SharedWith/items/properties/_created_at&amp;quot;}
    domain: &amp;quot;syntax&amp;quot;
    ignored: [&amp;quot;$id&amp;quot;,&amp;quot;examples&amp;quot;]
warning: the following keywords are unknown and will be ignored: [$id, examples]
    level: &amp;quot;warning&amp;quot;
    schema: {&amp;quot;loadingURI&amp;quot;:&amp;quot;file:/Users/anuradharaman/eclipse-workspace/Anu/KFAPITestAutomation/target/test-classes/listAllFlows.json#&amp;quot;,&amp;quot;pointer&amp;quot;:&amp;quot;/items/properties/SharedWith/items/properties/_created_by&amp;quot;}
    domain: &amp;quot;syntax&amp;quot;
    ignored: [&amp;quot;$id&amp;quot;,&amp;quot;examples&amp;quot;]
warning: the following keywords are unknown and will be ignored: [$id, examples]
    level: &amp;quot;warning&amp;quot;
    schema: {&amp;quot;loadingURI&amp;quot;:&amp;quot;file:/Users/anuradharaman/eclipse-workspace/Anu/KFAPITestAutomation/target/test-classes/listAllFlows.json#&amp;quot;,&amp;quot;pointer&amp;quot;:&amp;quot;/items/properties/SharedWith/items/properties/_created_by/properties/Kind&amp;quot;}
    domain: &amp;quot;syntax&amp;quot;
    ignored: [&amp;quot;$id&amp;quot;,&amp;quot;examples&amp;quot;]
warning: the following keywords are unknown and will be ignored: [$id, examples]
    level: &amp;quot;warning&amp;quot;
    schema: {&amp;quot;loadingURI&amp;quot;:&amp;quot;file:/Users/anuradharaman/eclipse-workspace/Anu/KFAPITestAutomation/target/test-classes/listAllFlows.json#&amp;quot;,&amp;quot;pointer&amp;quot;:&amp;quot;/items/properties/SharedWith/items/properties/_created_by/properties/Name&amp;quot;}
    domain: &amp;quot;syntax&amp;quot;
    ignored: [&amp;quot;$id&amp;quot;,&amp;quot;examples&amp;quot;]
warning: the following keywords are unknown and will be ignored: [$id, examples]
    level: &amp;quot;warning&amp;quot;
    schema: {&amp;quot;loadingURI&amp;quot;:&amp;quot;file:/Users/anuradharaman/eclipse-workspace/Anu/KFAPITestAutomation/target/test-classes/listAllFlows.json#&amp;quot;,&amp;quot;pointer&amp;quot;:&amp;quot;/items/properties/SharedWith/items/properties/_created_by/properties/_id&amp;quot;}
    domain: &amp;quot;syntax&amp;quot;
    ignored: [&amp;quot;$id&amp;quot;,&amp;quot;examples&amp;quot;]
warning: the following keywords are unknown and will be ignored: [$id, examples]
    level: &amp;quot;warning&amp;quot;
    schema: {&amp;quot;loadingURI&amp;quot;:&amp;quot;file:/Users/anuradharaman/eclipse-workspace/Anu/KFAPITestAutomation/target/test-classes/listAllFlows.json#&amp;quot;,&amp;quot;pointer&amp;quot;:&amp;quot;/items/properties/SharedWith/items/properties/_id&amp;quot;}
    domain: &amp;quot;syntax&amp;quot;
    ignored: [&amp;quot;$id&amp;quot;,&amp;quot;examples&amp;quot;]
warning: the following keywords are unknown and will be ignored: [$id, examples]
    level: &amp;quot;warning&amp;quot;
    schema: {&amp;quot;loadingURI&amp;quot;:&amp;quot;file:/Users/anuradharaman/eclipse-workspace/Anu/KFAPITestAutomation/target/test-classes/listAllFlows.json#&amp;quot;,&amp;quot;pointer&amp;quot;:&amp;quot;/items/properties/SharedWith/items/properties/_modified_at&amp;quot;}
    domain: &amp;quot;syntax&amp;quot;
    ignored: [&amp;quot;$id&amp;quot;,&amp;quot;examples&amp;quot;]
warning: the following keywords are unknown and will be ignored: [$id, examples]
    level: &amp;quot;warning&amp;quot;
    schema: {&amp;quot;loadingURI&amp;quot;:&amp;quot;file:/Users/anuradharaman/eclipse-workspace/Anu/KFAPITestAutomation/target/test-classes/listAllFlows.json#&amp;quot;,&amp;quot;pointer&amp;quot;:&amp;quot;/items/properties/SharedWith/items/properties/_modified_by&amp;quot;}
    domain: &amp;quot;syntax&amp;quot;
    ignored: [&amp;quot;$id&amp;quot;,&amp;quot;examples&amp;quot;]
warning: the following keywords are unknown and will be ignored: [$id, examples]
    level: &amp;quot;warning&amp;quot;
    schema: {&amp;quot;loadingURI&amp;quot;:&amp;quot;file:/Users/anuradharaman/eclipse-workspace/Anu/KFAPITestAutomation/target/test-classes/listAllFlows.json#&amp;quot;,&amp;quot;pointer&amp;quot;:&amp;quot;/items/properties/SharedWith/items/properties/_modified_by/properties/Kind&amp;quot;}
    domain: &amp;quot;syntax&amp;quot;
    ignored: [&amp;quot;$id&amp;quot;,&amp;quot;examples&amp;quot;]
warning: the following keywords are unknown and will be ignored: [$id, examples]
    level: &amp;quot;warning&amp;quot;
    schema: {&amp;quot;loadingURI&amp;quot;:&amp;quot;file:/Users/anuradharaman/eclipse-workspace/Anu/KFAPITestAutomation/target/test-classes/listAllFlows.json#&amp;quot;,&amp;quot;pointer&amp;quot;:&amp;quot;/items/properties/SharedWith/items/properties/_modified_by/properties/Name&amp;quot;}
    domain: &amp;quot;syntax&amp;quot;
    ignored: [&amp;quot;$id&amp;quot;,&amp;quot;examples&amp;quot;]
warning: the following keywords are unknown and will be ignored: [$id, examples]
    level: &amp;quot;warning&amp;quot;
    schema: {&amp;quot;loadingURI&amp;quot;:&amp;quot;file:/Users/anuradharaman/eclipse-workspace/Anu/KFAPITestAutomation/target/test-classes/listAllFlows.json#&amp;quot;,&amp;quot;pointer&amp;quot;:&amp;quot;/items/properties/SharedWith/items/properties/_modified_by/properties/_id&amp;quot;}
    domain: &amp;quot;syntax&amp;quot;
    ignored: [&amp;quot;$id&amp;quot;,&amp;quot;examples&amp;quot;]
warning: the following keywords are unknown and will be ignored: [$id, examples]
    level: &amp;quot;warning&amp;quot;
    schema: {&amp;quot;loadingURI&amp;quot;:&amp;quot;file:/Users/anuradharaman/eclipse-workspace/Anu/KFAPITestAutomation/target/test-classes/listAllFlows.json#&amp;quot;,&amp;quot;pointer&amp;quot;:&amp;quot;/items/properties/Status&amp;quot;}
    domain: &amp;quot;syntax&amp;quot;
    ignored: [&amp;quot;$id&amp;quot;,&amp;quot;examples&amp;quot;]
warning: the following keywords are unknown and will be ignored: [$id, examples]
    level: &amp;quot;warning&amp;quot;
    schema: {&amp;quot;loadingURI&amp;quot;:&amp;quot;file:/Users/anuradharaman/eclipse-workspace/Anu/KFAPITestAutomation/target/test-classes/listAllFlows.json#&amp;quot;,&amp;quot;pointer&amp;quot;:&amp;quot;/items/properties/Type&amp;quot;}
    domain: &amp;quot;syntax&amp;quot;
    ignored: [&amp;quot;$id&amp;quot;,&amp;quot;examples&amp;quot;]
warning: the following keywords are unknown and will be ignored: [$id, examples]
    level: &amp;quot;warning&amp;quot;
    schema: {&amp;quot;loadingURI&amp;quot;:&amp;quot;file:/Users/anuradharaman/eclipse-workspace/Anu/KFAPITestAutomation/target/test-classes/listAllFlows.json#&amp;quot;,&amp;quot;pointer&amp;quot;:&amp;quot;/items/properties/_created_at&amp;quot;}
    domain: &amp;quot;syntax&amp;quot;
    ignored: [&amp;quot;$id&amp;quot;,&amp;quot;examples&amp;quot;]
warning: the following keywords are unknown and will be ignored: [$id, examples]
    level: &amp;quot;warning&amp;quot;
    schema: {&amp;quot;loadingURI&amp;quot;:&amp;quot;file:/Users/anuradharaman/eclipse-workspace/Anu/KFAPITestAutomation/target/test-classes/listAllFlows.json#&amp;quot;,&amp;quot;pointer&amp;quot;:&amp;quot;/items/properties/_created_by&amp;quot;}
    domain: &amp;quot;syntax&amp;quot;
    ignored: [&amp;quot;$id&amp;quot;,&amp;quot;examples&amp;quot;]
warning: the following keywords are unknown and will be ignored: [$id, examples]
    level: &amp;quot;warning&amp;quot;
    schema: {&amp;quot;loadingURI&amp;quot;:&amp;quot;file:/Users/anuradharaman/eclipse-workspace/Anu/KFAPITestAutomation/target/test-classes/listAllFlows.json#&amp;quot;,&amp;quot;pointer&amp;quot;:&amp;quot;/items/properties/_created_by/properties/Name&amp;quot;}
    domain: &amp;quot;syntax&amp;quot;
    ignored: [&amp;quot;$id&amp;quot;,&amp;quot;examples&amp;quot;]
warning: the following keywords are unknown and will be ignored: [$id, examples]
    level: &amp;quot;warning&amp;quot;
    schema: {&amp;quot;loadingURI&amp;quot;:&amp;quot;file:/Users/anuradharaman/eclipse-workspace/Anu/KFAPITestAutomation/target/test-classes/listAllFlows.json#&amp;quot;,&amp;quot;pointer&amp;quot;:&amp;quot;/items/properties/_created_by/properties/_id&amp;quot;}
    domain: &amp;quot;syntax&amp;quot;
    ignored: [&amp;quot;$id&amp;quot;,&amp;quot;examples&amp;quot;]
warning: the following keywords are unknown and will be ignored: [$id, examples]
    level: &amp;quot;warning&amp;quot;
    schema: {&amp;quot;loadingURI&amp;quot;:&amp;quot;file:/Users/anuradharaman/eclipse-workspace/Anu/KFAPITestAutomation/target/test-classes/listAllFlows.json#&amp;quot;,&amp;quot;pointer&amp;quot;:&amp;quot;/items/properties/_id&amp;quot;}
    domain: &amp;quot;syntax&amp;quot;
    ignored: [&amp;quot;$id&amp;quot;,&amp;quot;examples&amp;quot;]
warning: the following keywords are unknown and will be ignored: [$id, examples]
    level: &amp;quot;warning&amp;quot;
    schema: {&amp;quot;loadingURI&amp;quot;:&amp;quot;file:/Users/anuradharaman/eclipse-workspace/Anu/KFAPITestAutomation/target/test-classes/listAllFlows.json#&amp;quot;,&amp;quot;pointer&amp;quot;:&amp;quot;/items/properties/_modified_at&amp;quot;}
    domain: &amp;quot;syntax&amp;quot;
    ignored: [&amp;quot;$id&amp;quot;,&amp;quot;examples&amp;quot;]
warning: the following keywords are unknown and will be ignored: [$id, examples]
    level: &amp;quot;warning&amp;quot;
    schema: {&amp;quot;loadingURI&amp;quot;:&amp;quot;file:/Users/anuradharaman/eclipse-workspace/Anu/KFAPITestAutomation/target/test-classes/listAllFlows.json#&amp;quot;,&amp;quot;pointer&amp;quot;:&amp;quot;/items/properties/_modified_by&amp;quot;}
    domain: &amp;quot;syntax&amp;quot;
    ignored: [&amp;quot;$id&amp;quot;,&amp;quot;examples&amp;quot;]
warning: the following keywords are unknown and will be ignored: [$id, examples]
    level: &amp;quot;warning&amp;quot;
    schema: {&amp;quot;loadingURI&amp;quot;:&amp;quot;file:/Users/anuradharaman/eclipse-workspace/Anu/KFAPITestAutomation/target/test-classes/listAllFlows.json#&amp;quot;,&amp;quot;pointer&amp;quot;:&amp;quot;/items/properties/_modified_by/properties/_id&amp;quot;}
    domain: &amp;quot;syntax&amp;quot;
    ignored: [&amp;quot;$id&amp;quot;,&amp;quot;examples&amp;quot;]
warning: the following keywords are unknown and will be ignored: [$id, examples]
    level: &amp;quot;warning&amp;quot;
    schema: {&amp;quot;loadingURI&amp;quot;:&amp;quot;file:/Users/anuradharaman/eclipse-workspace/Anu/KFAPITestAutomation/target/test-classes/listAllFlows.json#&amp;quot;,&amp;quot;pointer&amp;quot;:&amp;quot;/items/properties/Channel&amp;quot;}
    domain: &amp;quot;syntax&amp;quot;
    ignored: [&amp;quot;$id&amp;quot;,&amp;quot;examples&amp;quot;]
warning: the following keywords are unknown and will be ignored: [$id, examples]
    level: &amp;quot;warning&amp;quot;
    schema: {&amp;quot;loadingURI&amp;quot;:&amp;quot;file:/Users/anuradharaman/eclipse-workspace/Anu/KFAPITestAutomation/target/test-classes/listAllFlows.json#&amp;quot;,&amp;quot;pointer&amp;quot;:&amp;quot;/items/properties/Channel/properties/Visibility&amp;quot;}
    domain: &amp;quot;syntax&amp;quot;
    ignored: [&amp;quot;$id&amp;quot;,&amp;quot;examples&amp;quot;]
warning: the following keywords are unknown and will be ignored: [$id, examples]
    level: &amp;quot;warning&amp;quot;
    schema: {&amp;quot;loadingURI&amp;quot;:&amp;quot;file:/Users/anuradharaman/eclipse-workspace/Anu/KFAPITestAutomation/target/test-classes/listAllFlows.json#&amp;quot;,&amp;quot;pointer&amp;quot;:&amp;quot;/items/properties/Channel/properties/Visibility&amp;quot;}
    domain: &amp;quot;syntax&amp;quot;
    ignored: [&amp;quot;$id&amp;quot;,&amp;quot;examples&amp;quot;]
warning: the following keywords are unknown and will be ignored: [$id, examples]
    level: &amp;quot;warning&amp;quot;
    schema: {&amp;quot;loadingURI&amp;quot;:&amp;quot;file:/Users/anuradharaman/eclipse-workspace/Anu/KFAPITestAutomation/target/test-classes/listAllFlows.json#&amp;quot;,&amp;quot;pointer&amp;quot;:&amp;quot;/items/properties/Description&amp;quot;}
    domain: &amp;quot;syntax&amp;quot;
    ignored: [&amp;quot;$id&amp;quot;,&amp;quot;examples&amp;quot;]
warning: the following keywords are unknown and will be ignored: [$id, examples]
    level: &amp;quot;warning&amp;quot;
    schema: {&amp;quot;loadingURI&amp;quot;:&amp;quot;file:/Users/anuradharaman/eclipse-workspace/Anu/KFAPITestAutomation/target/test-classes/listAllFlows.json#&amp;quot;,&amp;quot;pointer&amp;quot;:&amp;quot;/items/properties/Name&amp;quot;}
    domain: &amp;quot;syntax&amp;quot;
    ignored: [&amp;quot;$id&amp;quot;,&amp;quot;examples&amp;quot;]
warning: the following keywords are unknown and will be ignored: [$id]
    level: &amp;quot;warning&amp;quot;
    schema: {&amp;quot;loadingURI&amp;quot;:&amp;quot;file:/Users/anuradharaman/eclipse-workspace/Anu/KFAPITestAutomation/target/test-classes/listAllFlows.json#&amp;quot;,&amp;quot;pointer&amp;quot;:&amp;quot;/items/properties/SharedWith&amp;quot;}
    domain: &amp;quot;syntax&amp;quot;
    ignored: [&amp;quot;$id&amp;quot;]
warning: the following keywords are unknown and will be ignored: [$id, examples]
    level: &amp;quot;warning&amp;quot;
    schema: {&amp;quot;loadingURI&amp;quot;:&amp;quot;file:/Users/anuradharaman/eclipse-workspace/Anu/KFAPITestAutomation/target/test-classes/listAllFlows.json#&amp;quot;,&amp;quot;pointer&amp;quot;:&amp;quot;/items/properties/SharedWith/items&amp;quot;}
    domain: &amp;quot;syntax&amp;quot;
    ignored: [&amp;quot;$id&amp;quot;,&amp;quot;examples&amp;quot;]
warning: the following keywords are unknown and will be ignored: [$id, examples]
    level: &amp;quot;warning&amp;quot;
    schema: {&amp;quot;loadingURI&amp;quot;:&amp;quot;file:/Users/anuradharaman/eclipse-workspace/Anu/KFAPITestAutomation/target/test-classes/listAllFlows.json#&amp;quot;,&amp;quot;pointer&amp;quot;:&amp;quot;/items/properties/SharedWith/items/properties/Kind&amp;quot;}
    domain: &amp;quot;syntax&amp;quot;
    ignored: [&amp;quot;$id&amp;quot;,&amp;quot;examples&amp;quot;]
warning: the following keywords are unknown and will be ignored: [$id, examples]
    level: &amp;quot;warning&amp;quot;
    schema: {&amp;quot;loadingURI&amp;quot;:&amp;quot;file:/Users/anuradharaman/eclipse-workspace/Anu/KFAPITestAutomation/target/test-classes/listAllFlows.json#&amp;quot;,&amp;quot;pointer&amp;quot;:&amp;quot;/items/properties/SharedWith/items/properties/Name&amp;quot;}
    domain: &amp;quot;syntax&amp;quot;
    ignored: [&amp;quot;$id&amp;quot;,&amp;quot;examples&amp;quot;]
warning: the following keywords are unknown and will be ignored: [$id]
    level: &amp;quot;warning&amp;quot;
    schema: {&amp;quot;loadingURI&amp;quot;:&amp;quot;file:/Users/anuradharaman/eclipse-workspace/Anu/KFAPITestAutomation/target/test-classes/listAllFlows.json#&amp;quot;,&amp;quot;pointer&amp;quot;:&amp;quot;/items/properties/SharedWith/items/properties/Permission&amp;quot;}
    domain: &amp;quot;syntax&amp;quot;
    ignored: [&amp;quot;$id&amp;quot;]
warning: the following keywords are unknown and will be ignored: [$id, examples]
    level: &amp;quot;warning&amp;quot;
    schema: {&amp;quot;loadingURI&amp;quot;:&amp;quot;file:/Users/anuradharaman/eclipse-workspace/Anu/KFAPITestAutomation/target/test-classes/listAllFlows.json#&amp;quot;,&amp;quot;pointer&amp;quot;:&amp;quot;/items/properties/SharedWith/items/properties/Permission/items&amp;quot;}
    domain: &amp;quot;syntax&amp;quot;
    ignored: [&amp;quot;$id&amp;quot;,&amp;quot;examples&amp;quot;]
warning: the following keywords are unknown and will be ignored: [$id, examples]
    level: &amp;quot;warning&amp;quot;
    schema: {&amp;quot;loadingURI&amp;quot;:&amp;quot;file:/Users/anuradharaman/eclipse-workspace/Anu/KFAPITestAutomation/target/test-classes/listAllFlows.json#&amp;quot;,&amp;quot;pointer&amp;quot;:&amp;quot;/items/properties/SharedWith/items/properties/_created_at&amp;quot;}
    domain: &amp;quot;syntax&amp;quot;
    ignored: [&amp;quot;$id&amp;quot;,&amp;quot;examples&amp;quot;]
warning: the following keywords are unknown and will be ignored: [$id, examples]
    level: &amp;quot;warning&amp;quot;
    schema: {&amp;quot;loadingURI&amp;quot;:&amp;quot;file:/Users/anuradharaman/eclipse-workspace/Anu/KFAPITestAutomation/target/test-classes/listAllFlows.json#&amp;quot;,&amp;quot;pointer&amp;quot;:&amp;quot;/items/properties/SharedWith/items/properties/_created_by&amp;quot;}
    domain: &amp;quot;syntax&amp;quot;
    ignored: [&amp;quot;$id&amp;quot;,&amp;quot;examples&amp;quot;]
warning: the following keywords are unknown and will be ignored: [$id, examples]
    level: &amp;quot;warning&amp;quot;
    schema: {&amp;quot;loadingURI&amp;quot;:&amp;quot;file:/Users/anuradharaman/eclipse-workspace/Anu/KFAPITestAutomation/target/test-classes/listAllFlows.json#&amp;quot;,&amp;quot;pointer&amp;quot;:&amp;quot;/items/properties/SharedWith/items/properties/_created_by/properties/Kind&amp;quot;}
    domain: &amp;quot;syntax&amp;quot;
    ignored: [&amp;quot;$id&amp;quot;,&amp;quot;examples&amp;quot;]
warning: the following keywords are unknown and will be ignored: [$id, examples]
    level: &amp;quot;warning&amp;quot;
    schema: {&amp;quot;loadingURI&amp;quot;:&amp;quot;file:/Users/anuradharaman/eclipse-workspace/Anu/KFAPITestAutomation/target/test-classes/listAllFlows.json#&amp;quot;,&amp;quot;pointer&amp;quot;:&amp;quot;/items/properties/SharedWith/items/properties/_created_by/properties/Name&amp;quot;}
    domain: &amp;quot;syntax&amp;quot;
    ignored: [&amp;quot;$id&amp;quot;,&amp;quot;examples&amp;quot;]
warning: the following keywords are unknown and will be ignored: [$id, examples]
    level: &amp;quot;warning&amp;quot;
    schema: {&amp;quot;loadingURI&amp;quot;:&amp;quot;file:/Users/anuradharaman/eclipse-workspace/Anu/KFAPITestAutomation/target/test-classes/listAllFlows.json#&amp;quot;,&amp;quot;pointer&amp;quot;:&amp;quot;/items/properties/SharedWith/items/properties/_created_by/properties/_id&amp;quot;}
    domain: &amp;quot;syntax&amp;quot;
    ignored: [&amp;quot;$id&amp;quot;,&amp;quot;examples&amp;quot;]
warning: the following keywords are unknown and will be ignored: [$id, examples]
    level: &amp;quot;warning&amp;quot;
    schema: {&amp;quot;loadingURI&amp;quot;:&amp;quot;file:/Users/anuradharaman/eclipse-workspace/Anu/KFAPITestAutomation/target/test-classes/listAllFlows.json#&amp;quot;,&amp;quot;pointer&amp;quot;:&amp;quot;/items/properties/SharedWith/items/properties/_id&amp;quot;}
    domain: &amp;quot;syntax&amp;quot;
    ignored: [&amp;quot;$id&amp;quot;,&amp;quot;examples&amp;quot;]
warning: the following keywords are unknown and will be ignored: [$id, examples]
    level: &amp;quot;warning&amp;quot;
    schema: {&amp;quot;loadingURI&amp;quot;:&amp;quot;file:/Users/anuradharaman/eclipse-workspace/Anu/KFAPITestAutomation/target/test-classes/listAllFlows.json#&amp;quot;,&amp;quot;pointer&amp;quot;:&amp;quot;/items/properties/SharedWith/items/properties/_modified_at&amp;quot;}
    domain: &amp;quot;syntax&amp;quot;
    ignored: [&amp;quot;$id&amp;quot;,&amp;quot;examples&amp;quot;]
warning: the following keywords are unknown and will be ignored: [$id, examples]
    level: &amp;quot;warning&amp;quot;
    schema: {&amp;quot;loadingURI&amp;quot;:&amp;quot;file:/Users/anuradharaman/eclipse-workspace/Anu/KFAPITestAutomation/target/test-classes/listAllFlows.json#&amp;quot;,&amp;quot;pointer&amp;quot;:&amp;quot;/items/properties/SharedWith/items/properties/_modified_by&amp;quot;}
    domain: &amp;quot;syntax&amp;quot;
    ignored: [&amp;quot;$id&amp;quot;,&amp;quot;examples&amp;quot;]
warning: the following keywords are unknown and will be ignored: [$id, examples]
    level: &amp;quot;warning&amp;quot;
    schema: {&amp;quot;loadingURI&amp;quot;:&amp;quot;file:/Users/anuradharaman/eclipse-workspace/Anu/KFAPITestAutomation/target/test-classes/listAllFlows.json#&amp;quot;,&amp;quot;pointer&amp;quot;:&amp;quot;/items/properties/SharedWith/items/properties/_modified_by/properties/Kind&amp;quot;}
    domain: &amp;quot;syntax&amp;quot;
    ignored: [&amp;quot;$id&amp;quot;,&amp;quot;examples&amp;quot;]
warning: the following keywords are unknown and will be ignored: [$id, examples]
    level: &amp;quot;warning&amp;quot;
    schema: {&amp;quot;loadingURI&amp;quot;:&amp;quot;file:/Users/anuradharaman/eclipse-workspace/Anu/KFAPITestAutomation/target/test-classes/listAllFlows.json#&amp;quot;,&amp;quot;pointer&amp;quot;:&amp;quot;/items/properties/SharedWith/items/properties/_modified_by/properties/Name&amp;quot;}
    domain: &amp;quot;syntax&amp;quot;
    ignored: [&amp;quot;$id&amp;quot;,&amp;quot;examples&amp;quot;]
warning: the following keywords are unknown and will be ignored: [$id, examples]
    level: &amp;quot;warning&amp;quot;
    schema: {&amp;quot;loadingURI&amp;quot;:&amp;quot;file:/Users/anuradharaman/eclipse-workspace/Anu/KFAPITestAutomation/target/test-classes/listAllFlows.json#&amp;quot;,&amp;quot;pointer&amp;quot;:&amp;quot;/items/properties/SharedWith/items/properties/_modified_by/properties/_id&amp;quot;}
    domain: &amp;quot;syntax&amp;quot;
    ignored: [&amp;quot;$id&amp;quot;,&amp;quot;examples&amp;quot;]
warning: the following keywords are unknown and will be ignored: [$id, examples]
    level: &amp;quot;warning&amp;quot;
    schema: {&amp;quot;loadingURI&amp;quot;:&amp;quot;file:/Users/anuradharaman/eclipse-workspace/Anu/KFAPITestAutomation/target/test-classes/listAllFlows.json#&amp;quot;,&amp;quot;pointer&amp;quot;:&amp;quot;/items/properties/SharedWith/items&amp;quot;}
    domain: &amp;quot;syntax&amp;quot;
    ignored: [&amp;quot;$id&amp;quot;,&amp;quot;examples&amp;quot;]
warning: the following keywords are unknown and will be ignored: [$id, examples]
    level: &amp;quot;warning&amp;quot;
    schema: {&amp;quot;loadingURI&amp;quot;:&amp;quot;file:/Users/anuradharaman/eclipse-workspace/Anu/KFAPITestAutomation/target/test-classes/listAllFlows.json#&amp;quot;,&amp;quot;pointer&amp;quot;:&amp;quot;/items/properties/SharedWith/items/properties/Kind&amp;quot;}
    domain: &amp;quot;syntax&amp;quot;
    ignored: [&amp;quot;$id&amp;quot;,&amp;quot;examples&amp;quot;]
warning: the following keywords are unknown and will be ignored: [$id, examples]
    level: &amp;quot;warning&amp;quot;
    schema: {&amp;quot;loadingURI&amp;quot;:&amp;quot;file:/Users/anuradharaman/eclipse-workspace/Anu/KFAPITestAutomation/target/test-classes/listAllFlows.json#&amp;quot;,&amp;quot;pointer&amp;quot;:&amp;quot;/items/properties/SharedWith/items/properties/Name&amp;quot;}
    domain: &amp;quot;syntax&amp;quot;
    ignored: [&amp;quot;$id&amp;quot;,&amp;quot;examples&amp;quot;]
warning: the following keywords are unknown and will be ignored: [$id]
    level: &amp;quot;warning&amp;quot;
    schema: {&amp;quot;loadingURI&amp;quot;:&amp;quot;file:/Users/anuradharaman/eclipse-workspace/Anu/KFAPITestAutomation/target/test-classes/listAllFlows.json#&amp;quot;,&amp;quot;pointer&amp;quot;:&amp;quot;/items/properties/SharedWith/items/properties/Permission&amp;quot;}
    domain: &amp;quot;syntax&amp;quot;
    ignored: [&amp;quot;$id&amp;quot;]
warning: the following keywords are unknown and will be ignored: [$id, examples]
    level: &amp;quot;warning&amp;quot;
    schema: {&amp;quot;loadingURI&amp;quot;:&amp;quot;file:/Users/anuradharaman/eclipse-workspace/Anu/KFAPITestAutomation/target/test-classes/listAllFlows.json#&amp;quot;,&amp;quot;pointer&amp;quot;:&amp;quot;/items/properties/SharedWith/items/properties/Permission/items&amp;quot;}
    domain: &amp;quot;syntax&amp;quot;
    ignored: [&amp;quot;$id&amp;quot;,&amp;quot;examples&amp;quot;]
warning: the following keywords are unknown and will be ignored: [$id, examples]
    level: &amp;quot;warning&amp;quot;
    schema: {&amp;quot;loadingURI&amp;quot;:&amp;quot;file:/Users/anuradharaman/eclipse-workspace/Anu/KFAPITestAutomation/target/test-classes/listAllFlows.json#&amp;quot;,&amp;quot;pointer&amp;quot;:&amp;quot;/items/properties/SharedWith/items/properties/_created_at&amp;quot;}
    domain: &amp;quot;syntax&amp;quot;
    ignored: [&amp;quot;$id&amp;quot;,&amp;quot;examples&amp;quot;]
warning: the following keywords are unknown and will be ignored: [$id, examples]
    level: &amp;quot;warning&amp;quot;
    schema: {&amp;quot;loadingURI&amp;quot;:&amp;quot;file:/Users/anuradharaman/eclipse-workspace/Anu/KFAPITestAutomation/target/test-classes/listAllFlows.json#&amp;quot;,&amp;quot;pointer&amp;quot;:&amp;quot;/items/properties/SharedWith/items/properties/_created_by&amp;quot;}
    domain: &amp;quot;syntax&amp;quot;
    ignored: [&amp;quot;$id&amp;quot;,&amp;quot;examples&amp;quot;]
warning: the following keywords are unknown and will be ignored: [$id, examples]
    level: &amp;quot;warning&amp;quot;
    schema: {&amp;quot;loadingURI&amp;quot;:&amp;quot;file:/Users/anuradharaman/eclipse-workspace/Anu/KFAPITestAutomation/target/test-classes/listAllFlows.json#&amp;quot;,&amp;quot;pointer&amp;quot;:&amp;quot;/items/properties/SharedWith/items/properties/_created_by/properties/Kind&amp;quot;}
    domain: &amp;quot;syntax&amp;quot;
    ignored: [&amp;quot;$id&amp;quot;,&amp;quot;examples&amp;quot;]
warning: the following keywords are unknown and will be ignored: [$id, examples]
    level: &amp;quot;warning&amp;quot;
    schema: {&amp;quot;loadingURI&amp;quot;:&amp;quot;file:/Users/anuradharaman/eclipse-workspace/Anu/KFAPITestAutomation/target/test-classes/listAllFlows.json#&amp;quot;,&amp;quot;pointer&amp;quot;:&amp;quot;/items/properties/SharedWith/items/properties/_created_by/properties/Name&amp;quot;}
    domain: &amp;quot;syntax&amp;quot;
    ignored: [&amp;quot;$id&amp;quot;,&amp;quot;examples&amp;quot;]
warning: the following keywords are unknown and will be ignored: [$id, examples]
    level: &amp;quot;warning&amp;quot;
    schema: {&amp;quot;loadingURI&amp;quot;:&amp;quot;file:/Users/anuradharaman/eclipse-workspace/Anu/KFAPITestAutomation/target/test-classes/listAllFlows.json#&amp;quot;,&amp;quot;pointer&amp;quot;:&amp;quot;/items/properties/SharedWith/items/properties/_created_by/properties/_id&amp;quot;}
    domain: &amp;quot;syntax&amp;quot;
    ignored: [&amp;quot;$id&amp;quot;,&amp;quot;examples&amp;quot;]
warning: the following keywords are unknown and will be ignored: [$id, examples]
    level: &amp;quot;warning&amp;quot;
    schema: {&amp;quot;loadingURI&amp;quot;:&amp;quot;file:/Users/anuradharaman/eclipse-workspace/Anu/KFAPITestAutomation/target/test-classes/listAllFlows.json#&amp;quot;,&amp;quot;pointer&amp;quot;:&amp;quot;/items/properties/SharedWith/items/properties/_id&amp;quot;}
    domain: &amp;quot;syntax&amp;quot;
    ignored: [&amp;quot;$id&amp;quot;,&amp;quot;examples&amp;quot;]
warning: the following keywords are unknown and will be ignored: [$id, examples]
    level: &amp;quot;warning&amp;quot;
    schema: {&amp;quot;loadingURI&amp;quot;:&amp;quot;file:/Users/anuradharaman/eclipse-workspace/Anu/KFAPITestAutomation/target/test-classes/listAllFlows.json#&amp;quot;,&amp;quot;pointer&amp;quot;:&amp;quot;/items/properties/SharedWith/items/properties/_modified_at&amp;quot;}
    domain: &amp;quot;syntax&amp;quot;
    ignored: [&amp;quot;$id&amp;quot;,&amp;quot;examples&amp;quot;]
warning: the following keywords are unknown and will be ignored: [$id, examples]
    level: &amp;quot;warning&amp;quot;
    schema: {&amp;quot;loadingURI&amp;quot;:&amp;quot;file:/Users/anuradharaman/eclipse-workspace/Anu/KFAPITestAutomation/target/test-classes/listAllFlows.json#&amp;quot;,&amp;quot;pointer&amp;quot;:&amp;quot;/items/properties/SharedWith/items/properties/_modified_by&amp;quot;}
    domain: &amp;quot;syntax&amp;quot;
    ignored: [&amp;quot;$id&amp;quot;,&amp;quot;examples&amp;quot;]
warning: the following keywords are unknown and will be ignored: [$id, examples]
    level: &amp;quot;warning&amp;quot;
    schema: {&amp;quot;loadingURI&amp;quot;:&amp;quot;file:/Users/anuradharaman/eclipse-workspace/Anu/KFAPITestAutomation/target/test-classes/listAllFlows.json#&amp;quot;,&amp;quot;pointer&amp;quot;:&amp;quot;/items/properties/SharedWith/items/properties/_modified_by/properties/Kind&amp;quot;}
    domain: &amp;quot;syntax&amp;quot;
    ignored: [&amp;quot;$id&amp;quot;,&amp;quot;examples&amp;quot;]
warning: the following keywords are unknown and will be ignored: [$id, examples]
    level: &amp;quot;warning&amp;quot;
    schema: {&amp;quot;loadingURI&amp;quot;:&amp;quot;file:/Users/anuradharaman/eclipse-workspace/Anu/KFAPITestAutomation/target/test-classes/listAllFlows.json#&amp;quot;,&amp;quot;pointer&amp;quot;:&amp;quot;/items/properties/SharedWith/items/properties/_modified_by/properties/Name&amp;quot;}
    domain: &amp;quot;syntax&amp;quot;
    ignored: [&amp;quot;$id&amp;quot;,&amp;quot;examples&amp;quot;]
warning: the following keywords are unknown and will be ignored: [$id, examples]
    level: &amp;quot;warning&amp;quot;
    schema: {&amp;quot;loadingURI&amp;quot;:&amp;quot;file:/Users/anuradharaman/eclipse-workspace/Anu/KFAPITestAutomation/target/test-classes/listAllFlows.json#&amp;quot;,&amp;quot;pointer&amp;quot;:&amp;quot;/items/properties/SharedWith/items/properties/_modified_by/properties/_id&amp;quot;}
    domain: &amp;quot;syntax&amp;quot;
    ignored: [&amp;quot;$id&amp;quot;,&amp;quot;examples&amp;quot;]
warning: the following keywords are unknown and will be ignored: [$id, examples]
    level: &amp;quot;warning&amp;quot;
    schema: {&amp;quot;loadingURI&amp;quot;:&amp;quot;file:/Users/anuradharaman/eclipse-workspace/Anu/KFAPITestAutomation/target/test-classes/listAllFlows.json#&amp;quot;,&amp;quot;pointer&amp;quot;:&amp;quot;/items/properties/SharedWith/items/properties/Kind&amp;quot;}
    domain: &amp;quot;syntax&amp;quot;
    ignored: [&amp;quot;$id&amp;quot;,&amp;quot;examples&amp;quot;]
warning: the following keywords are unknown and will be ignored: [$id, examples]
    level: &amp;quot;warning&amp;quot;
    schema: {&amp;quot;loadingURI&amp;quot;:&amp;quot;file:/Users/anuradharaman/eclipse-workspace/Anu/KFAPITestAutomation/target/test-classes/listAllFlows.json#&amp;quot;,&amp;quot;pointer&amp;quot;:&amp;quot;/items/properties/SharedWith/items/properties/Name&amp;quot;}
    domain: &amp;quot;syntax&amp;quot;
    ignored: [&amp;quot;$id&amp;quot;,&amp;quot;examples&amp;quot;]
warning: the following keywords are unknown and will be ignored: [$id]
    level: &amp;quot;warning&amp;quot;
    schema: {&amp;quot;loadingURI&amp;quot;:&amp;quot;file:/Users/anuradharaman/eclipse-workspace/Anu/KFAPITestAutomation/target/test-classes/listAllFlows.json#&amp;quot;,&amp;quot;pointer&amp;quot;:&amp;quot;/items/properties/SharedWith/items/properties/Permission&amp;quot;}
    domain: &amp;quot;syntax&amp;quot;
    ignored: [&amp;quot;$id&amp;quot;]
warning: the following keywords are unknown and will be ignored: [$id, examples]
    level: &amp;quot;warning&amp;quot;
    schema: {&amp;quot;loadingURI&amp;quot;:&amp;quot;file:/Users/anuradharaman/eclipse-workspace/Anu/KFAPITestAutomation/target/test-classes/listAllFlows.json#&amp;quot;,&amp;quot;pointer&amp;quot;:&amp;quot;/items/properties/SharedWith/items/properties/Permission/items&amp;quot;}
    domain: &amp;quot;syntax&amp;quot;
    ignored: [&amp;quot;$id&amp;quot;,&amp;quot;examples&amp;quot;]
warning: the following keywords are unknown and will be ignored: [$id, examples]
    level: &amp;quot;warning&amp;quot;
    schema: {&amp;quot;loadingURI&amp;quot;:&amp;quot;file:/Users/anuradharaman/eclipse-workspace/Anu/KFAPITestAutomation/target/test-classes/listAllFlows.json#&amp;quot;,&amp;quot;pointer&amp;quot;:&amp;quot;/items/properties/SharedWith/items/properties/Permission/items&amp;quot;}
    domain: &amp;quot;syntax&amp;quot;
    ignored: [&amp;quot;$id&amp;quot;,&amp;quot;examples&amp;quot;]
warning: the following keywords are unknown and will be ignored: [$id, examples]
    level: &amp;quot;warning&amp;quot;
    schema: {&amp;quot;loadingURI&amp;quot;:&amp;quot;file:/Users/anuradharaman/eclipse-workspace/Anu/KFAPITestAutomation/target/test-classes/listAllFlows.json#&amp;quot;,&amp;quot;pointer&amp;quot;:&amp;quot;/items/properties/SharedWith/items/properties/Permission/items&amp;quot;}
    domain: &amp;quot;syntax&amp;quot;
    ignored: [&amp;quot;$id&amp;quot;,&amp;quot;examples&amp;quot;]
warning: the following keywords are unknown and will be ignored: [$id, examples]
    level: &amp;quot;warning&amp;quot;
    schema: {&amp;quot;loadingURI&amp;quot;:&amp;quot;file:/Users/anuradharaman/eclipse-workspace/Anu/KFAPITestAutomation/target/test-classes/listAllFlows.json#&amp;quot;,&amp;quot;pointer&amp;quot;:&amp;quot;/items/properties/SharedWith/items/properties/Permission/items&amp;quot;}
    domain: &amp;quot;syntax&amp;quot;
    ignored: [&amp;quot;$id&amp;quot;,&amp;quot;examples&amp;quot;]
warning: the following keywords are unknown and will be ignored: [$id, examples]
    level: &amp;quot;warning&amp;quot;
    schema: {&amp;quot;loadingURI&amp;quot;:&amp;quot;file:/Users/anuradharaman/eclipse-workspace/Anu/KFAPITestAutomation/target/test-classes/listAllFlows.json#&amp;quot;,&amp;quot;pointer&amp;quot;:&amp;quot;/items/properties/SharedWith/items/properties/_created_at&amp;quot;}
    domain: &amp;quot;syntax&amp;quot;
    ignored: [&amp;quot;$id&amp;quot;,&amp;quot;examples&amp;quot;]
warning: the following keywords are unknown and will be ignored: [$id, examples]
    level: &amp;quot;warning&amp;quot;
    schema: {&amp;quot;loadingURI&amp;quot;:&amp;quot;file:/Users/anuradharaman/eclipse-workspace/Anu/KFAPITestAutomation/target/test-classes/listAllFlows.json#&amp;quot;,&amp;quot;pointer&amp;quot;:&amp;quot;/items/properties/SharedWith/items/properties/_created_by&amp;quot;}
    domain: &amp;quot;syntax&amp;quot;
    ignored: [&amp;quot;$id&amp;quot;,&amp;quot;examples&amp;quot;]
warning: the following keywords are unknown and will be ignored: [$id, examples]
    level: &amp;quot;warning&amp;quot;
    schema: {&amp;quot;loadingURI&amp;quot;:&amp;quot;file:/Users/anuradharaman/eclipse-workspace/Anu/KFAPITestAutomation/target/test-classes/listAllFlows.json#&amp;quot;,&amp;quot;pointer&amp;quot;:&amp;quot;/items/properties/SharedWith/items/properties/_created_by/properties/Kind&amp;quot;}
    domain: &amp;quot;syntax&amp;quot;
    ignored: [&amp;quot;$id&amp;quot;,&amp;quot;examples&amp;quot;]
warning: the following keywords are unknown and will be ignored: [$id, examples]
    level: &amp;quot;warning&amp;quot;
    schema: {&amp;quot;loadingURI&amp;quot;:&amp;quot;file:/Users/anuradharaman/eclipse-workspace/Anu/KFAPITestAutomation/target/test-classes/listAllFlows.json#&amp;quot;,&amp;quot;pointer&amp;quot;:&amp;quot;/items/properties/SharedWith/items/properties/_created_by/properties/Name&amp;quot;}
    domain: &amp;quot;syntax&amp;quot;
    ignored: [&amp;quot;$id&amp;quot;,&amp;quot;examples&amp;quot;]
warning: the following keywords are unknown and will be ignored: [$id, examples]
    level: &amp;quot;warning&amp;quot;
    schema: {&amp;quot;loadingURI&amp;quot;:&amp;quot;file:/Users/anuradharaman/eclipse-workspace/Anu/KFAPITestAutomation/target/test-classes/listAllFlows.json#&amp;quot;,&amp;quot;pointer&amp;quot;:&amp;quot;/items/properties/SharedWith/items/properties/_created_by/properties/_id&amp;quot;}
    domain: &amp;quot;syntax&amp;quot;
    ignored: [&amp;quot;$id&amp;quot;,&amp;quot;examples&amp;quot;]
warning: the following keywords are unknown and will be ignored: [$id, examples]
    level: &amp;quot;warning&amp;quot;
    schema: {&amp;quot;loadingURI&amp;quot;:&amp;quot;file:/Users/anuradharaman/eclipse-workspace/Anu/KFAPITestAutomation/target/test-classes/listAllFlows.json#&amp;quot;,&amp;quot;pointer&amp;quot;:&amp;quot;/items/properties/SharedWith/items/properties/_created_by/properties/Kind&amp;quot;}
    domain: &amp;quot;syntax&amp;quot;
    ignored: [&amp;quot;$id&amp;quot;,&amp;quot;examples&amp;quot;]
warning: the following keywords are unknown and will be ignored: [$id, examples]
    level: &amp;quot;warning&amp;quot;
    schema: {&amp;quot;loadingURI&amp;quot;:&amp;quot;file:/Users/anuradharaman/eclipse-workspace/Anu/KFAPITestAutomation/target/test-classes/listAllFlows.json#&amp;quot;,&amp;quot;pointer&amp;quot;:&amp;quot;/items/properties/SharedWith/items/properties/_created_by/properties/Name&amp;quot;}
    domain: &amp;quot;syntax&amp;quot;
    ignored: [&amp;quot;$id&amp;quot;,&amp;quot;examples&amp;quot;]
warning: the following keywords are unknown and will be ignored: [$id, examples]
    level: &amp;quot;warning&amp;quot;
    schema: {&amp;quot;loadingURI&amp;quot;:&amp;quot;file:/Users/anuradharaman/eclipse-workspace/Anu/KFAPITestAutomation/target/test-classes/listAllFlows.json#&amp;quot;,&amp;quot;pointer&amp;quot;:&amp;quot;/items/properties/SharedWith/items/properties/_created_by/properties/_id&amp;quot;}
    domain: &amp;quot;syntax&amp;quot;
    ignored: [&amp;quot;$id&amp;quot;,&amp;quot;examples&amp;quot;]
warning: the following keywords are unknown and will be ignored: [$id, examples]
    level: &amp;quot;warning&amp;quot;
    schema: {&amp;quot;loadingURI&amp;quot;:&amp;quot;file:/Users/anuradharaman/eclipse-workspace/Anu/KFAPITestAutomation/target/test-classes/listAllFlows.json#&amp;quot;,&amp;quot;pointer&amp;quot;:&amp;quot;/items/properties/SharedWith/items/properties/_id&amp;quot;}
    domain: &amp;quot;syntax&amp;quot;
    ignored: [&amp;quot;$id&amp;quot;,&amp;quot;examples&amp;quot;]
warning: the following keywords are unknown and will be ignored: [$id, examples]
    level: &amp;quot;warning&amp;quot;
    schema: {&amp;quot;loadingURI&amp;quot;:&amp;quot;file:/Users/anuradharaman/eclipse-workspace/Anu/KFAPITestAutomation/target/test-classes/listAllFlows.json#&amp;quot;,&amp;quot;pointer&amp;quot;:&amp;quot;/items/properties/SharedWith/items/properties/_modified_at&amp;quot;}
    domain: &amp;quot;syntax&amp;quot;
    ignored: [&amp;quot;$id&amp;quot;,&amp;quot;examples&amp;quot;]
warning: the following keywords are unknown and will be ignored: [$id, examples]
    level: &amp;quot;warning&amp;quot;
    schema: {&amp;quot;loadingURI&amp;quot;:&amp;quot;file:/Users/anuradharaman/eclipse-workspace/Anu/KFAPITestAutomation/target/test-classes/listAllFlows.json#&amp;quot;,&amp;quot;pointer&amp;quot;:&amp;quot;/items/properties/SharedWith/items/properties/_modified_by&amp;quot;}
    domain: &amp;quot;syntax&amp;quot;
    ignored: [&amp;quot;$id&amp;quot;,&amp;quot;examples&amp;quot;]
warning: the following keywords are unknown and will be ignored: [$id, examples]
    level: &amp;quot;warning&amp;quot;
    schema: {&amp;quot;loadingURI&amp;quot;:&amp;quot;file:/Users/anuradharaman/eclipse-workspace/Anu/KFAPITestAutomation/target/test-classes/listAllFlows.json#&amp;quot;,&amp;quot;pointer&amp;quot;:&amp;quot;/items/properties/SharedWith/items/properties/_modified_by/properties/Kind&amp;quot;}
    domain: &amp;quot;syntax&amp;quot;
    ignored: [&amp;quot;$id&amp;quot;,&amp;quot;examples&amp;quot;]
warning: the following keywords are unknown and will be ignored: [$id, examples]
    level: &amp;quot;warning&amp;quot;
    schema: {&amp;quot;loadingURI&amp;quot;:&amp;quot;file:/Users/anuradharaman/eclipse-workspace/Anu/KFAPITestAutomation/target/test-classes/listAllFlows.json#&amp;quot;,&amp;quot;pointer&amp;quot;:&amp;quot;/items/properties/SharedWith/items/properties/_modified_by/properties/Name&amp;quot;}
    domain: &amp;quot;syntax&amp;quot;
    ignored: [&amp;quot;$id&amp;quot;,&amp;quot;examples&amp;quot;]
warning: the following keywords are unknown and will be ignored: [$id, examples]
    level: &amp;quot;warning&amp;quot;
    schema: {&amp;quot;loadingURI&amp;quot;:&amp;quot;file:/Users/anuradharaman/eclipse-workspace/Anu/KFAPITestAutomation/target/test-classes/listAllFlows.json#&amp;quot;,&amp;quot;pointer&amp;quot;:&amp;quot;/items/properties/SharedWith/items/properties/_modified_by/properties/_id&amp;quot;}
    domain: &amp;quot;syntax&amp;quot;
    ignored: [&amp;quot;$id&amp;quot;,&amp;quot;examples&amp;quot;]
warning: the following keywords are unknown and will be ignored: [$id, examples]
    level: &amp;quot;warning&amp;quot;
    schema: {&amp;quot;loadingURI&amp;quot;:&amp;quot;file:/Users/anuradharaman/eclipse-workspace/Anu/KFAPITestAutomation/target/test-classes/listAllFlows.json#&amp;quot;,&amp;quot;pointer&amp;quot;:&amp;quot;/items/properties/SharedWith/items/properties/_modified_by/properties/Kind&amp;quot;}
    domain: &amp;quot;syntax&amp;quot;
    ignored: [&amp;quot;$id&amp;quot;,&amp;quot;examples&amp;quot;]
warning: the following keywords are unknown and will be ignored: [$id, examples]
    level: &amp;quot;warning&amp;quot;
    schema: {&amp;quot;loadingURI&amp;quot;:&amp;quot;file:/Users/anuradharaman/eclipse-workspace/Anu/KFAPITestAutomation/target/test-classes/listAllFlows.json#&amp;quot;,&amp;quot;pointer&amp;quot;:&amp;quot;/items/properties/SharedWith/items/properties/_modified_by/properties/Name&amp;quot;}
    domain: &amp;quot;syntax&amp;quot;
    ignored: [&amp;quot;$id&amp;quot;,&amp;quot;examples&amp;quot;]
warning: the following keywords are unknown and will be ignored: [$id, examples]
    level: &amp;quot;warning&amp;quot;
    schema: {&amp;quot;loadingURI&amp;quot;:&amp;quot;file:/Users/anuradharaman/eclipse-workspace/Anu/KFAPITestAutomation/target/test-classes/listAllFlows.json#&amp;quot;,&amp;quot;pointer&amp;quot;:&amp;quot;/items/properties/SharedWith/items/properties/_modified_by/properties/_id&amp;quot;}
    domain: &amp;quot;syntax&amp;quot;
    ignored: [&amp;quot;$id&amp;quot;,&amp;quot;examples&amp;quot;]
warning: the following keywords are unknown and will be ignored: [$id, examples]
    level: &amp;quot;warning&amp;quot;
    schema: {&amp;quot;loadingURI&amp;quot;:&amp;quot;file:/Users/anuradharaman/eclipse-workspace/Anu/KFAPITestAutomation/target/test-classes/listAllFlows.json#&amp;quot;,&amp;quot;pointer&amp;quot;:&amp;quot;/items/properties/SharedWith/items&amp;quot;}
    domain: &amp;quot;syntax&amp;quot;
    ignored: [&amp;quot;$id&amp;quot;,&amp;quot;examples&amp;quot;]
warning: the following keywords are unknown and will be ignored: [$id, examples]
    level: &amp;quot;warning&amp;quot;
    schema: {&amp;quot;loadingURI&amp;quot;:&amp;quot;file:/Users/anuradharaman/eclipse-workspace/Anu/KFAPITestAutomation/target/test-classes/listAllFlows.json#&amp;quot;,&amp;quot;pointer&amp;quot;:&amp;quot;/items/properties/SharedWith/items/properties/Kind&amp;quot;}
    domain: &amp;quot;syntax&amp;quot;
    ignored: [&amp;quot;$id&amp;quot;,&amp;quot;examples&amp;quot;]
warning: the following keywords are unknown and will be ignored: [$id, examples]
    level: &amp;quot;warning&amp;quot;
    schema: {&amp;quot;loadingURI&amp;quot;:&amp;quot;file:/Users/anuradharaman/eclipse-workspace/Anu/KFAPITestAutomation/target/test-classes/listAllFlows.json#&amp;quot;,&amp;quot;pointer&amp;quot;:&amp;quot;/items/properties/SharedWith/items/properties/Name&amp;quot;}
    domain: &amp;quot;syntax&amp;quot;
    ignored: [&amp;quot;$id&amp;quot;,&amp;quot;examples&amp;quot;]
warning: the following keywords are unknown and will be ignored: [$id]
    level: &amp;quot;warning&amp;quot;
    schema: {&amp;quot;loadingURI&amp;quot;:&amp;quot;file:/Users/anuradharaman/eclipse-workspace/Anu/KFAPITestAutomation/target/test-classes/listAllFlows.json#&amp;quot;,&amp;quot;pointer&amp;quot;:&amp;quot;/items/properties/SharedWith/items/properties/Permission&amp;quot;}
    domain: &amp;quot;syntax&amp;quot;
    ignored: [&amp;quot;$id&amp;quot;]
warning: the following keywords are unknown and will be ignored: [$id, examples]
    level: &amp;quot;warning&amp;quot;
    schema: {&amp;quot;loadingURI&amp;quot;:&amp;quot;file:/Users/anuradharaman/eclipse-workspace/Anu/KFAPITestAutomation/target/test-classes/listAllFlows.json#&amp;quot;,&amp;quot;pointer&amp;quot;:&amp;quot;/items/properties/SharedWith/items/properties/Permission/items&amp;quot;}
    domain: &amp;quot;syntax&amp;quot;
    ignored: [&amp;quot;$id&amp;quot;,&amp;quot;examples&amp;quot;]
warning: the following keywords are unknown and will be ignored: [$id, examples]
    level: &amp;quot;warning&amp;quot;
    schema: {&amp;quot;loadingURI&amp;quot;:&amp;quot;file:/Users/anuradharaman/eclipse-workspace/Anu/KFAPITestAutomation/target/test-classes/listAllFlows.json#&amp;quot;,&amp;quot;pointer&amp;quot;:&amp;quot;/items/properties/SharedWith/items/properties/_created_at&amp;quot;}
    domain: &amp;quot;syntax&amp;quot;
    ignored: [&amp;quot;$id&amp;quot;,&amp;quot;examples&amp;quot;]
warning: the following keywords are unknown and will be ignored: [$id, examples]
    level: &amp;quot;warning&amp;quot;
    schema: {&amp;quot;loadingURI&amp;quot;:&amp;quot;file:/Users/anuradharaman/eclipse-workspace/Anu/KFAPITestAutomation/target/test-classes/listAllFlows.json#&amp;quot;,&amp;quot;pointer&amp;quot;:&amp;quot;/items/properties/SharedWith/items/properties/_created_by&amp;quot;}
    domain: &amp;quot;syntax&amp;quot;
    ignored: [&amp;quot;$id&amp;quot;,&amp;quot;examples&amp;quot;]
warning: the following keywords are unknown and will be ignored: [$id, examples]
    level: &amp;quot;warning&amp;quot;
    schema: {&amp;quot;loadingURI&amp;quot;:&amp;quot;file:/Users/anuradharaman/eclipse-workspace/Anu/KFAPITestAutomation/target/test-classes/listAllFlows.json#&amp;quot;,&amp;quot;pointer&amp;quot;:&amp;quot;/items/properties/SharedWith/items/properties/_created_by/properties/Kind&amp;quot;}
    domain: &amp;quot;syntax&amp;quot;
    ignored: [&amp;quot;$id&amp;quot;,&amp;quot;examples&amp;quot;]
warning: the following keywords are unknown and will be ignored: [$id, examples]
    level: &amp;quot;warning&amp;quot;
    schema: {&amp;quot;loadingURI&amp;quot;:&amp;quot;file:/Users/anuradharaman/eclipse-workspace/Anu/KFAPITestAutomation/target/test-classes/listAllFlows.json#&amp;quot;,&amp;quot;pointer&amp;quot;:&amp;quot;/items/properties/SharedWith/items/properties/_created_by/properties/Name&amp;quot;}
    domain: &amp;quot;syntax&amp;quot;
    ignored: [&amp;quot;$id&amp;quot;,&amp;quot;examples&amp;quot;]
warning: the following keywords are unknown and will be ignored: [$id, examples]
    level: &amp;quot;warning&amp;quot;
    schema: {&amp;quot;loadingURI&amp;quot;:&amp;quot;file:/Users/anuradharaman/eclipse-workspace/Anu/KFAPITestAutomation/target/test-classes/listAllFlows.json#&amp;quot;,&amp;quot;pointer&amp;quot;:&amp;quot;/items/properties/SharedWith/items/properties/_created_by/properties/_id&amp;quot;}
    domain: &amp;quot;syntax&amp;quot;
    ignored: [&amp;quot;$id&amp;quot;,&amp;quot;examples&amp;quot;]
warning: the following keywords are unknown and will be ignored: [$id, examples]
    level: &amp;quot;warning&amp;quot;
    schema: {&amp;quot;loadingURI&amp;quot;:&amp;quot;file:/Users/anuradharaman/eclipse-workspace/Anu/KFAPITestAutomation/target/test-classes/listAllFlows.json#&amp;quot;,&amp;quot;pointer&amp;quot;:&amp;quot;/items/properties/SharedWith/items/properties/_id&amp;quot;}
    domain: &amp;quot;syntax&amp;quot;
    ignored: [&amp;quot;$id&amp;quot;,&amp;quot;examples&amp;quot;]
warning: the following keywords are unknown and will be ignored: [$id, examples]
    level: &amp;quot;warning&amp;quot;
    schema: {&amp;quot;loadingURI&amp;quot;:&amp;quot;file:/Users/anuradharaman/eclipse-workspace/Anu/KFAPITestAutomation/target/test-classes/listAllFlows.json#&amp;quot;,&amp;quot;pointer&amp;quot;:&amp;quot;/items/properties/SharedWith/items/properties/_modified_at&amp;quot;}
    domain: &amp;quot;syntax&amp;quot;
    ignored: [&amp;quot;$id&amp;quot;,&amp;quot;examples&amp;quot;]
warning: the following keywords are unknown and will be ignored: [$id, examples]
    level: &amp;quot;warning&amp;quot;
    schema: {&amp;quot;loadingURI&amp;quot;:&amp;quot;file:/Users/anuradharaman/eclipse-workspace/Anu/KFAPITestAutomation/target/test-classes/listAllFlows.json#&amp;quot;,&amp;quot;pointer&amp;quot;:&amp;quot;/items/properties/SharedWith/items/properties/_modified_by&amp;quot;}
    domain: &amp;quot;syntax&amp;quot;
    ignored: [&amp;quot;$id&amp;quot;,&amp;quot;examples&amp;quot;]
warning: the following keywords are unknown and will be ignored: [$id, examples]
    level: &amp;quot;warning&amp;quot;
    schema: {&amp;quot;loadingURI&amp;quot;:&amp;quot;file:/Users/anuradharaman/eclipse-workspace/Anu/KFAPITestAutomation/target/test-classes/listAllFlows.json#&amp;quot;,&amp;quot;pointer&amp;quot;:&amp;quot;/items/properties/SharedWith/items/properties/_modified_by/properties/Kind&amp;quot;}
    domain: &amp;quot;syntax&amp;quot;
    ignored: [&amp;quot;$id&amp;quot;,&amp;quot;examples&amp;quot;]
warning: the following keywords are unknown and will be ignored: [$id, examples]
    level: &amp;quot;warning&amp;quot;
    schema: {&amp;quot;loadingURI&amp;quot;:&amp;quot;file:/Users/anuradharaman/eclipse-workspace/Anu/KFAPITestAutomation/target/test-classes/listAllFlows.json#&amp;quot;,&amp;quot;pointer&amp;quot;:&amp;quot;/items/properties/SharedWith/items/properties/_modified_by/properties/Name&amp;quot;}
    domain: &amp;quot;syntax&amp;quot;
    ignored: [&amp;quot;$id&amp;quot;,&amp;quot;examples&amp;quot;]
warning: the following keywords are unknown and will be ignored: [$id, examples]
    level: &amp;quot;warning&amp;quot;
    schema: {&amp;quot;loadingURI&amp;quot;:&amp;quot;file:/Users/anuradharaman/eclipse-workspace/Anu/KFAPITestAutomation/target/test-classes/listAllFlows.json#&amp;quot;,&amp;quot;pointer&amp;quot;:&amp;quot;/items/properties/SharedWith/items/properties/_modified_by/properties/_id&amp;quot;}
    domain: &amp;quot;syntax&amp;quot;
    ignored: [&amp;quot;$id&amp;quot;,&amp;quot;examples&amp;quot;]
warning: the following keywords are unknown and will be ignored: [$id, examples]
    level: &amp;quot;warning&amp;quot;
    schema: {&amp;quot;loadingURI&amp;quot;:&amp;quot;file:/Users/anuradharaman/eclipse-workspace/Anu/KFAPITestAutomation/target/test-classes/listAllFlows.json#&amp;quot;,&amp;quot;pointer&amp;quot;:&amp;quot;/items/properties/SharedWith/items/properties/Kind&amp;quot;}
    domain: &amp;quot;syntax&amp;quot;
    ignored: [&amp;quot;$id&amp;quot;,&amp;quot;examples&amp;quot;]
warning: the following keywords are unknown and will be ignored: [$id, examples]
    level: &amp;quot;warning&amp;quot;
    schema: {&amp;quot;loadingURI&amp;quot;:&amp;quot;file:/Users/anuradharaman/eclipse-workspace/Anu/KFAPITestAutomation/target/test-classes/listAllFlows.json#&amp;quot;,&amp;quot;pointer&amp;quot;:&amp;quot;/items/properties/SharedWith/items/properties/Name&amp;quot;}
    domain: &amp;quot;syntax&amp;quot;
    ignored: [&amp;quot;$id&amp;quot;,&amp;quot;examples&amp;quot;]
warning: the following keywords are unknown and will be ignored: [$id]
    level: &amp;quot;warning&amp;quot;
    schema: {&amp;quot;loadingURI&amp;quot;:&amp;quot;file:/Users/anuradharaman/eclipse-workspace/Anu/KFAPITestAutomation/target/test-classes/listAllFlows.json#&amp;quot;,&amp;quot;pointer&amp;quot;:&amp;quot;/items/properties/SharedWith/items/properties/Permission&amp;quot;}
    domain: &amp;quot;syntax&amp;quot;
    ignored: [&amp;quot;$id&amp;quot;]
warning: the following keywords are unknown and will be ignored: [$id, examples]
    level: &amp;quot;warning&amp;quot;
    schema: {&amp;quot;loadingURI&amp;quot;:&amp;quot;file:/Users/anuradharaman/eclipse-workspace/Anu/KFAPITestAutomation/target/test-classes/listAllFlows.json#&amp;quot;,&amp;quot;pointer&amp;quot;:&amp;quot;/items/properties/SharedWith/items/properties/Permission/items&amp;quot;}
    domain: &amp;quot;syntax&amp;quot;
    ignored: [&amp;quot;$id&amp;quot;,&amp;quot;examples&amp;quot;]
warning: the following keywords are unknown and will be ignored: [$id, examples]
    level: &amp;quot;warning&amp;quot;
    schema: {&amp;quot;loadingURI&amp;quot;:&amp;quot;file:/Users/anuradharaman/eclipse-workspace/Anu/KFAPITestAutomation/target/test-classes/listAllFlows.json#&amp;quot;,&amp;quot;pointer&amp;quot;:&amp;quot;/items/properties/SharedWith/items/properties/Permission/items&amp;quot;}
    domain: &amp;quot;syntax&amp;quot;
    ignored: [&amp;quot;$id&amp;quot;,&amp;quot;examples&amp;quot;]
warning: the following keywords are unknown and will be ignored: [$id, examples]
    level: &amp;quot;warning&amp;quot;
    schema: {&amp;quot;loadingURI&amp;quot;:&amp;quot;file:/Users/anuradharaman/eclipse-workspace/Anu/KFAPITestAutomation/target/test-classes/listAllFlows.json#&amp;quot;,&amp;quot;pointer&amp;quot;:&amp;quot;/items/properties/SharedWith/items/properties/_created_at&amp;quot;}
    domain: &amp;quot;syntax&amp;quot;
    ignored: [&amp;quot;$id&amp;quot;,&amp;quot;examples&amp;quot;]
warning: the following keywords are unknown and will be ignored: [$id, examples]
    level: &amp;quot;warning&amp;quot;
    schema: {&amp;quot;loadingURI&amp;quot;:&amp;quot;file:/Users/anuradharaman/eclipse-workspace/Anu/KFAPITestAutomation/target/test-classes/listAllFlows.json#&amp;quot;,&amp;quot;pointer&amp;quot;:&amp;quot;/items/properties/SharedWith/items/properties/_created_by&amp;quot;}
    domain: &amp;quot;syntax&amp;quot;
    ignored: [&amp;quot;$id&amp;quot;,&amp;quot;examples&amp;quot;]
warning: the following keywords are unknown and will be ignored: [$id, examples]
    level: &amp;quot;warning&amp;quot;
    schema: {&amp;quot;loadingURI&amp;quot;:&amp;quot;file:/Users/anuradharaman/eclipse-workspace/Anu/KFAPITestAutomation/target/test-classes/listAllFlows.json#&amp;quot;,&amp;quot;pointer&amp;quot;:&amp;quot;/items/properties/SharedWith/items/properties/_created_by/properties/Kind&amp;quot;}
    domain: &amp;quot;syntax&amp;quot;
    ignored: [&amp;quot;$id&amp;quot;,&amp;quot;examples&amp;quot;]
warning: the following keywords are unknown and will be ignored: [$id, examples]
    level: &amp;quot;warning&amp;quot;
    schema: {&amp;quot;loadingURI&amp;quot;:&amp;quot;file:/Users/anuradharaman/eclipse-workspace/Anu/KFAPITestAutomation/target/test-classes/listAllFlows.json#&amp;quot;,&amp;quot;pointer&amp;quot;:&amp;quot;/items/properties/SharedWith/items/properties/_created_by/properties/Name&amp;quot;}
    domain: &amp;quot;syntax&amp;quot;
    ignored: [&amp;quot;$id&amp;quot;,&amp;quot;examples&amp;quot;]
warning: the following keywords are unknown and will be ignored: [$id, examples]
    level: &amp;quot;warning&amp;quot;
    schema: {&amp;quot;loadingURI&amp;quot;:&amp;quot;file:/Users/anuradharaman/eclipse-workspace/Anu/KFAPITestAutomation/target/test-classes/listAllFlows.json#&amp;quot;,&amp;quot;pointer&amp;quot;:&amp;quot;/items/properties/SharedWith/items/properties/_created_by/properties/_id&amp;quot;}
    domain: &amp;quot;syntax&amp;quot;
    ignored: [&amp;quot;$id&amp;quot;,&amp;quot;examples&amp;quot;]
warning: the following keywords are unknown and will be ignored: [$id, examples]
    level: &amp;quot;warning&amp;quot;
    schema: {&amp;quot;loadingURI&amp;quot;:&amp;quot;file:/Users/anuradharaman/eclipse-workspace/Anu/KFAPITestAutomation/target/test-classes/listAllFlows.json#&amp;quot;,&amp;quot;pointer&amp;quot;:&amp;quot;/items/properties/SharedWith/items/properties/_created_by/properties/Kind&amp;quot;}
    domain: &amp;quot;syntax&amp;quot;
    ignored: [&amp;quot;$id&amp;quot;,&amp;quot;examples&amp;quot;]
warning: the following keywords are unknown and will be ignored: [$id, examples]
    level: &amp;quot;warning&amp;quot;
    schema: {&amp;quot;loadingURI&amp;quot;:&amp;quot;file:/Users/anuradharaman/eclipse-workspace/Anu/KFAPITestAutomation/target/test-classes/listAllFlows.json#&amp;quot;,&amp;quot;pointer&amp;quot;:&amp;quot;/items/properties/SharedWith/items/properties/_created_by/properties/Name&amp;quot;}
    domain: &amp;quot;syntax&amp;quot;
    ignored: [&amp;quot;$id&amp;quot;,&amp;quot;examples&amp;quot;]
warning: the following keywords are unknown and will be ignored: [$id, examples]
    level: &amp;quot;warning&amp;quot;
    schema: {&amp;quot;loadingURI&amp;quot;:&amp;quot;file:/Users/anuradharaman/eclipse-workspace/Anu/KFAPITestAutomation/target/test-classes/listAllFlows.json#&amp;quot;,&amp;quot;pointer&amp;quot;:&amp;quot;/items/properties/SharedWith/items/properties/_created_by/properties/_id&amp;quot;}
    domain: &amp;quot;syntax&amp;quot;
    ignored: [&amp;quot;$id&amp;quot;,&amp;quot;examples&amp;quot;]
warning: the following keywords are unknown and will be ignored: [$id, examples]
    level: &amp;quot;warning&amp;quot;
    schema: {&amp;quot;loadingURI&amp;quot;:&amp;quot;file:/Users/anuradharaman/eclipse-workspace/Anu/KFAPITestAutomation/target/test-classes/listAllFlows.json#&amp;quot;,&amp;quot;pointer&amp;quot;:&amp;quot;/items/properties/SharedWith/items/properties/_id&amp;quot;}
    domain: &amp;quot;syntax&amp;quot;
    ignored: [&amp;quot;$id&amp;quot;,&amp;quot;examples&amp;quot;]
warning: the following keywords are unknown and will be ignored: [$id, examples]
    level: &amp;quot;warning&amp;quot;
    schema: {&amp;quot;loadingURI&amp;quot;:&amp;quot;file:/Users/anuradharaman/eclipse-workspace/Anu/KFAPITestAutomation/target/test-classes/listAllFlows.json#&amp;quot;,&amp;quot;pointer&amp;quot;:&amp;quot;/items/properties/SharedWith/items/properties/_modified_at&amp;quot;}
    domain: &amp;quot;syntax&amp;quot;
    ignored: [&amp;quot;$id&amp;quot;,&amp;quot;examples&amp;quot;]
warning: the following keywords are unknown and will be ignored: [$id, examples]
    level: &amp;quot;warning&amp;quot;
[...]
    level: "warning"
    schema: {"loadingURI":"file:/Users/anuradharaman/eclipse-workspace/Anu/KFAPITestAutomation/target/test-classes/listAllFlows.json#","pointer":"/items/properties/Channel/properties/Visibility"}
    domain: "syntax"
    ignored: ["$id","examples"]
warning: the following keywords are unknown and will be ignored: [$id, examples]
    level: "warning"
    schema: {"loadingURI":"file:/Users/anuradharaman/eclipse-workspace/Anu/KFAPITestAutomation/target/test-classes/listAllFlows.json#","pointer":"/items/properties/Description"}
    domain: "syntax"
    ignored: ["$id","examples"]
warning: the following keywords are unknown and will be ignored: [$id, examples]
    level: "warning"
    schema: {"loadingURI":"file:/Users/anuradharaman/eclipse-workspace/Anu/KFAPITestAutomation/target/test-classes/listAllFlows.json#","pointer":"/items/properties/Name"}
    domain: "syntax"
    ignored: ["$id","examples"]
warning: the following keywords are unknown and will be ignored: [$id]
    level: "warning"
    schema: {"loadingURI":"file:/Users/anuradharaman/eclipse-workspace/Anu/KFAPITestAutomation/target/test-classes/listAllFlows.json#","pointer":"/items/properties/SharedWith"}
    domain: "syntax"
    ignored: ["$id"]
warning: the following keywords are unknown and will be ignored: [$id, examples]
    level: "warning"
    schema: {"loadingURI":"file:/Users/anuradharaman/eclipse-workspace/Anu/KFAPITestAutomation/target/test-classes/listAllFlows.json#","pointer":"/items/properties/SharedWith/items"}
    domain: "syntax"
    ignored: ["$id","examples"]
warning: the following keywords are unknown and will be ignored: [$id, examples]
    level: "warning"
    schema: {"loadingURI":"file:/Users/anuradharaman/eclipse-workspace/Anu/KFAPITestAutomation/target/test-classes/listAllFlows.json#","pointer":"/items/properties/SharedWith/items/properties/Kind"}
    domain: "syntax"
    ignored: ["$id","examples"]
warning: the following keywords are unknown and will be ignored: [$id, examples]
    level: "warning"
    schema: {"loadingURI":"file:/Users/anuradharaman/eclipse-workspace/Anu/KFAPITestAutomation/target/test-classes/listAllFlows.json#","pointer":"/items/properties/SharedWith/items/properties/Name"}
    domain: "syntax"
    ignored: ["$id","examples"]
warning: the following keywords are unknown and will be ignored: [$id]
    level: "warning"
    schema: {"loadingURI":"file:/Users/anuradharaman/eclipse-workspace/Anu/KFAPITestAutomation/target/test-classes/listAllFlows.json#","pointer":"/items/properties/SharedWith/items/properties/Permission"}
    domain: "syntax"
    ignored: ["$id"]
warning: the following keywords are unknown and will be ignored: [$id, examples]
    level: "warning"
    schema: {"loadingURI":"file:/Users/anuradharaman/eclipse-workspace/Anu/KFAPITestAutomation/target/test-classes/listAllFlows.json#","pointer":"/items/properties/SharedWith/items/properties/Permission/items"}
    domain: "syntax"
    ignored: ["$id","examples"]
warning: the following keywords are unknown and will be ignored: [$id, examples]
    level: "warning"
    schema: {"loadingURI":"file:/Users/anuradharaman/eclipse-workspace/Anu/KFAPITestAutomation/target/test-classes/listAllFlows.json#","pointer":"/items/properties/SharedWith/items/properties/_created_at"}
    domain: "syntax"
    ignored: ["$id","examples"]
warning: the following keywords are unknown and will be ignored: [$id, examples]
    level: "warning"
    schema: {"loadingURI":"file:/Users/anuradharaman/eclipse-workspace/Anu/KFAPITestAutomation/target/test-classes/listAllFlows.json#","pointer":"/items/properties/SharedWith/items/properties/_created_by"}
    domain: "syntax"
    ignored: ["$id","examples"]
warning: the following keywords are unknown and will be ignored: [$id, examples]
    level: "warning"
    schema: {"loadingURI":"file:/Users/anuradharaman/eclipse-workspace/Anu/KFAPITestAutomation/target/test-classes/listAllFlows.json#","pointer":"/items/properties/SharedWith/items/properties/_created_by/properties/Kind"}
    domain: "syntax"
    ignored: ["$id","examples"]
warning: the following keywords are unknown and will be ignored: [$id, examples]
    level: "warning"
    schema: {"loadingURI":"file:/Users/anuradharaman/eclipse-workspace/Anu/KFAPITestAutomation/target/test-classes/listAllFlows.json#","pointer":"/items/properties/SharedWith/items/properties/_created_by/properties/Name"}
    domain: "syntax"
    ignored: ["$id","examples"]
warning: the following keywords are unknown and will be ignored: [$id, examples]
    level: "warning"
    schema: {"loadingURI":"file:/Users/anuradharaman/eclipse-workspace/Anu/KFAPITestAutomation/target/test-classes/listAllFlows.json#","pointer":"/items/properties/SharedWith/items/properties/_created_by/properties/_id"}
    domain: "syntax"
    ignored: ["$id","examples"]
warning: the following keywords are unknown and will be ignored: [$id, examples]
    level: "warning"
    schema: {"loadingURI":"file:/Users/anuradharaman/eclipse-workspace/Anu/KFAPITestAutomation/target/test-classes/listAllFlows.json#","pointer":"/items/properties/SharedWith/items/properties/_id"}
    domain: "syntax"
    ignored: ["$id","examples"]
warning: the following keywords are unknown and will be ignored: [$id, examples]
    level: "warning"
    schema: {"loadingURI":"file:/Users/anuradharaman/eclipse-workspace/Anu/KFAPITestAutomation/target/test-classes/listAllFlows.json#","pointer":"/items/properties/SharedWith/items/properties/_modified_at"}
    domain: "syntax"
    ignored: ["$id","examples"]
warning: the following keywords are unknown and will be ignored: [$id, examples]
    level: "warning"
    schema: {"loadingURI":"file:/Users/anuradharaman/eclipse-workspace/Anu/KFAPITestAutomation/target/test-classes/listAllFlows.json#","pointer":"/items/properties/SharedWith/items/properties/_modified_by"}
    domain: "syntax"
    ignored: ["$id","examples"]
warning: the following keywords are unknown and will be ignored: [$id, examples]
    level: "warning"
    schema: {"loadingURI":"file:/Users/anuradharaman/eclipse-workspace/Anu/KFAPITestAutomation/target/test-classes/listAllFlows.json#","pointer":"/items/properties/SharedWith/items/properties/_modified_by/properties/Kind"}
    domain: "syntax"
    ignored: ["$id","examples"]
warning: the following keywords are unknown and will be ignored: [$id, examples]
    level: "warning"
    schema: {"loadingURI":"file:/Users/anuradharaman/eclipse-workspace/Anu/KFAPITestAutomation/target/test-classes/listAllFlows.json#","pointer":"/items/properties/SharedWith/items/properties/_modified_by/properties/Name"}
    domain: "syntax"
    ignored: ["$id","examples"]
warning: the following keywords are unknown and will be ignored: [$id, examples]
    level: "warning"
    schema: {"loadingURI":"file:/Users/anuradharaman/eclipse-workspace/Anu/KFAPITestAutomation/target/test-classes/listAllFlows.json#","pointer":"/items/properties/SharedWith/items/properties/_modified_by/properties/_id"}
    domain: "syntax"
    ignored: ["$id","examples"]
warning: the following keywords are unknown and will be ignored: [$id, examples]
    level: "warning"
    schema: {"loadingURI":"file:/Users/anuradharaman/eclipse-workspace/Anu/KFAPITestAutomation/target/test-classes/listAllFlows.json#","pointer":"/items/properties/Status"}
    domain: "syntax"
    ignored: ["$id","examples"]
warning: the following keywords are unknown and will be ignored: [$id, examples]
    level: "warning"
    schema: {"loadingURI":"file:/Users/anuradharaman/eclipse-workspace/Anu/KFAPITestAutomation/target/test-classes/listAllFlows.json#","pointer":"/items/properties/Type"}
    domain: "syntax"
    ignored: ["$id","examples"]
warning: the following keywords are unknown and will be ignored: [$id, examples]
    level: "warning"
    schema: {"loadingURI":"file:/Users/anuradharaman/eclipse-workspace/Anu/KFAPITestAutomation/target/test-classes/listAllFlows.json#","pointer":"/items/properties/_created_at"}
    domain: "syntax"
    ignored: ["$id","examples"]
warning: the following keywords are unknown and will be ignored: [$id, examples]
    level: "warning"
    schema: {"loadingURI":"file:/Users/anuradharaman/eclipse-workspace/Anu/KFAPITestAutomation/target/test-classes/listAllFlows.json#","pointer":"/items/properties/_created_by"}
    domain: "syntax"
    ignored: ["$id","examples"]
warning: the following keywords are unknown and will be ignored: [$id, examples]
    level: "warning"
    schema: {"loadingURI":"file:/Users/anuradharaman/eclipse-workspace/Anu/KFAPITestAutomation/target/test-classes/listAllFlows.json#","pointer":"/items/properties/_created_by/properties/Name"}
    domain: "syntax"
    ignored: ["$id","examples"]
warning: the following keywords are unknown and will be ignored: [$id, examples]
    level: "warning"
    schema: {"loadingURI":"file:/Users/anuradharaman/eclipse-workspace/Anu/KFAPITestAutomation/target/test-classes/listAllFlows.json#","pointer":"/items/properties/_created_by/properties/_id"}
    domain: "syntax"
    ignored: ["$id","examples"]
warning: the following keywords are unknown and will be ignored: [$id, examples]
    level: "warning"
    schema: {"loadingURI":"file:/Users/anuradharaman/eclipse-workspace/Anu/KFAPITestAutomation/target/test-classes/listAllFlows.json#","pointer":"/items/properties/_id"}
    domain: "syntax"
    ignored: ["$id","examples"]
warning: the following keywords are unknown and will be ignored: [$id, examples]
    level: "warning"
    schema: {"loadingURI":"file:/Users/anuradharaman/eclipse-workspace/Anu/KFAPITestAutomation/target/test-classes/listAllFlows.json#","pointer":"/items/properties/_modified_at"}
    domain: "syntax"
    ignored: ["$id","examples"]
warning: the following keywords are unknown and will be ignored: [$id, examples]
    level: "warning"
    schema: {"loadingURI":"file:/Users/anuradharaman/eclipse-workspace/Anu/KFAPITestAutomation/target/test-classes/listAllFlows.json#","pointer":"/items/properties/_modified_by"}
    domain: "syntax"
    ignored: ["$id","examples"]
warning: the following keywords are unknown and will be ignored: [$id, examples]
    level: "warning"
    schema: {"loadingURI":"file:/Users/anuradharaman/eclipse-workspace/Anu/KFAPITestAutomation/target/test-classes/listAllFlows.json#","pointer":"/items/properties/_modified_by/properties/_id"}
    domain: "syntax"
    ignored: ["$id","examples"]
error: object has missing required properties (["Channel"])
    level: "error"
    schema: {"loadingURI":"file:/Users/anuradharaman/eclipse-workspace/Anu/KFAPITestAutomation/target/test-classes/listAllFlows.json#","pointer":"/items"}
    instance: {"pointer":"/10"}
    domain: "validation"
    keyword: "required"
    required: ["Channel","Description","Name","SharedWith","Status","Type","_created_at","_created_by","_id","_modified_at","_modified_by"]
    missing: ["Channel"]

  Actual: [{"Channel":{"Visibility":"System"},"Description":"The channel for all users in your account","Name":"Everyone","SharedWith":[{"Kind":"User","Name":"Anuradha Raman","Permission":["Admin","Moderator","Member"],"_created_at":"2020-02-18T09:09:11Z","_created_by":{"Kind":"User","Name":"Anuradha Raman","_id":"UsJvAN7lSBKC"},"_id":"UsJvAN7lSBKC","_modified_at":"2020-02-18T09:09:11Z","_modified_by":{"Kind":"User","Name":"Anuradha Raman","_id":"UsJvAN7lSBKC"}},{"FlowId":"everyone","FlowType":"Channel","Kind":"Group","Name":"everyone","Permission":["Member"],"_created_at":"2020-02-18T09:09:11Z","_created_by":{"Kind":"User","Name":"Anuradha Raman","_id":"UsJvAN7lSBKC"},"_id":"everyone","_modified_at":"2020-02-18T09:09:11Z","_modified_by":{"Kind":"User","Name":"Anuradha Raman","_id":"UsJvAN7lSBKC"}}],"Status":"Live","Type":"Channel","_created_at":"2020-02-18T09:09:11Z","_created_by":{"Name":"Anuradha Raman","_id":"UsJvAN7lSBKC"},"_id":"everyone","_modified_at":"2020-02-18T09:09:11Z","_modified_by":{"_id":"UsJvAN7lSBKC"}},{"Categories":[],"Description":"","Name":"Agaram","SharedWith":[{"Kind":"User","Name":"Anuradha Raman","Permission":["Edit","Share","Admin"],"_id":"UsJvAN7lSBKC"}],"Status":"Live","Type":"List","_created_at":"2020-02-18T09:51:13Z","_created_by":{"Name":"Anuradha Raman","_id":"UsJvAN7lSBKC"},"_id":"Agaram"},{"Categories":[],"Channel":{"Visibility":"System"},"Description":"","LastPublishedAt":"2020-02-24T04:44:08Z","Name":"EndtoEnd","SharedWith":[{"Kind":"User","Name":"KF QA","Permission":["Edit","Share","Admin"],"_id":"UsoeANVSzy2F"}],"Status":"Live","Type":"Process","_created_at":"2020-02-24T04:41:21Z","_created_by":{"Name":"KF QA","_id":"UsoeANVSzy2F"},"_id":"EndtoEnd_01","_modified_at":"2020-02-24T04:44:08Z","_modified_by":{"_id":"UsoeANVSzy2F"}},{"Categories":[],"Channel":{"Visibility":"System"},"Description":"","LastPublishedAt":"2020-03-04T09:24:57Z","Name":"case1","SharedWith":[{"Kind":"User","Name":"KF QA","Permission":["Edit","Share","Admin"],"_id":"UsoeANVSzy2F"}],"Status":"Live","Type":"Case","_created_at":"2020-03-04T09:24:25Z","_created_by":{"Name":"KF QA","_id":"UsoeANVSzy2F"},"_id":"case1","_modified_at":"2020-03-04T09:24:57Z","_modified_by":{"_id":"UsoeANVSzy2F"}},{"Categories":[],"Channel":{"Visibility":"Open"},"Description":"","Name":"Anu-Channel","SharedWith":[{"Kind":"User","Name":"Anuradha Raman","Permission":["Admin","Moderator","Member"],"_created_at":"2020-03-12T06:56:49Z","_created_by":{"Kind":"User","Name":"Anuradha Raman","_id":"UsJvAN7lSBKC"},"_id":"UsJvAN7lSBKC","_modified_at":"2020-03-12T06:56:49Z","_modified_by":{"Kind":"User","Name":"Anuradha Raman","_id":"UsJvAN7lSBKC"}},{"Kind":"Group","Name":"everyone","Permission":["Member"],"_created_at":"2020-03-12T07:10:56Z","_created_by":{"Kind":"User","Name":"Anuradha Raman","_id":"UsJvAN7lSBKC"},"_id":"everyone","_modified_at":"2020-03-12T07:10:56Z","_modified_by":{"Kind":"User","Name":"Anuradha Raman","_id":"UsJvAN7lSBKC"}},{"Kind":"User","Name":"KF QA","Permission":["Member"],"_created_at":"2020-03-12T07:10:56Z","_created_by":{"Kind":"User","Name":"Anuradha Raman","_id":"UsJvAN7lSBKC"},"_id":"UsoeANVSzy2F","_modified_at":"2020-03-12T07:10:56Z","_modified_by":{"Kind":"User","Name":"Anuradha Raman","_id":"UsJvAN7lSBKC"}},{"Kind":"User","Name":"QAOutlook User","Permission":["Member"],"_created_at":"2020-03-12T07:10:56Z","_created_by":{"Kind":"User","Name":"Anuradha Raman","_id":"UsJvAN7lSBKC"},"_id":"UszVYqHGQGRs","_modified_at":"2020-03-12T07:10:56Z","_modified_by":{"Kind":"User","Name":"Anuradha Raman","_id":"UsJvAN7lSBKC"}},{"Kind":"User","Name":"QAYahoo UserAdmin","Permission":["Member"],"_created_at":"2020-03-12T07:10:56Z","_created_by":{"Kind":"User","Name":"Anuradha Raman","_id":"UsJvAN7lSBKC"},"_id":"UsxpYqHRxe19","_modified_at":"2020-03-12T07:10:56Z","_modified_by":{"Kind":"User","Name":"Anuradha Raman","_id":"UsJvAN7lSBKC"}}],"Status":"Live","Type":"Channel","_created_at":"2020-03-12T06:56:49Z","_created_by":{"Name":"Anuradha Raman","_id":"UsJvAN7lSBKC"},"_id":"Anu_Channel","_modified_at":"2020-03-12T06:56:49Z","_modified_by":{"_id":"UsJvAN7lSBKC"}},{"Categories":[],"Channel":{"Visibility":"System"},"Description":"","LastPublishedAt":"2020-03-13T13:44:36Z","Name":"Copy of SmokeProcess","SharedWith":[{"Kind":"User","Name":"KF QA","Permission":["Admin","Initiate","Edit","CreateReport","Member"],"_id":"UsoeANVSzy2F"},{"Kind":"User","Name":"Anuradha Raman","Permission":["Admin","Initiate","Edit","CreateReport","Member"],"_id":"UsJvAN7lSBKC"},{"Kind":"Group","Name":"Everyone","Permission":["Initiate","Edit","Member"],"_id":"everyone"}],"Status":"Live","Type":"Process","_created_at":"2020-03-13T08:10:08Z","_created_by":{"Kind":"User","Name":"Anuradha Raman","_id":"UsJvAN7lSBKC"},"_id":"Copy_of_SmokeProcess","_modified_at":"2020-03-13T13:44:36Z","_modified_by":{"_id":"UsJvAN7lSBKC"}},{"Categories":[],"Description":"","LastPublishedAt":"2020-03-23T13:36:36Z","Name":"DS-001","SharedWith":[{"Kind":"User","Name":"Anuradha Raman","Permission":["Edit","Share","Admin"],"_id":"UsJvAN7lSBKC"}],"Status":"Live","Type":"Dataset","_created_at":"2020-03-23T13:36:36Z","_created_by":{"Name":"Anuradha Raman","_id":"UsJvAN7lSBKC"},"_id":"DS_001","_modified_at":"2020-03-23T13:36:36Z","_modified_by":{"_id":"UsJvAN7lSBKC"}},{"Categories":[],"Description":"","LastPublishedAt":"2020-03-23T17:51:04Z","Name":"test","SharedWith":[{"Kind":"User","Name":"Anuradha Raman","Permission":["Edit","Share","Admin"],"_id":"UsJvAN7lSBKC"}],"Status":"Live","Type":"Dataset","_created_at":"2020-03-23T17:51:04Z","_created_by":{"Name":"Anuradha Raman","_id":"UsJvAN7lSBKC"},"_id":"test","_modified_at":"2020-03-23T17:51:04Z","_modified_by":{"_id":"UsJvAN7lSBKC"}},{"Categories":[],"Description":"","LastPublishedAt":"2020-03-25T09:25:46Z","Name":"test123","SharedWith":[{"Kind":"User","Name":"KF QA","Permission":["Edit","Share","Admin"],"_id":"UsoeANVSzy2F"},{"Kind":"User","Name":"Anuradha Raman","Permission":["Share","Edit","Admin"],"_id":"UsJvAN7lSBKC"}],"Status":"Live","Type":"Dataset","_created_at":"2020-03-23T18:00:58Z","_created_by":{"Name":"KF QA","_id":"UsoeANVSzy2F"},"_id":"test123","_modified_at":"2020-03-26T18:45:57Z","_modified_by":{"_id":"UsoeANVSzy2F"}},{"Categories":[],"Description":"","LastPublishedAt":"2020-03-26T17:46:31Z","Name":"Anu-DS-2020","SharedWith":[{"Kind":"User","Name":"KF QA","Permission":["Edit","Share","Admin"],"_id":"UsoeANVSzy2F"}],"Status":"Live","Type":"Dataset","_created_at":"2020-03-26T07:30:49Z","_created_by":{"Name":"KF QA","_id":"UsoeANVSzy2F"},"_id":"Anu_DS_2021","_modified_at":"2020-03-26T17:46:31Z","_modified_by":{"_id":"UsoeANVSzy2F"}},{"Categories":[],"Description":"","LastPublishedAt":"2020-04-06T06:36:39Z","Name":"SmokeDataset","SharedWith":[{"Kind":"User","Name":"KF QA","Permission":["Edit","Share","Admin"],"_id":"UsoeANVSzy2F"}],"Status":"Live","Type":"Dataset","_created_at":"2020-04-06T06:36:22Z","_created_by":{"Name":"KF QA","_id":"UsoeANVSzy2F"},"_id":"SmokeDataset_39","_modified_at":"2020-04-06T06:36:39Z","_modified_by":{"_id":"UsoeANVSzy2F"}}]


at org.codehaus.groovy.runtime.callsite.ConstructorSite$ConstructorSiteNoUnwrap.callConstructor(ConstructorSite.java:84)
at org.codehaus.groovy.runtime.callsite.AbstractCallSite.callConstructor(AbstractCallSite.java:249)
at io.restassured.internal.ResponseSpecificationImpl$HamcrestAssertionClosure.validate(ResponseSpecificationImpl.groovy:493)
at io.restassured.internal.ResponseSpecificationImpl$HamcrestAssertionClosure$validate$1.call(Unknown Source)
at io.restassured.internal.ResponseSpecificationImpl.validateResponseIfRequired(ResponseSpecificationImpl.groovy:674)
at org.codehaus.groovy.runtime.callsite.PlainObjectMetaMethodSite.doInvoke(PlainObjectMetaMethodSite.java:43)
at org.codehaus.groovy.runtime.callsite.PogoMetaMethodSite$PogoCachedMethodSiteNoUnwrapNoCoerce.invoke(PogoMetaMethodSite.java:190)
at org.codehaus.groovy.runtime.callsite.PogoMetaMethodSite.callCurrent(PogoMetaMethodSite.java:58)
at org.codehaus.groovy.runtime.callsite.AbstractCallSite.callCurrent(AbstractCallSite.java:168)
at io.restassured.internal.ResponseSpecificationImpl.body(ResponseSpecificationImpl.groovy:98)
at io.restassured.internal.ValidatableResponseOptionsImpl.body(ValidatableResponseOptionsImpl.java:238)
at io.restassured.internal.ValidatableResponseImpl.super$2$body(ValidatableResponseImpl.groovy)
at groovy.lang.MetaMethod.doMethodInvoke(MetaMethod.java:323)
at groovy.lang.MetaClassImpl.invokeMethod(MetaClassImpl.java:1217)
at org.codehaus.groovy.runtime.ScriptBytecodeAdapter.invokeMethodOnSuperN(ScriptBytecodeAdapter.java:144)
at io.restassured.internal.ValidatableResponseImpl.body(ValidatableResponseImpl.groovy:293)
at io.restassured.internal.ValidatableResponseImpl.body(ValidatableResponseImpl.groovy)
at test.KFDSAPISmokeTest.listAllFlows(KFDSAPISmokeTest.java:184)
at java.base/java.util.ArrayList.forEach(ArrayList.java:1540)
... Removed 40 stack frames]]>
    </failure>
  </testcase> <!-- listAllFlows -->
</testsuite> <!-- DSApiTest -->
