<?xml version="1.0" encoding="UTF-8"?>
<!-- Generated by org.testng.reporters.JUnitXMLReporter -->
<testsuite ignored="0" hostname="Admins-MacBook-Air-4.local" failures="11" tests="21" name="ProcessApiTest" time="199.317" errors="0" timestamp="2020-04-06T12:04:48 IST">
  <testcase classname="test.KFProcessAPISmokeTest" name="completeProcessTest" time="146.84">
    <failure type="org.openqa.selenium.NoSuchElementException" message="no such element: Unable to locate element: {&amp;quot;method&amp;quot;:&amp;quot;xpath&amp;quot;,&amp;quot;selector&amp;quot;:&amp;quot;//div[text() =&amp;apos;Request for SmokeProcess&amp;apos;]&amp;quot;}
  (Session info: chrome=80.0.3987.149)
For documentation on this error, please visit: http://seleniumhq.org/exceptions/no_such_element.html
Build info: version: &amp;apos;3.14.0&amp;apos;, revision: &amp;apos;aacccce0&amp;apos;, time: &amp;apos;2018-08-02T20:19:58.91Z&amp;apos;
System info: host: &amp;apos;Admins-MacBook-Air-4.local&amp;apos;, ip: &amp;apos;fe80:0:0:0:1c58:7519:f3f1:93bf%en0&amp;apos;, os.name: &amp;apos;Mac OS X&amp;apos;, os.arch: &amp;apos;x86_64&amp;apos;, os.version: &amp;apos;10.15.3&amp;apos;, java.version: &amp;apos;11.0.5&amp;apos;
Driver info: org.openqa.selenium.chrome.ChromeDriver
Capabilities {acceptInsecureCerts: false, browserName: chrome, browserVersion: 80.0.3987.149, chrome: {chromedriverVersion: 79.0.3945.36 (3582db32b3389..., userDataDir: /var/folders/4l/ct0ys2kj2h7...}, goog:chromeOptions: {debuggerAddress: localhost:49368}, javascriptEnabled: true, networkConnectionEnabled: false, pageLoadStrategy: normal, platform: MAC, platformName: MAC, proxy: Proxy(), setWindowRect: true, strictFileInteractability: false, timeouts: {implicit: 0, pageLoad: 300000, script: 30000}, unhandledPromptBehavior: dismiss and notify}
Session ID: 3f040bfe80d1be76b05c72a7b7f32aa6
*** Element info: {Using=xpath, value=//div[text() =&amp;apos;Request for SmokeProcess&amp;apos;]}">
      <![CDATA[org.openqa.selenium.NoSuchElementException: no such element: Unable to locate element: {"method":"xpath","selector":"//div[text() ='Request for SmokeProcess']"}
  (Session info: chrome=80.0.3987.149)
For documentation on this error, please visit: http://seleniumhq.org/exceptions/no_such_element.html
Build info: version: '3.14.0', revision: 'aacccce0', time: '2018-08-02T20:19:58.91Z'
System info: host: 'Admins-MacBook-Air-4.local', ip: 'fe80:0:0:0:1c58:7519:f3f1:93bf%en0', os.name: 'Mac OS X', os.arch: 'x86_64', os.version: '10.15.3', java.version: '11.0.5'
Driver info: org.openqa.selenium.chrome.ChromeDriver
Capabilities {acceptInsecureCerts: false, browserName: chrome, browserVersion: 80.0.3987.149, chrome: {chromedriverVersion: 79.0.3945.36 (3582db32b3389..., userDataDir: /var/folders/4l/ct0ys2kj2h7...}, goog:chromeOptions: {debuggerAddress: localhost:49368}, javascriptEnabled: true, networkConnectionEnabled: false, pageLoadStrategy: normal, platform: MAC, platformName: MAC, proxy: Proxy(), setWindowRect: true, strictFileInteractability: false, timeouts: {implicit: 0, pageLoad: 300000, script: 30000}, unhandledPromptBehavior: dismiss and notify}
Session ID: 3f040bfe80d1be76b05c72a7b7f32aa6
*** Element info: {Using=xpath, value=//div[text() ='Request for SmokeProcess']}
at org.openqa.selenium.remote.http.W3CHttpResponseCodec.createException(W3CHttpResponseCodec.java:187)
at org.openqa.selenium.remote.http.W3CHttpResponseCodec.decode(W3CHttpResponseCodec.java:122)
at org.openqa.selenium.remote.http.W3CHttpResponseCodec.decode(W3CHttpResponseCodec.java:49)
at org.openqa.selenium.remote.HttpCommandExecutor.execute(HttpCommandExecutor.java:158)
at org.openqa.selenium.remote.service.DriverCommandExecutor.execute(DriverCommandExecutor.java:83)
at org.openqa.selenium.remote.RemoteWebDriver.execute(RemoteWebDriver.java:548)
at org.openqa.selenium.remote.RemoteWebDriver.findElement(RemoteWebDriver.java:322)
at org.openqa.selenium.remote.RemoteWebDriver.findElementByXPath(RemoteWebDriver.java:424)
at org.openqa.selenium.By$ByXPath.findElement(By.java:353)
at org.openqa.selenium.remote.RemoteWebDriver.findElement(RemoteWebDriver.java:314)
at org.openqa.selenium.support.events.EventFiringWebDriver.lambda$new$1(EventFiringWebDriver.java:105)
at com.sun.proxy.$Proxy18.findElement(Unknown Source)
at org.openqa.selenium.support.events.EventFiringWebDriver.findElement(EventFiringWebDriver.java:194)
at org.kissflow.qa.process.ProcessHomePage.openMyItemProcess(ProcessHomePage.java:96)
at test.KFProcessAPISmokeTest.completeProcessTest(KFProcessAPISmokeTest.java:326)
at java.base/java.util.ArrayList.forEach(ArrayList.java:1540)
... Removed 34 stack frames]]>
    </failure>
  </testcase> <!-- completeProcessTest -->
  <testcase classname="test.KFProcessAPISmokeTest" name="getProcessItemList" time="9.861">
    <failure type="java.lang.AssertionError" message="1 expectation failed.
Response body doesn&amp;apos;t match expectation.
Expected: The content to match the given JSON schema.
warning: the following keywords are unknown and will be ignored: [$id]
    level: &amp;quot;warning&amp;quot;
    schema: {&amp;quot;loadingURI&amp;quot;:&amp;quot;file:/Users/anuradharaman/eclipse-workspace/Anu/KFAPITestAutomation/target/test-classes/getProcessItemList.json#&amp;quot;,&amp;quot;pointer&amp;quot;:&amp;quot;&amp;quot;}
    domain: &amp;quot;syntax&amp;quot;
    ignored: [&amp;quot;$id&amp;quot;]
warning: the following keywords are unknown and will be ignored: [$id]
    level: &amp;quot;warning&amp;quot;
    schema: {&amp;quot;loadingURI&amp;quot;:&amp;quot;file:/Users/anuradharaman/eclipse-workspace/Anu/KFAPITestAutomation/target/test-classes/getProcessItemList.json#&amp;quot;,&amp;quot;pointer&amp;quot;:&amp;quot;/properties/Aggregation&amp;quot;}
    domain: &amp;quot;syntax&amp;quot;
    ignored: [&amp;quot;$id&amp;quot;]
warning: the following keywords are unknown and will be ignored: [$id]
    level: &amp;quot;warning&amp;quot;
    schema: {&amp;quot;loadingURI&amp;quot;:&amp;quot;file:/Users/anuradharaman/eclipse-workspace/Anu/KFAPITestAutomation/target/test-classes/getProcessItemList.json#&amp;quot;,&amp;quot;pointer&amp;quot;:&amp;quot;/properties/Aggregation/properties/Name&amp;quot;}
    domain: &amp;quot;syntax&amp;quot;
    ignored: [&amp;quot;$id&amp;quot;]
warning: the following keywords are unknown and will be ignored: [$id, examples]
    level: &amp;quot;warning&amp;quot;
    schema: {&amp;quot;loadingURI&amp;quot;:&amp;quot;file:/Users/anuradharaman/eclipse-workspace/Anu/KFAPITestAutomation/target/test-classes/getProcessItemList.json#&amp;quot;,&amp;quot;pointer&amp;quot;:&amp;quot;/properties/Aggregation/properties/Name/properties/Blank&amp;quot;}
    domain: &amp;quot;syntax&amp;quot;
    ignored: [&amp;quot;$id&amp;quot;,&amp;quot;examples&amp;quot;]
warning: the following keywords are unknown and will be ignored: [$id, examples]
    level: &amp;quot;warning&amp;quot;
    schema: {&amp;quot;loadingURI&amp;quot;:&amp;quot;file:/Users/anuradharaman/eclipse-workspace/Anu/KFAPITestAutomation/target/test-classes/getProcessItemList.json#&amp;quot;,&amp;quot;pointer&amp;quot;:&amp;quot;/properties/Aggregation/properties/Name/properties/Count&amp;quot;}
    domain: &amp;quot;syntax&amp;quot;
    ignored: [&amp;quot;$id&amp;quot;,&amp;quot;examples&amp;quot;]
warning: the following keywords are unknown and will be ignored: [$id, examples]
    level: &amp;quot;warning&amp;quot;
    schema: {&amp;quot;loadingURI&amp;quot;:&amp;quot;file:/Users/anuradharaman/eclipse-workspace/Anu/KFAPITestAutomation/target/test-classes/getProcessItemList.json#&amp;quot;,&amp;quot;pointer&amp;quot;:&amp;quot;/properties/Aggregation/properties/Name/properties/NonBlank&amp;quot;}
    domain: &amp;quot;syntax&amp;quot;
    ignored: [&amp;quot;$id&amp;quot;,&amp;quot;examples&amp;quot;]
warning: the following keywords are unknown and will be ignored: [$id]
    level: &amp;quot;warning&amp;quot;
    schema: {&amp;quot;loadingURI&amp;quot;:&amp;quot;file:/Users/anuradharaman/eclipse-workspace/Anu/KFAPITestAutomation/target/test-classes/getProcessItemList.json#&amp;quot;,&amp;quot;pointer&amp;quot;:&amp;quot;/properties/Aggregation/properties/ThisIsAttach&amp;quot;}
    domain: &amp;quot;syntax&amp;quot;
    ignored: [&amp;quot;$id&amp;quot;]
warning: the following keywords are unknown and will be ignored: [$id, examples]
    level: &amp;quot;warning&amp;quot;
    schema: {&amp;quot;loadingURI&amp;quot;:&amp;quot;file:/Users/anuradharaman/eclipse-workspace/Anu/KFAPITestAutomation/target/test-classes/getProcessItemList.json#&amp;quot;,&amp;quot;pointer&amp;quot;:&amp;quot;/properties/Aggregation/properties/ThisIsAttach/properties/Blank&amp;quot;}
    domain: &amp;quot;syntax&amp;quot;
    ignored: [&amp;quot;$id&amp;quot;,&amp;quot;examples&amp;quot;]
warning: the following keywords are unknown and will be ignored: [$id, examples]
    level: &amp;quot;warning&amp;quot;
    schema: {&amp;quot;loadingURI&amp;quot;:&amp;quot;file:/Users/anuradharaman/eclipse-workspace/Anu/KFAPITestAutomation/target/test-classes/getProcessItemList.json#&amp;quot;,&amp;quot;pointer&amp;quot;:&amp;quot;/properties/Aggregation/properties/ThisIsAttach/properties/Count&amp;quot;}
    domain: &amp;quot;syntax&amp;quot;
    ignored: [&amp;quot;$id&amp;quot;,&amp;quot;examples&amp;quot;]
warning: the following keywords are unknown and will be ignored: [$id, examples]
    level: &amp;quot;warning&amp;quot;
    schema: {&amp;quot;loadingURI&amp;quot;:&amp;quot;file:/Users/anuradharaman/eclipse-workspace/Anu/KFAPITestAutomation/target/test-classes/getProcessItemList.json#&amp;quot;,&amp;quot;pointer&amp;quot;:&amp;quot;/properties/Aggregation/properties/ThisIsAttach/properties/NonBlank&amp;quot;}
    domain: &amp;quot;syntax&amp;quot;
    ignored: [&amp;quot;$id&amp;quot;,&amp;quot;examples&amp;quot;]
warning: the following keywords are unknown and will be ignored: [$id]
    level: &amp;quot;warning&amp;quot;
    schema: {&amp;quot;loadingURI&amp;quot;:&amp;quot;file:/Users/anuradharaman/eclipse-workspace/Anu/KFAPITestAutomation/target/test-classes/getProcessItemList.json#&amp;quot;,&amp;quot;pointer&amp;quot;:&amp;quot;/properties/Aggregation/properties/ThisIsCheckList&amp;quot;}
    domain: &amp;quot;syntax&amp;quot;
    ignored: [&amp;quot;$id&amp;quot;]
warning: the following keywords are unknown and will be ignored: [$id, examples]
    level: &amp;quot;warning&amp;quot;
    schema: {&amp;quot;loadingURI&amp;quot;:&amp;quot;file:/Users/anuradharaman/eclipse-workspace/Anu/KFAPITestAutomation/target/test-classes/getProcessItemList.json#&amp;quot;,&amp;quot;pointer&amp;quot;:&amp;quot;/properties/Aggregation/properties/ThisIsCheckList/properties/Blank&amp;quot;}
    domain: &amp;quot;syntax&amp;quot;
    ignored: [&amp;quot;$id&amp;quot;,&amp;quot;examples&amp;quot;]
warning: the following keywords are unknown and will be ignored: [$id, examples]
    level: &amp;quot;warning&amp;quot;
    schema: {&amp;quot;loadingURI&amp;quot;:&amp;quot;file:/Users/anuradharaman/eclipse-workspace/Anu/KFAPITestAutomation/target/test-classes/getProcessItemList.json#&amp;quot;,&amp;quot;pointer&amp;quot;:&amp;quot;/properties/Aggregation/properties/ThisIsCheckList/properties/Count&amp;quot;}
    domain: &amp;quot;syntax&amp;quot;
    ignored: [&amp;quot;$id&amp;quot;,&amp;quot;examples&amp;quot;]
warning: the following keywords are unknown and will be ignored: [$id, examples]
    level: &amp;quot;warning&amp;quot;
    schema: {&amp;quot;loadingURI&amp;quot;:&amp;quot;file:/Users/anuradharaman/eclipse-workspace/Anu/KFAPITestAutomation/target/test-classes/getProcessItemList.json#&amp;quot;,&amp;quot;pointer&amp;quot;:&amp;quot;/properties/Aggregation/properties/ThisIsCheckList/properties/NonBlank&amp;quot;}
    domain: &amp;quot;syntax&amp;quot;
    ignored: [&amp;quot;$id&amp;quot;,&amp;quot;examples&amp;quot;]
warning: the following keywords are unknown and will be ignored: [$id]
    level: &amp;quot;warning&amp;quot;
    schema: {&amp;quot;loadingURI&amp;quot;:&amp;quot;file:/Users/anuradharaman/eclipse-workspace/Anu/KFAPITestAutomation/target/test-classes/getProcessItemList.json#&amp;quot;,&amp;quot;pointer&amp;quot;:&amp;quot;/properties/Aggregation/properties/ThisIsCurrency&amp;quot;}
    domain: &amp;quot;syntax&amp;quot;
    ignored: [&amp;quot;$id&amp;quot;]
warning: the following keywords are unknown and will be ignored: [$id, examples]
    level: &amp;quot;warning&amp;quot;
    schema: {&amp;quot;loadingURI&amp;quot;:&amp;quot;file:/Users/anuradharaman/eclipse-workspace/Anu/KFAPITestAutomation/target/test-classes/getProcessItemList.json#&amp;quot;,&amp;quot;pointer&amp;quot;:&amp;quot;/properties/Aggregation/properties/ThisIsCurrency/properties/Average&amp;quot;}
    domain: &amp;quot;syntax&amp;quot;
    ignored: [&amp;quot;$id&amp;quot;,&amp;quot;examples&amp;quot;]
warning: the following keywords are unknown and will be ignored: [$id, examples]
    level: &amp;quot;warning&amp;quot;
    schema: {&amp;quot;loadingURI&amp;quot;:&amp;quot;file:/Users/anuradharaman/eclipse-workspace/Anu/KFAPITestAutomation/target/test-classes/getProcessItemList.json#&amp;quot;,&amp;quot;pointer&amp;quot;:&amp;quot;/properties/Aggregation/properties/ThisIsCurrency/properties/Blank&amp;quot;}
    domain: &amp;quot;syntax&amp;quot;
    ignored: [&amp;quot;$id&amp;quot;,&amp;quot;examples&amp;quot;]
warning: the following keywords are unknown and will be ignored: [$id, examples]
    level: &amp;quot;warning&amp;quot;
    schema: {&amp;quot;loadingURI&amp;quot;:&amp;quot;file:/Users/anuradharaman/eclipse-workspace/Anu/KFAPITestAutomation/target/test-classes/getProcessItemList.json#&amp;quot;,&amp;quot;pointer&amp;quot;:&amp;quot;/properties/Aggregation/properties/ThisIsCurrency/properties/Count&amp;quot;}
    domain: &amp;quot;syntax&amp;quot;
    ignored: [&amp;quot;$id&amp;quot;,&amp;quot;examples&amp;quot;]
warning: the following keywords are unknown and will be ignored: [$id, examples]
    level: &amp;quot;warning&amp;quot;
    schema: {&amp;quot;loadingURI&amp;quot;:&amp;quot;file:/Users/anuradharaman/eclipse-workspace/Anu/KFAPITestAutomation/target/test-classes/getProcessItemList.json#&amp;quot;,&amp;quot;pointer&amp;quot;:&amp;quot;/properties/Aggregation/properties/ThisIsCurrency/properties/Max&amp;quot;}
    domain: &amp;quot;syntax&amp;quot;
    ignored: [&amp;quot;$id&amp;quot;,&amp;quot;examples&amp;quot;]
warning: the following keywords are unknown and will be ignored: [$id, examples]
    level: &amp;quot;warning&amp;quot;
    schema: {&amp;quot;loadingURI&amp;quot;:&amp;quot;file:/Users/anuradharaman/eclipse-workspace/Anu/KFAPITestAutomation/target/test-classes/getProcessItemList.json#&amp;quot;,&amp;quot;pointer&amp;quot;:&amp;quot;/properties/Aggregation/properties/ThisIsCurrency/properties/Min&amp;quot;}
    domain: &amp;quot;syntax&amp;quot;
    ignored: [&amp;quot;$id&amp;quot;,&amp;quot;examples&amp;quot;]
warning: the following keywords are unknown and will be ignored: [$id, examples]
    level: &amp;quot;warning&amp;quot;
    schema: {&amp;quot;loadingURI&amp;quot;:&amp;quot;file:/Users/anuradharaman/eclipse-workspace/Anu/KFAPITestAutomation/target/test-classes/getProcessItemList.json#&amp;quot;,&amp;quot;pointer&amp;quot;:&amp;quot;/properties/Aggregation/properties/ThisIsCurrency/properties/NonBlank&amp;quot;}
    domain: &amp;quot;syntax&amp;quot;
    ignored: [&amp;quot;$id&amp;quot;,&amp;quot;examples&amp;quot;]
warning: the following keywords are unknown and will be ignored: [$id, examples]
    level: &amp;quot;warning&amp;quot;
    schema: {&amp;quot;loadingURI&amp;quot;:&amp;quot;file:/Users/anuradharaman/eclipse-workspace/Anu/KFAPITestAutomation/target/test-classes/getProcessItemList.json#&amp;quot;,&amp;quot;pointer&amp;quot;:&amp;quot;/properties/Aggregation/properties/ThisIsCurrency/properties/Sum&amp;quot;}
    domain: &amp;quot;syntax&amp;quot;
    ignored: [&amp;quot;$id&amp;quot;,&amp;quot;examples&amp;quot;]
warning: the following keywords are unknown and will be ignored: [$id]
    level: &amp;quot;warning&amp;quot;
    schema: {&amp;quot;loadingURI&amp;quot;:&amp;quot;file:/Users/anuradharaman/eclipse-workspace/Anu/KFAPITestAutomation/target/test-classes/getProcessItemList.json#&amp;quot;,&amp;quot;pointer&amp;quot;:&amp;quot;/properties/Aggregation/properties/ThisIsDate&amp;quot;}
    domain: &amp;quot;syntax&amp;quot;
    ignored: [&amp;quot;$id&amp;quot;]
warning: the following keywords are unknown and will be ignored: [$id, examples]
    level: &amp;quot;warning&amp;quot;
    schema: {&amp;quot;loadingURI&amp;quot;:&amp;quot;file:/Users/anuradharaman/eclipse-workspace/Anu/KFAPITestAutomation/target/test-classes/getProcessItemList.json#&amp;quot;,&amp;quot;pointer&amp;quot;:&amp;quot;/properties/Aggregation/properties/ThisIsDate/properties/Blank&amp;quot;}
    domain: &amp;quot;syntax&amp;quot;
    ignored: [&amp;quot;$id&amp;quot;,&amp;quot;examples&amp;quot;]
warning: the following keywords are unknown and will be ignored: [$id, examples]
    level: &amp;quot;warning&amp;quot;
    schema: {&amp;quot;loadingURI&amp;quot;:&amp;quot;file:/Users/anuradharaman/eclipse-workspace/Anu/KFAPITestAutomation/target/test-classes/getProcessItemList.json#&amp;quot;,&amp;quot;pointer&amp;quot;:&amp;quot;/properties/Aggregation/properties/ThisIsDate/properties/Count&amp;quot;}
    domain: &amp;quot;syntax&amp;quot;
    ignored: [&amp;quot;$id&amp;quot;,&amp;quot;examples&amp;quot;]
warning: the following keywords are unknown and will be ignored: [$id, examples]
    level: &amp;quot;warning&amp;quot;
    schema: {&amp;quot;loadingURI&amp;quot;:&amp;quot;file:/Users/anuradharaman/eclipse-workspace/Anu/KFAPITestAutomation/target/test-classes/getProcessItemList.json#&amp;quot;,&amp;quot;pointer&amp;quot;:&amp;quot;/properties/Aggregation/properties/ThisIsDate/properties/Max&amp;quot;}
    domain: &amp;quot;syntax&amp;quot;
    ignored: [&amp;quot;$id&amp;quot;,&amp;quot;examples&amp;quot;]
warning: the following keywords are unknown and will be ignored: [$id, examples]
    level: &amp;quot;warning&amp;quot;
    schema: {&amp;quot;loadingURI&amp;quot;:&amp;quot;file:/Users/anuradharaman/eclipse-workspace/Anu/KFAPITestAutomation/target/test-classes/getProcessItemList.json#&amp;quot;,&amp;quot;pointer&amp;quot;:&amp;quot;/properties/Aggregation/properties/ThisIsDate/properties/Min&amp;quot;}
    domain: &amp;quot;syntax&amp;quot;
    ignored: [&amp;quot;$id&amp;quot;,&amp;quot;examples&amp;quot;]
warning: the following keywords are unknown and will be ignored: [$id, examples]
    level: &amp;quot;warning&amp;quot;
    schema: {&amp;quot;loadingURI&amp;quot;:&amp;quot;file:/Users/anuradharaman/eclipse-workspace/Anu/KFAPITestAutomation/target/test-classes/getProcessItemList.json#&amp;quot;,&amp;quot;pointer&amp;quot;:&amp;quot;/properties/Aggregation/properties/ThisIsDate/properties/NonBlank&amp;quot;}
    domain: &amp;quot;syntax&amp;quot;
    ignored: [&amp;quot;$id&amp;quot;,&amp;quot;examples&amp;quot;]
warning: the following keywords are unknown and will be ignored: [$id]
    level: &amp;quot;warning&amp;quot;
    schema: {&amp;quot;loadingURI&amp;quot;:&amp;quot;file:/Users/anuradharaman/eclipse-workspace/Anu/KFAPITestAutomation/target/test-classes/getProcessItemList.json#&amp;quot;,&amp;quot;pointer&amp;quot;:&amp;quot;/properties/Aggregation/properties/ThisIsDateAndTime&amp;quot;}
    domain: &amp;quot;syntax&amp;quot;
    ignored: [&amp;quot;$id&amp;quot;]
warning: the following keywords are unknown and will be ignored: [$id, examples]
    level: &amp;quot;warning&amp;quot;
    schema: {&amp;quot;loadingURI&amp;quot;:&amp;quot;file:/Users/anuradharaman/eclipse-workspace/Anu/KFAPITestAutomation/target/test-classes/getProcessItemList.json#&amp;quot;,&amp;quot;pointer&amp;quot;:&amp;quot;/properties/Aggregation/properties/ThisIsDateAndTime/properties/Blank&amp;quot;}
    domain: &amp;quot;syntax&amp;quot;
    ignored: [&amp;quot;$id&amp;quot;,&amp;quot;examples&amp;quot;]
warning: the following keywords are unknown and will be ignored: [$id, examples]
    level: &amp;quot;warning&amp;quot;
    schema: {&amp;quot;loadingURI&amp;quot;:&amp;quot;file:/Users/anuradharaman/eclipse-workspace/Anu/KFAPITestAutomation/target/test-classes/getProcessItemList.json#&amp;quot;,&amp;quot;pointer&amp;quot;:&amp;quot;/properties/Aggregation/properties/ThisIsDateAndTime/properties/Count&amp;quot;}
    domain: &amp;quot;syntax&amp;quot;
    ignored: [&amp;quot;$id&amp;quot;,&amp;quot;examples&amp;quot;]
warning: the following keywords are unknown and will be ignored: [$id, examples]
    level: &amp;quot;warning&amp;quot;
    schema: {&amp;quot;loadingURI&amp;quot;:&amp;quot;file:/Users/anuradharaman/eclipse-workspace/Anu/KFAPITestAutomation/target/test-classes/getProcessItemList.json#&amp;quot;,&amp;quot;pointer&amp;quot;:&amp;quot;/properties/Aggregation/properties/ThisIsDateAndTime/properties/Max&amp;quot;}
    domain: &amp;quot;syntax&amp;quot;
    ignored: [&amp;quot;$id&amp;quot;,&amp;quot;examples&amp;quot;]
warning: the following keywords are unknown and will be ignored: [$id, examples]
    level: &amp;quot;warning&amp;quot;
    schema: {&amp;quot;loadingURI&amp;quot;:&amp;quot;file:/Users/anuradharaman/eclipse-workspace/Anu/KFAPITestAutomation/target/test-classes/getProcessItemList.json#&amp;quot;,&amp;quot;pointer&amp;quot;:&amp;quot;/properties/Aggregation/properties/ThisIsDateAndTime/properties/Min&amp;quot;}
    domain: &amp;quot;syntax&amp;quot;
    ignored: [&amp;quot;$id&amp;quot;,&amp;quot;examples&amp;quot;]
warning: the following keywords are unknown and will be ignored: [$id, examples]
    level: &amp;quot;warning&amp;quot;
    schema: {&amp;quot;loadingURI&amp;quot;:&amp;quot;file:/Users/anuradharaman/eclipse-workspace/Anu/KFAPITestAutomation/target/test-classes/getProcessItemList.json#&amp;quot;,&amp;quot;pointer&amp;quot;:&amp;quot;/properties/Aggregation/properties/ThisIsDateAndTime/properties/NonBlank&amp;quot;}
    domain: &amp;quot;syntax&amp;quot;
    ignored: [&amp;quot;$id&amp;quot;,&amp;quot;examples&amp;quot;]
warning: the following keywords are unknown and will be ignored: [$id]
    level: &amp;quot;warning&amp;quot;
    schema: {&amp;quot;loadingURI&amp;quot;:&amp;quot;file:/Users/anuradharaman/eclipse-workspace/Anu/KFAPITestAutomation/target/test-classes/getProcessItemList.json#&amp;quot;,&amp;quot;pointer&amp;quot;:&amp;quot;/properties/Aggregation/properties/ThisIsDropdown&amp;quot;}
    domain: &amp;quot;syntax&amp;quot;
    ignored: [&amp;quot;$id&amp;quot;]
warning: the following keywords are unknown and will be ignored: [$id, examples]
    level: &amp;quot;warning&amp;quot;
    schema: {&amp;quot;loadingURI&amp;quot;:&amp;quot;file:/Users/anuradharaman/eclipse-workspace/Anu/KFAPITestAutomation/target/test-classes/getProcessItemList.json#&amp;quot;,&amp;quot;pointer&amp;quot;:&amp;quot;/properties/Aggregation/properties/ThisIsDropdown/properties/Blank&amp;quot;}
    domain: &amp;quot;syntax&amp;quot;
    ignored: [&amp;quot;$id&amp;quot;,&amp;quot;examples&amp;quot;]
warning: the following keywords are unknown and will be ignored: [$id, examples]
    level: &amp;quot;warning&amp;quot;
    schema: {&amp;quot;loadingURI&amp;quot;:&amp;quot;file:/Users/anuradharaman/eclipse-workspace/Anu/KFAPITestAutomation/target/test-classes/getProcessItemList.json#&amp;quot;,&amp;quot;pointer&amp;quot;:&amp;quot;/properties/Aggregation/properties/ThisIsDropdown/properties/Count&amp;quot;}
    domain: &amp;quot;syntax&amp;quot;
    ignored: [&amp;quot;$id&amp;quot;,&amp;quot;examples&amp;quot;]
warning: the following keywords are unknown and will be ignored: [$id, examples]
    level: &amp;quot;warning&amp;quot;
    schema: {&amp;quot;loadingURI&amp;quot;:&amp;quot;file:/Users/anuradharaman/eclipse-workspace/Anu/KFAPITestAutomation/target/test-classes/getProcessItemList.json#&amp;quot;,&amp;quot;pointer&amp;quot;:&amp;quot;/properties/Aggregation/properties/ThisIsDropdown/properties/NonBlank&amp;quot;}
    domain: &amp;quot;syntax&amp;quot;
    ignored: [&amp;quot;$id&amp;quot;,&amp;quot;examples&amp;quot;]
warning: the following keywords are unknown and will be ignored: [$id]
    level: &amp;quot;warning&amp;quot;
    schema: {&amp;quot;loadingURI&amp;quot;:&amp;quot;file:/Users/anuradharaman/eclipse-workspace/Anu/KFAPITestAutomation/target/test-classes/getProcessItemList.json#&amp;quot;,&amp;quot;pointer&amp;quot;:&amp;quot;/properties/Aggregation/properties/ThisIsImage&amp;quot;}
    domain: &amp;quot;syntax&amp;quot;
    ignored: [&amp;quot;$id&amp;quot;]
warning: the following keywords are unknown and will be ignored: [$id, examples]
    level: &amp;quot;warning&amp;quot;
    schema: {&amp;quot;loadingURI&amp;quot;:&amp;quot;file:/Users/anuradharaman/eclipse-workspace/Anu/KFAPITestAutomation/target/test-classes/getProcessItemList.json#&amp;quot;,&amp;quot;pointer&amp;quot;:&amp;quot;/properties/Aggregation/properties/ThisIsImage/properties/Blank&amp;quot;}
    domain: &amp;quot;syntax&amp;quot;
    ignored: [&amp;quot;$id&amp;quot;,&amp;quot;examples&amp;quot;]
warning: the following keywords are unknown and will be ignored: [$id, examples]
    level: &amp;quot;warning&amp;quot;
    schema: {&amp;quot;loadingURI&amp;quot;:&amp;quot;file:/Users/anuradharaman/eclipse-workspace/Anu/KFAPITestAutomation/target/test-classes/getProcessItemList.json#&amp;quot;,&amp;quot;pointer&amp;quot;:&amp;quot;/properties/Aggregation/properties/ThisIsImage/properties/Count&amp;quot;}
    domain: &amp;quot;syntax&amp;quot;
    ignored: [&amp;quot;$id&amp;quot;,&amp;quot;examples&amp;quot;]
warning: the following keywords are unknown and will be ignored: [$id, examples]
    level: &amp;quot;warning&amp;quot;
    schema: {&amp;quot;loadingURI&amp;quot;:&amp;quot;file:/Users/anuradharaman/eclipse-workspace/Anu/KFAPITestAutomation/target/test-classes/getProcessItemList.json#&amp;quot;,&amp;quot;pointer&amp;quot;:&amp;quot;/properties/Aggregation/properties/ThisIsImage/properties/NonBlank&amp;quot;}
    domain: &amp;quot;syntax&amp;quot;
    ignored: [&amp;quot;$id&amp;quot;,&amp;quot;examples&amp;quot;]
warning: the following keywords are unknown and will be ignored: [$id]
    level: &amp;quot;warning&amp;quot;
    schema: {&amp;quot;loadingURI&amp;quot;:&amp;quot;file:/Users/anuradharaman/eclipse-workspace/Anu/KFAPITestAutomation/target/test-classes/getProcessItemList.json#&amp;quot;,&amp;quot;pointer&amp;quot;:&amp;quot;/properties/Aggregation/properties/ThisIsLookup&amp;quot;}
    domain: &amp;quot;syntax&amp;quot;
    ignored: [&amp;quot;$id&amp;quot;]
warning: the following keywords are unknown and will be ignored: [$id, examples]
    level: &amp;quot;warning&amp;quot;
    schema: {&amp;quot;loadingURI&amp;quot;:&amp;quot;file:/Users/anuradharaman/eclipse-workspace/Anu/KFAPITestAutomation/target/test-classes/getProcessItemList.json#&amp;quot;,&amp;quot;pointer&amp;quot;:&amp;quot;/properties/Aggregation/properties/ThisIsLookup/properties/Blank&amp;quot;}
    domain: &amp;quot;syntax&amp;quot;
    ignored: [&amp;quot;$id&amp;quot;,&amp;quot;examples&amp;quot;]
warning: the following keywords are unknown and will be ignored: [$id, examples]
    level: &amp;quot;warning&amp;quot;
    schema: {&amp;quot;loadingURI&amp;quot;:&amp;quot;file:/Users/anuradharaman/eclipse-workspace/Anu/KFAPITestAutomation/target/test-classes/getProcessItemList.json#&amp;quot;,&amp;quot;pointer&amp;quot;:&amp;quot;/properties/Aggregation/properties/ThisIsLookup/properties/Count&amp;quot;}
    domain: &amp;quot;syntax&amp;quot;
    ignored: [&amp;quot;$id&amp;quot;,&amp;quot;examples&amp;quot;]
warning: the following keywords are unknown and will be ignored: [$id, examples]
    level: &amp;quot;warning&amp;quot;
    schema: {&amp;quot;loadingURI&amp;quot;:&amp;quot;file:/Users/anuradharaman/eclipse-workspace/Anu/KFAPITestAutomation/target/test-classes/getProcessItemList.json#&amp;quot;,&amp;quot;pointer&amp;quot;:&amp;quot;/properties/Aggregation/properties/ThisIsLookup/properties/NonBlank&amp;quot;}
    domain: &amp;quot;syntax&amp;quot;
    ignored: [&amp;quot;$id&amp;quot;,&amp;quot;examples&amp;quot;]
warning: the following keywords are unknown and will be ignored: [$id]
    level: &amp;quot;warning&amp;quot;
    schema: {&amp;quot;loadingURI&amp;quot;:&amp;quot;file:/Users/anuradharaman/eclipse-workspace/Anu/KFAPITestAutomation/target/test-classes/getProcessItemList.json#&amp;quot;,&amp;quot;pointer&amp;quot;:&amp;quot;/properties/Aggregation/properties/ThisIsNum&amp;quot;}
    domain: &amp;quot;syntax&amp;quot;
    ignored: [&amp;quot;$id&amp;quot;]
warning: the following keywords are unknown and will be ignored: [$id, examples]
    level: &amp;quot;warning&amp;quot;
    schema: {&amp;quot;loadingURI&amp;quot;:&amp;quot;file:/Users/anuradharaman/eclipse-workspace/Anu/KFAPITestAutomation/target/test-classes/getProcessItemList.json#&amp;quot;,&amp;quot;pointer&amp;quot;:&amp;quot;/properties/Aggregation/properties/ThisIsNum/properties/Average&amp;quot;}
    domain: &amp;quot;syntax&amp;quot;
    ignored: [&amp;quot;$id&amp;quot;,&amp;quot;examples&amp;quot;]
warning: the following keywords are unknown and will be ignored: [$id, examples]
    level: &amp;quot;warning&amp;quot;
    schema: {&amp;quot;loadingURI&amp;quot;:&amp;quot;file:/Users/anuradharaman/eclipse-workspace/Anu/KFAPITestAutomation/target/test-classes/getProcessItemList.json#&amp;quot;,&amp;quot;pointer&amp;quot;:&amp;quot;/properties/Aggregation/properties/ThisIsNum/properties/Blank&amp;quot;}
    domain: &amp;quot;syntax&amp;quot;
    ignored: [&amp;quot;$id&amp;quot;,&amp;quot;examples&amp;quot;]
warning: the following keywords are unknown and will be ignored: [$id, examples]
    level: &amp;quot;warning&amp;quot;
    schema: {&amp;quot;loadingURI&amp;quot;:&amp;quot;file:/Users/anuradharaman/eclipse-workspace/Anu/KFAPITestAutomation/target/test-classes/getProcessItemList.json#&amp;quot;,&amp;quot;pointer&amp;quot;:&amp;quot;/properties/Aggregation/properties/ThisIsNum/properties/Count&amp;quot;}
    domain: &amp;quot;syntax&amp;quot;
    ignored: [&amp;quot;$id&amp;quot;,&amp;quot;examples&amp;quot;]
warning: the following keywords are unknown and will be ignored: [$id, examples]
    level: &amp;quot;warning&amp;quot;
    schema: {&amp;quot;loadingURI&amp;quot;:&amp;quot;file:/Users/anuradharaman/eclipse-workspace/Anu/KFAPITestAutomation/target/test-classes/getProcessItemList.json#&amp;quot;,&amp;quot;pointer&amp;quot;:&amp;quot;/properties/Aggregation/properties/ThisIsNum/properties/Max&amp;quot;}
    domain: &amp;quot;syntax&amp;quot;
    ignored: [&amp;quot;$id&amp;quot;,&amp;quot;examples&amp;quot;]
warning: the following keywords are unknown and will be ignored: [$id, examples]
    level: &amp;quot;warning&amp;quot;
    schema: {&amp;quot;loadingURI&amp;quot;:&amp;quot;file:/Users/anuradharaman/eclipse-workspace/Anu/KFAPITestAutomation/target/test-classes/getProcessItemList.json#&amp;quot;,&amp;quot;pointer&amp;quot;:&amp;quot;/properties/Aggregation/properties/ThisIsNum/properties/Min&amp;quot;}
    domain: &amp;quot;syntax&amp;quot;
    ignored: [&amp;quot;$id&amp;quot;,&amp;quot;examples&amp;quot;]
warning: the following keywords are unknown and will be ignored: [$id, examples]
    level: &amp;quot;warning&amp;quot;
    schema: {&amp;quot;loadingURI&amp;quot;:&amp;quot;file:/Users/anuradharaman/eclipse-workspace/Anu/KFAPITestAutomation/target/test-classes/getProcessItemList.json#&amp;quot;,&amp;quot;pointer&amp;quot;:&amp;quot;/properties/Aggregation/properties/ThisIsNum/properties/NonBlank&amp;quot;}
    domain: &amp;quot;syntax&amp;quot;
    ignored: [&amp;quot;$id&amp;quot;,&amp;quot;examples&amp;quot;]
warning: the following keywords are unknown and will be ignored: [$id, examples]
    level: &amp;quot;warning&amp;quot;
    schema: {&amp;quot;loadingURI&amp;quot;:&amp;quot;file:/Users/anuradharaman/eclipse-workspace/Anu/KFAPITestAutomation/target/test-classes/getProcessItemList.json#&amp;quot;,&amp;quot;pointer&amp;quot;:&amp;quot;/properties/Aggregation/properties/ThisIsNum/properties/Sum&amp;quot;}
    domain: &amp;quot;syntax&amp;quot;
    ignored: [&amp;quot;$id&amp;quot;,&amp;quot;examples&amp;quot;]
warning: the following keywords are unknown and will be ignored: [$id]
    level: &amp;quot;warning&amp;quot;
    schema: {&amp;quot;loadingURI&amp;quot;:&amp;quot;file:/Users/anuradharaman/eclipse-workspace/Anu/KFAPITestAutomation/target/test-classes/getProcessItemList.json#&amp;quot;,&amp;quot;pointer&amp;quot;:&amp;quot;/properties/Aggregation/properties/ThisIsRating&amp;quot;}
    domain: &amp;quot;syntax&amp;quot;
    ignored: [&amp;quot;$id&amp;quot;]
warning: the following keywords are unknown and will be ignored: [$id, examples]
    level: &amp;quot;warning&amp;quot;
    schema: {&amp;quot;loadingURI&amp;quot;:&amp;quot;file:/Users/anuradharaman/eclipse-workspace/Anu/KFAPITestAutomation/target/test-classes/getProcessItemList.json#&amp;quot;,&amp;quot;pointer&amp;quot;:&amp;quot;/properties/Aggregation/properties/ThisIsRating/properties/Average&amp;quot;}
    domain: &amp;quot;syntax&amp;quot;
    ignored: [&amp;quot;$id&amp;quot;,&amp;quot;examples&amp;quot;]
warning: the following keywords are unknown and will be ignored: [$id, examples]
    level: &amp;quot;warning&amp;quot;
    schema: {&amp;quot;loadingURI&amp;quot;:&amp;quot;file:/Users/anuradharaman/eclipse-workspace/Anu/KFAPITestAutomation/target/test-classes/getProcessItemList.json#&amp;quot;,&amp;quot;pointer&amp;quot;:&amp;quot;/properties/Aggregation/properties/ThisIsRating/properties/Blank&amp;quot;}
    domain: &amp;quot;syntax&amp;quot;
    ignored: [&amp;quot;$id&amp;quot;,&amp;quot;examples&amp;quot;]
warning: the following keywords are unknown and will be ignored: [$id, examples]
    level: &amp;quot;warning&amp;quot;
    schema: {&amp;quot;loadingURI&amp;quot;:&amp;quot;file:/Users/anuradharaman/eclipse-workspace/Anu/KFAPITestAutomation/target/test-classes/getProcessItemList.json#&amp;quot;,&amp;quot;pointer&amp;quot;:&amp;quot;/properties/Aggregation/properties/ThisIsRating/properties/Count&amp;quot;}
    domain: &amp;quot;syntax&amp;quot;
    ignored: [&amp;quot;$id&amp;quot;,&amp;quot;examples&amp;quot;]
warning: the following keywords are unknown and will be ignored: [$id, examples]
    level: &amp;quot;warning&amp;quot;
    schema: {&amp;quot;loadingURI&amp;quot;:&amp;quot;file:/Users/anuradharaman/eclipse-workspace/Anu/KFAPITestAutomation/target/test-classes/getProcessItemList.json#&amp;quot;,&amp;quot;pointer&amp;quot;:&amp;quot;/properties/Aggregation/properties/ThisIsRating/properties/Max&amp;quot;}
    domain: &amp;quot;syntax&amp;quot;
    ignored: [&amp;quot;$id&amp;quot;,&amp;quot;examples&amp;quot;]
warning: the following keywords are unknown and will be ignored: [$id, examples]
    level: &amp;quot;warning&amp;quot;
    schema: {&amp;quot;loadingURI&amp;quot;:&amp;quot;file:/Users/anuradharaman/eclipse-workspace/Anu/KFAPITestAutomation/target/test-classes/getProcessItemList.json#&amp;quot;,&amp;quot;pointer&amp;quot;:&amp;quot;/properties/Aggregation/properties/ThisIsRating/properties/Min&amp;quot;}
    domain: &amp;quot;syntax&amp;quot;
    ignored: [&amp;quot;$id&amp;quot;,&amp;quot;examples&amp;quot;]
warning: the following keywords are unknown and will be ignored: [$id, examples]
    level: &amp;quot;warning&amp;quot;
    schema: {&amp;quot;loadingURI&amp;quot;:&amp;quot;file:/Users/anuradharaman/eclipse-workspace/Anu/KFAPITestAutomation/target/test-classes/getProcessItemList.json#&amp;quot;,&amp;quot;pointer&amp;quot;:&amp;quot;/properties/Aggregation/properties/ThisIsRating/properties/NonBlank&amp;quot;}
    domain: &amp;quot;syntax&amp;quot;
    ignored: [&amp;quot;$id&amp;quot;,&amp;quot;examples&amp;quot;]
warning: the following keywords are unknown and will be ignored: [$id, examples]
    level: &amp;quot;warning&amp;quot;
    schema: {&amp;quot;loadingURI&amp;quot;:&amp;quot;file:/Users/anuradharaman/eclipse-workspace/Anu/KFAPITestAutomation/target/test-classes/getProcessItemList.json#&amp;quot;,&amp;quot;pointer&amp;quot;:&amp;quot;/properties/Aggregation/properties/ThisIsRating/properties/Sum&amp;quot;}
    domain: &amp;quot;syntax&amp;quot;
    ignored: [&amp;quot;$id&amp;quot;,&amp;quot;examples&amp;quot;]
warning: the following keywords are unknown and will be ignored: [$id]
    level: &amp;quot;warning&amp;quot;
    schema: {&amp;quot;loadingURI&amp;quot;:&amp;quot;file:/Users/anuradharaman/eclipse-workspace/Anu/KFAPITestAutomation/target/test-classes/getProcessItemList.json#&amp;quot;,&amp;quot;pointer&amp;quot;:&amp;quot;/properties/Aggregation/properties/ThisIsRemoteLookup&amp;quot;}
    domain: &amp;quot;syntax&amp;quot;
    ignored: [&amp;quot;$id&amp;quot;]
warning: the following keywords are unknown and will be ignored: [$id, examples]
    level: &amp;quot;warning&amp;quot;
    schema: {&amp;quot;loadingURI&amp;quot;:&amp;quot;file:/Users/anuradharaman/eclipse-workspace/Anu/KFAPITestAutomation/target/test-classes/getProcessItemList.json#&amp;quot;,&amp;quot;pointer&amp;quot;:&amp;quot;/properties/Aggregation/properties/ThisIsRemoteLookup/properties/Blank&amp;quot;}
    domain: &amp;quot;syntax&amp;quot;
    ignored: [&amp;quot;$id&amp;quot;,&amp;quot;examples&amp;quot;]
warning: the following keywords are unknown and will be ignored: [$id, examples]
    level: &amp;quot;warning&amp;quot;
    schema: {&amp;quot;loadingURI&amp;quot;:&amp;quot;file:/Users/anuradharaman/eclipse-workspace/Anu/KFAPITestAutomation/target/test-classes/getProcessItemList.json#&amp;quot;,&amp;quot;pointer&amp;quot;:&amp;quot;/properties/Aggregation/properties/ThisIsRemoteLookup/properties/Count&amp;quot;}
    domain: &amp;quot;syntax&amp;quot;
    ignored: [&amp;quot;$id&amp;quot;,&amp;quot;examples&amp;quot;]
warning: the following keywords are unknown and will be ignored: [$id, examples]
    level: &amp;quot;warning&amp;quot;
    schema: {&amp;quot;loadingURI&amp;quot;:&amp;quot;file:/Users/anuradharaman/eclipse-workspace/Anu/KFAPITestAutomation/target/test-classes/getProcessItemList.json#&amp;quot;,&amp;quot;pointer&amp;quot;:&amp;quot;/properties/Aggregation/properties/ThisIsRemoteLookup/properties/NonBlank&amp;quot;}
    domain: &amp;quot;syntax&amp;quot;
    ignored: [&amp;quot;$id&amp;quot;,&amp;quot;examples&amp;quot;]
warning: the following keywords are unknown and will be ignored: [$id]
    level: &amp;quot;warning&amp;quot;
    schema: {&amp;quot;loadingURI&amp;quot;:&amp;quot;file:/Users/anuradharaman/eclipse-workspace/Anu/KFAPITestAutomation/target/test-classes/getProcessItemList.json#&amp;quot;,&amp;quot;pointer&amp;quot;:&amp;quot;/properties/Aggregation/properties/ThisIsSign&amp;quot;}
    domain: &amp;quot;syntax&amp;quot;
    ignored: [&amp;quot;$id&amp;quot;]
warning: the following keywords are unknown and will be ignored: [$id, examples]
    level: &amp;quot;warning&amp;quot;
    schema: {&amp;quot;loadingURI&amp;quot;:&amp;quot;file:/Users/anuradharaman/eclipse-workspace/Anu/KFAPITestAutomation/target/test-classes/getProcessItemList.json#&amp;quot;,&amp;quot;pointer&amp;quot;:&amp;quot;/properties/Aggregation/properties/ThisIsSign/properties/Blank&amp;quot;}
    domain: &amp;quot;syntax&amp;quot;
    ignored: [&amp;quot;$id&amp;quot;,&amp;quot;examples&amp;quot;]
warning: the following keywords are unknown and will be ignored: [$id, examples]
    level: &amp;quot;warning&amp;quot;
    schema: {&amp;quot;loadingURI&amp;quot;:&amp;quot;file:/Users/anuradharaman/eclipse-workspace/Anu/KFAPITestAutomation/target/test-classes/getProcessItemList.json#&amp;quot;,&amp;quot;pointer&amp;quot;:&amp;quot;/properties/Aggregation/properties/ThisIsSign/properties/Count&amp;quot;}
    domain: &amp;quot;syntax&amp;quot;
    ignored: [&amp;quot;$id&amp;quot;,&amp;quot;examples&amp;quot;]
warning: the following keywords are unknown and will be ignored: [$id, examples]
    level: &amp;quot;warning&amp;quot;
    schema: {&amp;quot;loadingURI&amp;quot;:&amp;quot;file:/Users/anuradharaman/eclipse-workspace/Anu/KFAPITestAutomation/target/test-classes/getProcessItemList.json#&amp;quot;,&amp;quot;pointer&amp;quot;:&amp;quot;/properties/Aggregation/properties/ThisIsSign/properties/NonBlank&amp;quot;}
    domain: &amp;quot;syntax&amp;quot;
    ignored: [&amp;quot;$id&amp;quot;,&amp;quot;examples&amp;quot;]
warning: the following keywords are unknown and will be ignored: [$id]
    level: &amp;quot;warning&amp;quot;
    schema: {&amp;quot;loadingURI&amp;quot;:&amp;quot;file:/Users/anuradharaman/eclipse-workspace/Anu/KFAPITestAutomation/target/test-classes/getProcessItemList.json#&amp;quot;,&amp;quot;pointer&amp;quot;:&amp;quot;/properties/Aggregation/properties/ThisIsSlider&amp;quot;}
    domain: &amp;quot;syntax&amp;quot;
    ignored: [&amp;quot;$id&amp;quot;]
warning: the following keywords are unknown and will be ignored: [$id, examples]
    level: &amp;quot;warning&amp;quot;
    schema: {&amp;quot;loadingURI&amp;quot;:&amp;quot;file:/Users/anuradharaman/eclipse-workspace/Anu/KFAPITestAutomation/target/test-classes/getProcessItemList.json#&amp;quot;,&amp;quot;pointer&amp;quot;:&amp;quot;/properties/Aggregation/properties/ThisIsSlider/properties/Average&amp;quot;}
    domain: &amp;quot;syntax&amp;quot;
    ignored: [&amp;quot;$id&amp;quot;,&amp;quot;examples&amp;quot;]
warning: the following keywords are unknown and will be ignored: [$id, examples]
    level: &amp;quot;warning&amp;quot;
    schema: {&amp;quot;loadingURI&amp;quot;:&amp;quot;file:/Users/anuradharaman/eclipse-workspace/Anu/KFAPITestAutomation/target/test-classes/getProcessItemList.json#&amp;quot;,&amp;quot;pointer&amp;quot;:&amp;quot;/properties/Aggregation/properties/ThisIsSlider/properties/Blank&amp;quot;}
    domain: &amp;quot;syntax&amp;quot;
    ignored: [&amp;quot;$id&amp;quot;,&amp;quot;examples&amp;quot;]
warning: the following keywords are unknown and will be ignored: [$id, examples]
    level: &amp;quot;warning&amp;quot;
    schema: {&amp;quot;loadingURI&amp;quot;:&amp;quot;file:/Users/anuradharaman/eclipse-workspace/Anu/KFAPITestAutomation/target/test-classes/getProcessItemList.json#&amp;quot;,&amp;quot;pointer&amp;quot;:&amp;quot;/properties/Aggregation/properties/ThisIsSlider/properties/Count&amp;quot;}
    domain: &amp;quot;syntax&amp;quot;
    ignored: [&amp;quot;$id&amp;quot;,&amp;quot;examples&amp;quot;]
warning: the following keywords are unknown and will be ignored: [$id, examples]
    level: &amp;quot;warning&amp;quot;
    schema: {&amp;quot;loadingURI&amp;quot;:&amp;quot;file:/Users/anuradharaman/eclipse-workspace/Anu/KFAPITestAutomation/target/test-classes/getProcessItemList.json#&amp;quot;,&amp;quot;pointer&amp;quot;:&amp;quot;/properties/Aggregation/properties/ThisIsSlider/properties/Max&amp;quot;}
    domain: &amp;quot;syntax&amp;quot;
    ignored: [&amp;quot;$id&amp;quot;,&amp;quot;examples&amp;quot;]
warning: the following keywords are unknown and will be ignored: [$id, examples]
    level: &amp;quot;warning&amp;quot;
    schema: {&amp;quot;loadingURI&amp;quot;:&amp;quot;file:/Users/anuradharaman/eclipse-workspace/Anu/KFAPITestAutomation/target/test-classes/getProcessItemList.json#&amp;quot;,&amp;quot;pointer&amp;quot;:&amp;quot;/properties/Aggregation/properties/ThisIsSlider/properties/Min&amp;quot;}
    domain: &amp;quot;syntax&amp;quot;
    ignored: [&amp;quot;$id&amp;quot;,&amp;quot;examples&amp;quot;]
warning: the following keywords are unknown and will be ignored: [$id, examples]
    level: &amp;quot;warning&amp;quot;
    schema: {&amp;quot;loadingURI&amp;quot;:&amp;quot;file:/Users/anuradharaman/eclipse-workspace/Anu/KFAPITestAutomation/target/test-classes/getProcessItemList.json#&amp;quot;,&amp;quot;pointer&amp;quot;:&amp;quot;/properties/Aggregation/properties/ThisIsSlider/properties/NonBlank&amp;quot;}
    domain: &amp;quot;syntax&amp;quot;
    ignored: [&amp;quot;$id&amp;quot;,&amp;quot;examples&amp;quot;]
warning: the following keywords are unknown and will be ignored: [$id, examples]
    level: &amp;quot;warning&amp;quot;
    schema: {&amp;quot;loadingURI&amp;quot;:&amp;quot;file:/Users/anuradharaman/eclipse-workspace/Anu/KFAPITestAutomation/target/test-classes/getProcessItemList.json#&amp;quot;,&amp;quot;pointer&amp;quot;:&amp;quot;/properties/Aggregation/properties/ThisIsSlider/properties/Sum&amp;quot;}
    domain: &amp;quot;syntax&amp;quot;
    ignored: [&amp;quot;$id&amp;quot;,&amp;quot;examples&amp;quot;]
warning: the following keywords are unknown and will be ignored: [$id]
    level: &amp;quot;warning&amp;quot;
    schema: {&amp;quot;loadingURI&amp;quot;:&amp;quot;file:/Users/anuradharaman/eclipse-workspace/Anu/KFAPITestAutomation/target/test-classes/getProcessItemList.json#&amp;quot;,&amp;quot;pointer&amp;quot;:&amp;quot;/properties/Aggregation/properties/ThisIsText&amp;quot;}
    domain: &amp;quot;syntax&amp;quot;
    ignored: [&amp;quot;$id&amp;quot;]
warning: the following keywords are unknown and will be ignored: [$id, examples]
    level: &amp;quot;warning&amp;quot;
    schema: {&amp;quot;loadingURI&amp;quot;:&amp;quot;file:/Users/anuradharaman/eclipse-workspace/Anu/KFAPITestAutomation/target/test-classes/getProcessItemList.json#&amp;quot;,&amp;quot;pointer&amp;quot;:&amp;quot;/properties/Aggregation/properties/ThisIsText/properties/Blank&amp;quot;}
    domain: &amp;quot;syntax&amp;quot;
    ignored: [&amp;quot;$id&amp;quot;,&amp;quot;examples&amp;quot;]
warning: the following keywords are unknown and will be ignored: [$id, examples]
    level: &amp;quot;warning&amp;quot;
    schema: {&amp;quot;loadingURI&amp;quot;:&amp;quot;file:/Users/anuradharaman/eclipse-workspace/Anu/KFAPITestAutomation/target/test-classes/getProcessItemList.json#&amp;quot;,&amp;quot;pointer&amp;quot;:&amp;quot;/properties/Aggregation/properties/ThisIsText/properties/Count&amp;quot;}
    domain: &amp;quot;syntax&amp;quot;
    ignored: [&amp;quot;$id&amp;quot;,&amp;quot;examples&amp;quot;]
warning: the following keywords are unknown and will be ignored: [$id, examples]
    level: &amp;quot;warning&amp;quot;
    schema: {&amp;quot;loadingURI&amp;quot;:&amp;quot;file:/Users/anuradharaman/eclipse-workspace/Anu/KFAPITestAutomation/target/test-classes/getProcessItemList.json#&amp;quot;,&amp;quot;pointer&amp;quot;:&amp;quot;/properties/Aggregation/properties/ThisIsText/properties/NonBlank&amp;quot;}
    domain: &amp;quot;syntax&amp;quot;
    ignored: [&amp;quot;$id&amp;quot;,&amp;quot;examples&amp;quot;]
warning: the following keywords are unknown and will be ignored: [$id]
    level: &amp;quot;warning&amp;quot;
    schema: {&amp;quot;loadingURI&amp;quot;:&amp;quot;file:/Users/anuradharaman/eclipse-workspace/Anu/KFAPITestAutomation/target/test-classes/getProcessItemList.json#&amp;quot;,&amp;quot;pointer&amp;quot;:&amp;quot;/properties/Aggregation/properties/ThisIsTextArea&amp;quot;}
    domain: &amp;quot;syntax&amp;quot;
    ignored: [&amp;quot;$id&amp;quot;]
warning: the following keywords are unknown and will be ignored: [$id, examples]
    level: &amp;quot;warning&amp;quot;
    schema: {&amp;quot;loadingURI&amp;quot;:&amp;quot;file:/Users/anuradharaman/eclipse-workspace/Anu/KFAPITestAutomation/target/test-classes/getProcessItemList.json#&amp;quot;,&amp;quot;pointer&amp;quot;:&amp;quot;/properties/Aggregation/properties/ThisIsTextArea/properties/Blank&amp;quot;}
    domain: &amp;quot;syntax&amp;quot;
    ignored: [&amp;quot;$id&amp;quot;,&amp;quot;examples&amp;quot;]
warning: the following keywords are unknown and will be ignored: [$id, examples]
    level: &amp;quot;warning&amp;quot;
    schema: {&amp;quot;loadingURI&amp;quot;:&amp;quot;file:/Users/anuradharaman/eclipse-workspace/Anu/KFAPITestAutomation/target/test-classes/getProcessItemList.json#&amp;quot;,&amp;quot;pointer&amp;quot;:&amp;quot;/properties/Aggregation/properties/ThisIsTextArea/properties/Count&amp;quot;}
    domain: &amp;quot;syntax&amp;quot;
    ignored: [&amp;quot;$id&amp;quot;,&amp;quot;examples&amp;quot;]
warning: the following keywords are unknown and will be ignored: [$id, examples]
    level: &amp;quot;warning&amp;quot;
    schema: {&amp;quot;loadingURI&amp;quot;:&amp;quot;file:/Users/anuradharaman/eclipse-workspace/Anu/KFAPITestAutomation/target/test-classes/getProcessItemList.json#&amp;quot;,&amp;quot;pointer&amp;quot;:&amp;quot;/properties/Aggregation/properties/ThisIsTextArea/properties/NonBlank&amp;quot;}
    domain: &amp;quot;syntax&amp;quot;
    ignored: [&amp;quot;$id&amp;quot;,&amp;quot;examples&amp;quot;]
warning: the following keywords are unknown and will be ignored: [$id]
    level: &amp;quot;warning&amp;quot;
    schema: {&amp;quot;loadingURI&amp;quot;:&amp;quot;file:/Users/anuradharaman/eclipse-workspace/Anu/KFAPITestAutomation/target/test-classes/getProcessItemList.json#&amp;quot;,&amp;quot;pointer&amp;quot;:&amp;quot;/properties/Aggregation/properties/ThisIsUser&amp;quot;}
    domain: &amp;quot;syntax&amp;quot;
    ignored: [&amp;quot;$id&amp;quot;]
warning: the following keywords are unknown and will be ignored: [$id, examples]
    level: &amp;quot;warning&amp;quot;
    schema: {&amp;quot;loadingURI&amp;quot;:&amp;quot;file:/Users/anuradharaman/eclipse-workspace/Anu/KFAPITestAutomation/target/test-classes/getProcessItemList.json#&amp;quot;,&amp;quot;pointer&amp;quot;:&amp;quot;/properties/Aggregation/properties/ThisIsUser/properties/Blank&amp;quot;}
    domain: &amp;quot;syntax&amp;quot;
    ignored: [&amp;quot;$id&amp;quot;,&amp;quot;examples&amp;quot;]
warning: the following keywords are unknown and will be ignored: [$id, examples]
    level: &amp;quot;warning&amp;quot;
    schema: {&amp;quot;loadingURI&amp;quot;:&amp;quot;file:/Users/anuradharaman/eclipse-workspace/Anu/KFAPITestAutomation/target/test-classes/getProcessItemList.json#&amp;quot;,&amp;quot;pointer&amp;quot;:&amp;quot;/properties/Aggregation/properties/ThisIsUser/properties/Count&amp;quot;}
    domain: &amp;quot;syntax&amp;quot;
    ignored: [&amp;quot;$id&amp;quot;,&amp;quot;examples&amp;quot;]
warning: the following keywords are unknown and will be ignored: [$id, examples]
    level: &amp;quot;warning&amp;quot;
    schema: {&amp;quot;loadingURI&amp;quot;:&amp;quot;file:/Users/anuradharaman/eclipse-workspace/Anu/KFAPITestAutomation/target/test-classes/getProcessItemList.json#&amp;quot;,&amp;quot;pointer&amp;quot;:&amp;quot;/properties/Aggregation/properties/ThisIsUser/properties/NonBlank&amp;quot;}
    domain: &amp;quot;syntax&amp;quot;
    ignored: [&amp;quot;$id&amp;quot;,&amp;quot;examples&amp;quot;]
warning: the following keywords are unknown and will be ignored: [$id]
    level: &amp;quot;warning&amp;quot;
    schema: {&amp;quot;loadingURI&amp;quot;:&amp;quot;file:/Users/anuradharaman/eclipse-workspace/Anu/KFAPITestAutomation/target/test-classes/getProcessItemList.json#&amp;quot;,&amp;quot;pointer&amp;quot;:&amp;quot;/properties/Aggregation/properties/ThisIsYesNo&amp;quot;}
    domain: &amp;quot;syntax&amp;quot;
    ignored: [&amp;quot;$id&amp;quot;]
warning: the following keywords are unknown and will be ignored: [$id, examples]
    level: &amp;quot;warning&amp;quot;
    schema: {&amp;quot;loadingURI&amp;quot;:&amp;quot;file:/Users/anuradharaman/eclipse-workspace/Anu/KFAPITestAutomation/target/test-classes/getProcessItemList.json#&amp;quot;,&amp;quot;pointer&amp;quot;:&amp;quot;/properties/Aggregation/properties/ThisIsYesNo/properties/Blank&amp;quot;}
    domain: &amp;quot;syntax&amp;quot;
    ignored: [&amp;quot;$id&amp;quot;,&amp;quot;examples&amp;quot;]
warning: the following keywords are unknown and will be ignored: [$id, examples]
    level: &amp;quot;warning&amp;quot;
    schema: {&amp;quot;loadingURI&amp;quot;:&amp;quot;file:/Users/anuradharaman/eclipse-workspace/Anu/KFAPITestAutomation/target/test-classes/getProcessItemList.json#&amp;quot;,&amp;quot;pointer&amp;quot;:&amp;quot;/properties/Aggregation/properties/ThisIsYesNo/properties/Count&amp;quot;}
    domain: &amp;quot;syntax&amp;quot;
    ignored: [&amp;quot;$id&amp;quot;,&amp;quot;examples&amp;quot;]
warning: the following keywords are unknown and will be ignored: [$id, examples]
    level: &amp;quot;warning&amp;quot;
    schema: {&amp;quot;loadingURI&amp;quot;:&amp;quot;file:/Users/anuradharaman/eclipse-workspace/Anu/KFAPITestAutomation/target/test-classes/getProcessItemList.json#&amp;quot;,&amp;quot;pointer&amp;quot;:&amp;quot;/properties/Aggregation/properties/ThisIsYesNo/properties/NonBlank&amp;quot;}
    domain: &amp;quot;syntax&amp;quot;
    ignored: [&amp;quot;$id&amp;quot;,&amp;quot;examples&amp;quot;]
warning: the following keywords are unknown and will be ignored: [$id]
    level: &amp;quot;warning&amp;quot;
    schema: {&amp;quot;loadingURI&amp;quot;:&amp;quot;file:/Users/anuradharaman/eclipse-workspace/Anu/KFAPITestAutomation/target/test-classes/getProcessItemList.json#&amp;quot;,&amp;quot;pointer&amp;quot;:&amp;quot;/properties/Aggregation/properties/Untitled_FieldThisIsCheckbox&amp;quot;}
    domain: &amp;quot;syntax&amp;quot;
    ignored: [&amp;quot;$id&amp;quot;]
warning: the following keywords are unknown and will be ignored: [$id, examples]
    level: &amp;quot;warning&amp;quot;
    schema: {&amp;quot;loadingURI&amp;quot;:&amp;quot;file:/Users/anuradharaman/eclipse-workspace/Anu/KFAPITestAutomation/target/test-classes/getProcessItemList.json#&amp;quot;,&amp;quot;pointer&amp;quot;:&amp;quot;/properties/Aggregation/properties/Untitled_FieldThisIsCheckbox/properties/Blank&amp;quot;}
    domain: &amp;quot;syntax&amp;quot;
    ignored: [&amp;quot;$id&amp;quot;,&amp;quot;examples&amp;quot;]
warning: the following keywords are unknown and will be ignored: [$id, examples]
    level: &amp;quot;warning&amp;quot;
    schema: {&amp;quot;loadingURI&amp;quot;:&amp;quot;file:/Users/anuradharaman/eclipse-workspace/Anu/KFAPITestAutomation/target/test-classes/getProcessItemList.json#&amp;quot;,&amp;quot;pointer&amp;quot;:&amp;quot;/properties/Aggregation/properties/Untitled_FieldThisIsCheckbox/properties/Count&amp;quot;}
    domain: &amp;quot;syntax&amp;quot;
    ignored: [&amp;quot;$id&amp;quot;,&amp;quot;examples&amp;quot;]
warning: the following keywords are unknown and will be ignored: [$id, examples]
    level: &amp;quot;warning&amp;quot;
    schema: {&amp;quot;loadingURI&amp;quot;:&amp;quot;file:/Users/anuradharaman/eclipse-workspace/Anu/KFAPITestAutomation/target/test-classes/getProcessItemList.json#&amp;quot;,&amp;quot;pointer&amp;quot;:&amp;quot;/properties/Aggregation/properties/Untitled_FieldThisIsCheckbox/properties/NonBlank&amp;quot;}
    domain: &amp;quot;syntax&amp;quot;
    ignored: [&amp;quot;$id&amp;quot;,&amp;quot;examples&amp;quot;]
warning: the following keywords are unknown and will be ignored: [$id]
    level: &amp;quot;warning&amp;quot;
    schema: {&amp;quot;loadingURI&amp;quot;:&amp;quot;file:/Users/anuradharaman/eclipse-workspace/Anu/KFAPITestAutomation/target/test-classes/getProcessItemList.json#&amp;quot;,&amp;quot;pointer&amp;quot;:&amp;quot;/properties/Aggregation/properties/_created_at&amp;quot;}
    domain: &amp;quot;syntax&amp;quot;
    ignored: [&amp;quot;$id&amp;quot;]
warning: the following keywords are unknown and will be ignored: [$id, examples]
    level: &amp;quot;warning&amp;quot;
    schema: {&amp;quot;loadingURI&amp;quot;:&amp;quot;file:/Users/anuradharaman/eclipse-workspace/Anu/KFAPITestAutomation/target/test-classes/getProcessItemList.json#&amp;quot;,&amp;quot;pointer&amp;quot;:&amp;quot;/properties/Aggregation/properties/_created_at/properties/Blank&amp;quot;}
    domain: &amp;quot;syntax&amp;quot;
    ignored: [&amp;quot;$id&amp;quot;,&amp;quot;examples&amp;quot;]
warning: the following keywords are unknown and will be ignored: [$id, examples]
    level: &amp;quot;warning&amp;quot;
    schema: {&amp;quot;loadingURI&amp;quot;:&amp;quot;file:/Users/anuradharaman/eclipse-workspace/Anu/KFAPITestAutomation/target/test-classes/getProcessItemList.json#&amp;quot;,&amp;quot;pointer&amp;quot;:&amp;quot;/properties/Aggregation/properties/_created_at/properties/Count&amp;quot;}
    domain: &amp;quot;syntax&amp;quot;
    ignored: [&amp;quot;$id&amp;quot;,&amp;quot;examples&amp;quot;]
warning: the following keywords are unknown and will be ignored: [$id, examples]
    level: &amp;quot;warning&amp;quot;
    schema: {&amp;quot;loadingURI&amp;quot;:&amp;quot;file:/Users/anuradharaman/eclipse-workspace/Anu/KFAPITestAutomation/target/test-classes/getProcessItemList.json#&amp;quot;,&amp;quot;pointer&amp;quot;:&amp;quot;/properties/Aggregation/properties/_created_at/properties/Max&amp;quot;}
    domain: &amp;quot;syntax&amp;quot;
    ignored: [&amp;quot;$id&amp;quot;,&amp;quot;examples&amp;quot;]
warning: the following keywords are unknown and will be ignored: [$id, examples]
    level: &amp;quot;warning&amp;quot;
    schema: {&amp;quot;loadingURI&amp;quot;:&amp;quot;file:/Users/anuradharaman/eclipse-workspace/Anu/KFAPITestAutomation/target/test-classes/getProcessItemList.json#&amp;quot;,&amp;quot;pointer&amp;quot;:&amp;quot;/properties/Aggregation/properties/_created_at/properties/Min&amp;quot;}
    domain: &amp;quot;syntax&amp;quot;
    ignored: [&amp;quot;$id&amp;quot;,&amp;quot;examples&amp;quot;]
warning: the following keywords are unknown and will be ignored: [$id, examples]
    level: &amp;quot;warning&amp;quot;
    schema: {&amp;quot;loadingURI&amp;quot;:&amp;quot;file:/Users/anuradharaman/eclipse-workspace/Anu/KFAPITestAutomation/target/test-classes/getProcessItemList.json#&amp;quot;,&amp;quot;pointer&amp;quot;:&amp;quot;/properties/Aggregation/properties/_created_at/properties/NonBlank&amp;quot;}
    domain: &amp;quot;syntax&amp;quot;
    ignored: [&amp;quot;$id&amp;quot;,&amp;quot;examples&amp;quot;]
warning: the following keywords are unknown and will be ignored: [$id]
    level: &amp;quot;warning&amp;quot;
    schema: {&amp;quot;loadingURI&amp;quot;:&amp;quot;file:/Users/anuradharaman/eclipse-workspace/Anu/KFAPITestAutomation/target/test-classes/getProcessItemList.json#&amp;quot;,&amp;quot;pointer&amp;quot;:&amp;quot;/properties/Aggregation/properties/_created_by&amp;quot;}
    domain: &amp;quot;syntax&amp;quot;
    ignored: [&amp;quot;$id&amp;quot;]
warning: the following keywords are unknown and will be ignored: [$id, examples]
    level: &amp;quot;warning&amp;quot;
    schema: {&amp;quot;loadingURI&amp;quot;:&amp;quot;file:/Users/anuradharaman/eclipse-workspace/Anu/KFAPITestAutomation/target/test-classes/getProcessItemList.json#&amp;quot;,&amp;quot;pointer&amp;quot;:&amp;quot;/properties/Aggregation/properties/_created_by/properties/Blank&amp;quot;}
    domain: &amp;quot;syntax&amp;quot;
    ignored: [&amp;quot;$id&amp;quot;,&amp;quot;examples&amp;quot;]
warning: the following keywords are unknown and will be ignored: [$id, examples]
    level: &amp;quot;warning&amp;quot;
    schema: {&amp;quot;loadingURI&amp;quot;:&amp;quot;file:/Users/anuradharaman/eclipse-workspace/Anu/KFAPITestAutomation/target/test-classes/getProcessItemList.json#&amp;quot;,&amp;quot;pointer&amp;quot;:&amp;quot;/properties/Aggregation/properties/_created_by/properties/Count&amp;quot;}
    domain: &amp;quot;syntax&amp;quot;
    ignored: [&amp;quot;$id&amp;quot;,&amp;quot;examples&amp;quot;]
warning: the following keywords are unknown and will be ignored: [$id, examples]
    level: &amp;quot;warning&amp;quot;
    schema: {&amp;quot;loadingURI&amp;quot;:&amp;quot;file:/Users/anuradharaman/eclipse-workspace/Anu/KFAPITestAutomation/target/test-classes/getProcessItemList.json#&amp;quot;,&amp;quot;pointer&amp;quot;:&amp;quot;/properties/Aggregation/properties/_created_by/properties/NonBlank&amp;quot;}
    domain: &amp;quot;syntax&amp;quot;
    ignored: [&amp;quot;$id&amp;quot;,&amp;quot;examples&amp;quot;]
warning: the following keywords are unknown and will be ignored: [$id]
    level: &amp;quot;warning&amp;quot;
    schema: {&amp;quot;loadingURI&amp;quot;:&amp;quot;file:/Users/anuradharaman/eclipse-workspace/Anu/KFAPITestAutomation/target/test-classes/getProcessItemList.json#&amp;quot;,&amp;quot;pointer&amp;quot;:&amp;quot;/properties/Aggregation/properties/_status&amp;quot;}
    domain: &amp;quot;syntax&amp;quot;
    ignored: [&amp;quot;$id&amp;quot;]
warning: the following keywords are unknown and will be ignored: [$id, examples]
    level: &amp;quot;warning&amp;quot;
    schema: {&amp;quot;loadingURI&amp;quot;:&amp;quot;file:/Users/anuradharaman/eclipse-workspace/Anu/KFAPITestAutomation/target/test-classes/getProcessItemList.json#&amp;quot;,&amp;quot;pointer&amp;quot;:&amp;quot;/properties/Aggregation/properties/_status/properties/Blank&amp;quot;}
    domain: &amp;quot;syntax&amp;quot;
    ignored: [&amp;quot;$id&amp;quot;,&amp;quot;examples&amp;quot;]
warning: the following keywords are unknown and will be ignored: [$id, examples]
    level: &amp;quot;warning&amp;quot;
    schema: {&amp;quot;loadingURI&amp;quot;:&amp;quot;file:/Users/anuradharaman/eclipse-workspace/Anu/KFAPITestAutomation/target/test-classes/getProcessItemList.json#&amp;quot;,&amp;quot;pointer&amp;quot;:&amp;quot;/properties/Aggregation/properties/_status/properties/Count&amp;quot;}
    domain: &amp;quot;syntax&amp;quot;
    ignored: [&amp;quot;$id&amp;quot;,&amp;quot;examples&amp;quot;]
warning: the following keywords are unknown and will be ignored: [$id, examples]
    level: &amp;quot;warning&amp;quot;
    schema: {&amp;quot;loadingURI&amp;quot;:&amp;quot;file:/Users/anuradharaman/eclipse-workspace/Anu/KFAPITestAutomation/target/test-classes/getProcessItemList.json#&amp;quot;,&amp;quot;pointer&amp;quot;:&amp;quot;/properties/Aggregation/properties/_status/properties/NonBlank&amp;quot;}
    domain: &amp;quot;syntax&amp;quot;
    ignored: [&amp;quot;$id&amp;quot;,&amp;quot;examples&amp;quot;]
warning: the following keywords are unknown and will be ignored: [$id]
    level: &amp;quot;warning&amp;quot;
    schema: {&amp;quot;loadingURI&amp;quot;:&amp;quot;file:/Users/anuradharaman/eclipse-workspace/Anu/KFAPITestAutomation/target/test-classes/getProcessItemList.json#&amp;quot;,&amp;quot;pointer&amp;quot;:&amp;quot;/properties/Columns&amp;quot;}
    domain: &amp;quot;syntax&amp;quot;
    ignored: [&amp;quot;$id&amp;quot;]
warning: the following keywords are unknown and will be ignored: [$id]
    level: &amp;quot;warning&amp;quot;
    schema: {&amp;quot;loadingURI&amp;quot;:&amp;quot;file:/Users/anuradharaman/eclipse-workspace/Anu/KFAPITestAutomation/target/test-classes/getProcessItemList.json#&amp;quot;,&amp;quot;pointer&amp;quot;:&amp;quot;/properties/Columns/items&amp;quot;}
    domain: &amp;quot;syntax&amp;quot;
    ignored: [&amp;quot;$id&amp;quot;]
warning: the following keywords are unknown and will be ignored: [$id, examples]
    level: &amp;quot;warning&amp;quot;
    schema: {&amp;quot;loadingURI&amp;quot;:&amp;quot;file:/Users/anuradharaman/eclipse-workspace/Anu/KFAPITestAutomation/target/test-classes/getProcessItemList.json#&amp;quot;,&amp;quot;pointer&amp;quot;:&amp;quot;/properties/Columns/items/properties/Id&amp;quot;}
    domain: &amp;quot;syntax&amp;quot;
    ignored: [&amp;quot;$id&amp;quot;,&amp;quot;examples&amp;quot;]
warning: the following keywords are unknown and will be ignored: [$id, examples]
    level: &amp;quot;warning&amp;quot;
    schema: {&amp;quot;loadingURI&amp;quot;:&amp;quot;file:/Users/anuradharaman/eclipse-workspace/Anu/KFAPITestAutomation/target/test-classes/getProcessItemList.json#&amp;quot;,&amp;quot;pointer&amp;quot;:&amp;quot;/properties/Columns/items/properties/IsSystemField&amp;quot;}
    domain: &amp;quot;syntax&amp;quot;
    ignored: [&amp;quot;$id&amp;quot;,&amp;quot;examples&amp;quot;]
warning: the following keywords are unknown and will be ignored: [$id, examples]
    level: &amp;quot;warning&amp;quot;
    schema: {&amp;quot;loadingURI&amp;quot;:&amp;quot;file:/Users/anuradharaman/eclipse-workspace/Anu/KFAPITestAutomation/target/test-classes/getProcessItemList.json#&amp;quot;,&amp;quot;pointer&amp;quot;:&amp;quot;/properties/Columns/items/properties/Model&amp;quot;}
    domain: &amp;quot;syntax&amp;quot;
    ignored: [&amp;quot;$id&amp;quot;,&amp;quot;examples&amp;quot;]
warning: the following keywords are unknown and will be ignored: [$id, examples]
    level: &amp;quot;warning&amp;quot;
    schema: {&amp;quot;loadingURI&amp;quot;:&amp;quot;file:/Users/anuradharaman/eclipse-workspace/Anu/KFAPITestAutomation/target/test-classes/getProcessItemList.json#&amp;quot;,&amp;quot;pointer&amp;quot;:&amp;quot;/properties/Columns/items/properties/Name&amp;quot;}
    domain: &amp;quot;syntax&amp;quot;
    ignored: [&amp;quot;$id&amp;quot;,&amp;quot;examples&amp;quot;]
warning: the following keywords are unknown and will be ignored: [$id, examples]
    level: &amp;quot;warning&amp;quot;
    schema: {&amp;quot;loadingURI&amp;quot;:&amp;quot;file:/Users/anuradharaman/eclipse-workspace/Anu/KFAPITestAutomation/target/test-classes/getProcessItemList.json#&amp;quot;,&amp;quot;pointer&amp;quot;:&amp;quot;/properties/Columns/items/properties/ReadOnly&amp;quot;}
    domain: &amp;quot;syntax&amp;quot;
    ignored: [&amp;quot;$id&amp;quot;,&amp;quot;examples&amp;quot;]
warning: the following keywords are unknown and will be ignored: [$id, examples]
    level: &amp;quot;warning&amp;quot;
    schema: {&amp;quot;loadingURI&amp;quot;:&amp;quot;file:/Users/anuradharaman/eclipse-workspace/Anu/KFAPITestAutomation/target/test-classes/getProcessItemList.json#&amp;quot;,&amp;quot;pointer&amp;quot;:&amp;quot;/properties/Columns/items/properties/Type&amp;quot;}
    domain: &amp;quot;syntax&amp;quot;
    ignored: [&amp;quot;$id&amp;quot;,&amp;quot;examples&amp;quot;]
warning: the following keywords are unknown and will be ignored: [$id, examples]
    level: &amp;quot;warning&amp;quot;
    schema: {&amp;quot;loadingURI&amp;quot;:&amp;quot;file:/Users/anuradharaman/eclipse-workspace/Anu/KFAPITestAutomation/target/test-classes/getProcessItemList.json#&amp;quot;,&amp;quot;pointer&amp;quot;:&amp;quot;/properties/Columns/items/properties/Widget&amp;quot;}
    domain: &amp;quot;syntax&amp;quot;
    ignored: [&amp;quot;$id&amp;quot;,&amp;quot;examples&amp;quot;]
warning: the following keywords are unknown and will be ignored: [$id]
    level: &amp;quot;warning&amp;quot;
    schema: {&amp;quot;loadingURI&amp;quot;:&amp;quot;file:/Users/anuradharaman/eclipse-workspace/Anu/KFAPITestAutomation/target/test-classes/getProcessItemList.json#&amp;quot;,&amp;quot;pointer&amp;quot;:&amp;quot;/properties/Data&amp;quot;}
    domain: &amp;quot;syntax&amp;quot;
    ignored: [&amp;quot;$id&amp;quot;]
warning: the following keywords are unknown and will be ignored: [$id]
    level: &amp;quot;warning&amp;quot;
    schema: {&amp;quot;loadingURI&amp;quot;:&amp;quot;file:/Users/anuradharaman/eclipse-workspace/Anu/KFAPITestAutomation/target/test-classes/getProcessItemList.json#&amp;quot;,&amp;quot;pointer&amp;quot;:&amp;quot;/properties/Data/items&amp;quot;}
    domain: &amp;quot;syntax&amp;quot;
    ignored: [&amp;quot;$id&amp;quot;]
warning: the following keywords are unknown and will be ignored: [$id, examples]
    level: &amp;quot;warning&amp;quot;
    schema: {&amp;quot;loadingURI&amp;quot;:&amp;quot;file:/Users/anuradharaman/eclipse-workspace/Anu/KFAPITestAutomation/target/test-classes/getProcessItemList.json#&amp;quot;,&amp;quot;pointer&amp;quot;:&amp;quot;/properties/Data/items/properties/Name&amp;quot;}
    domain: &amp;quot;syntax&amp;quot;
    ignored: [&amp;quot;$id&amp;quot;,&amp;quot;examples&amp;quot;]
warning: the following keywords are unknown and will be ignored: [$id]
    level: &amp;quot;warning&amp;quot;
    schema: {&amp;quot;loadingURI&amp;quot;:&amp;quot;file:/Users/anuradharaman/eclipse-workspace/Anu/KFAPITestAutomation/target/test-classes/getProcessItemList.json#&amp;quot;,&amp;quot;pointer&amp;quot;:&amp;quot;/properties/Data/items/properties/ThisIsAttach&amp;quot;}
    domain: &amp;quot;syntax&amp;quot;
    ignored: [&amp;quot;$id&amp;quot;]
warning: the following keywords are unknown and will be ignored: [$id]
    level: &amp;quot;warning&amp;quot;
    schema: {&amp;quot;loadingURI&amp;quot;:&amp;quot;file:/Users/anuradharaman/eclipse-workspace/Anu/KFAPITestAutomation/target/test-classes/getProcessItemList.json#&amp;quot;,&amp;quot;pointer&amp;quot;:&amp;quot;/properties/Data/items/properties/ThisIsAttach/items&amp;quot;}
    domain: &amp;quot;syntax&amp;quot;
    ignored: [&amp;quot;$id&amp;quot;]
warning: the following keywords are unknown and will be ignored: [$id, examples]
    level: &amp;quot;warning&amp;quot;
    schema: {&amp;quot;loadingURI&amp;quot;:&amp;quot;file:/Users/anuradharaman/eclipse-workspace/Anu/KFAPITestAutomation/target/test-classes/getProcessItemList.json#&amp;quot;,&amp;quot;pointer&amp;quot;:&amp;quot;/properties/Data/items/properties/ThisIsAttach/items/properties/fileExtension&amp;quot;}
    domain: &amp;quot;syntax&amp;quot;
    ignored: [&amp;quot;$id&amp;quot;,&amp;quot;examples&amp;quot;]
warning: the following keywords are unknown and will be ignored: [$id, examples]
    level: &amp;quot;warning&amp;quot;
    schema: {&amp;quot;loadingURI&amp;quot;:&amp;quot;file:/Users/anuradharaman/eclipse-workspace/Anu/KFAPITestAutomation/target/test-classes/getProcessItemList.json#&amp;quot;,&amp;quot;pointer&amp;quot;:&amp;quot;/properties/Data/items/properties/ThisIsAttach/items/properties/id&amp;quot;}
    domain: &amp;quot;syntax&amp;quot;
    ignored: [&amp;quot;$id&amp;quot;,&amp;quot;examples&amp;quot;]
warning: the following keywords are unknown and will be ignored: [$id, examples]
    level: &amp;quot;warning&amp;quot;
    schema: {&amp;quot;loadingURI&amp;quot;:&amp;quot;file:/Users/anuradharaman/eclipse-workspace/Anu/KFAPITestAutomation/target/test-classes/getProcessItemList.json#&amp;quot;,&amp;quot;pointer&amp;quot;:&amp;quot;/properties/Data/items/properties/ThisIsAttach/items/properties/key&amp;quot;}
    domain: &amp;quot;syntax&amp;quot;
    ignored: [&amp;quot;$id&amp;quot;,&amp;quot;examples&amp;quot;]
warning: the following keywords are unknown and will be ignored: [$id, examples]
    level: &amp;quot;warning&amp;quot;
    schema: {&amp;quot;loadingURI&amp;quot;:&amp;quot;file:/Users/anuradharaman/eclipse-workspace/Anu/KFAPITestAutomation/target/test-classes/getProcessItemList.json#&amp;quot;,&amp;quot;pointer&amp;quot;:&amp;quot;/properties/Data/items/properties/ThisIsAttach/items/properties/name&amp;quot;}
    domain: &amp;quot;syntax&amp;quot;
    ignored: [&amp;quot;$id&amp;quot;,&amp;quot;examples&amp;quot;]
warning: the following keywords are unknown and will be ignored: [$id, examples]
    level: &amp;quot;warning&amp;quot;
    schema: {&amp;quot;loadingURI&amp;quot;:&amp;quot;file:/Users/anuradharaman/eclipse-workspace/Anu/KFAPITestAutomation/target/test-classes/getProcessItemList.json#&amp;quot;,&amp;quot;pointer&amp;quot;:&amp;quot;/properties/Data/items/properties/ThisIsAttach/items/properties/size&amp;quot;}
    domain: &amp;quot;syntax&amp;quot;
    ignored: [&amp;quot;$id&amp;quot;,&amp;quot;examples&amp;quot;]
warning: the following keywords are unknown and will be ignored: [$id, examples]
    level: &amp;quot;warning&amp;quot;
    schema: {&amp;quot;loadingURI&amp;quot;:&amp;quot;file:/Users/anuradharaman/eclipse-workspace/Anu/KFAPITestAutomation/target/test-classes/getProcessItemList.json#&amp;quot;,&amp;quot;pointer&amp;quot;:&amp;quot;/properties/Data/items/properties/ThisIsAttach/items/properties/uploaded&amp;quot;}
    domain: &amp;quot;syntax&amp;quot;
    ignored: [&amp;quot;$id&amp;quot;,&amp;quot;examples&amp;quot;]
warning: the following keywords are unknown and will be ignored: [$id]
    level: &amp;quot;warning&amp;quot;
    schema: {&amp;quot;loadingURI&amp;quot;:&amp;quot;file:/Users/anuradharaman/eclipse-workspace/Anu/KFAPITestAutomation/target/test-classes/getProcessItemList.json#&amp;quot;,&amp;quot;pointer&amp;quot;:&amp;quot;/properties/Data/items/properties/ThisIsCheckList&amp;quot;}
    domain: &amp;quot;syntax&amp;quot;
    ignored: [&amp;quot;$id&amp;quot;]
warning: the following keywords are unknown and will be ignored: [$id]
    level: &amp;quot;warning&amp;quot;
    schema: {&amp;quot;loadingURI&amp;quot;:&amp;quot;file:/Users/anuradharaman/eclipse-workspace/Anu/KFAPITestAutomation/target/test-classes/getProcessItemList.json#&amp;quot;,&amp;quot;pointer&amp;quot;:&amp;quot;/properties/Data/items/properties/ThisIsCheckList/items&amp;quot;}
    domain: &amp;quot;syntax&amp;quot;
    ignored: [&amp;quot;$id&amp;quot;]
warning: the following keywords are unknown and will be ignored: [$id, examples]
    level: &amp;quot;warning&amp;quot;
    schema: {&amp;quot;loadingURI&amp;quot;:&amp;quot;file:/Users/anuradharaman/eclipse-workspace/Anu/KFAPITestAutomation/target/test-classes/getProcessItemList.json#&amp;quot;,&amp;quot;pointer&amp;quot;:&amp;quot;/properties/Data/items/properties/ThisIsCheckList/items/properties/selected&amp;quot;}
    domain: &amp;quot;syntax&amp;quot;
    ignored: [&amp;quot;$id&amp;quot;,&amp;quot;examples&amp;quot;]
warning: the following keywords are unknown and will be ignored: [$id, examples]
    level: &amp;quot;warning&amp;quot;
    schema: {&amp;quot;loadingURI&amp;quot;:&amp;quot;file:/Users/anuradharaman/eclipse-workspace/Anu/KFAPITestAutomation/target/test-classes/getProcessItemList.json#&amp;quot;,&amp;quot;pointer&amp;quot;:&amp;quot;/properties/Data/items/properties/ThisIsCheckList/items/properties/value&amp;quot;}
    domain: &amp;quot;syntax&amp;quot;
    ignored: [&amp;quot;$id&amp;quot;,&amp;quot;examples&amp;quot;]
warning: the following keywords are unknown and will be ignored: [$id, examples]
    level: &amp;quot;warning&amp;quot;
    schema: {&amp;quot;loadingURI&amp;quot;:&amp;quot;file:/Users/anuradharaman/eclipse-workspace/Anu/KFAPITestAutomation/target/test-classes/getProcessItemList.json#&amp;quot;,&amp;quot;pointer&amp;quot;:&amp;quot;/properties/Data/items/properties/ThisIsCurrency&amp;quot;}
    domain: &amp;quot;syntax&amp;quot;
    ignored: [&amp;quot;$id&amp;quot;,&amp;quot;examples&amp;quot;]
warning: the following keywords are unknown and will be ignored: [$id, examples]
    level: &amp;quot;warning&amp;quot;
    schema: {&amp;quot;loadingURI&amp;quot;:&amp;quot;file:/Users/anuradharaman/eclipse-workspace/Anu/KFAPITestAutomation/target/test-classes/getProcessItemList.json#&amp;quot;,&amp;quot;pointer&amp;quot;:&amp;quot;/properties/Data/items/properties/ThisIsDate&amp;quot;}
    domain: &amp;quot;syntax&amp;quot;
    ignored: [&amp;quot;$id&amp;quot;,&amp;quot;examples&amp;quot;]
warning: the following keywords are unknown and will be ignored: [$id, examples]
    level: &amp;quot;warning&amp;quot;
    schema: {&amp;quot;loadingURI&amp;quot;:&amp;quot;file:/Users/anuradharaman/eclipse-workspace/Anu/KFAPITestAutomation/target/test-classes/getProcessItemList.json#&amp;quot;,&amp;quot;pointer&amp;quot;:&amp;quot;/properties/Data/items/properties/ThisIsDateAndTime&amp;quot;}
    domain: &amp;quot;syntax&amp;quot;
    ignored: [&amp;quot;$id&amp;quot;,&amp;quot;examples&amp;quot;]
warning: the following keywords are unknown and will be ignored: [$id, examples]
    level: &amp;quot;warning&amp;quot;
    schema: {&amp;quot;loadingURI&amp;quot;:&amp;quot;file:/Users/anuradharaman/eclipse-workspace/Anu/KFAPITestAutomation/target/test-classes/getProcessItemList.json#&amp;quot;,&amp;quot;pointer&amp;quot;:&amp;quot;/properties/Data/items/properties/ThisIsDropdown&amp;quot;}
    domain: &amp;quot;syntax&amp;quot;
    ignored: [&amp;quot;$id&amp;quot;,&amp;quot;examples&amp;quot;]
warning: the following keywords are unknown and will be ignored: [$id]
    level: &amp;quot;warning&amp;quot;
    schema: {&amp;quot;loadingURI&amp;quot;:&amp;quot;file:/Users/anuradharaman/eclipse-workspace/Anu/KFAPITestAutomation/target/test-classes/getProcessItemList.json#&amp;quot;,&amp;quot;pointer&amp;quot;:&amp;quot;/properties/Data/items/properties/ThisIsImage&amp;quot;}
    domain: &amp;quot;syntax&amp;quot;
    ignored: [&amp;quot;$id&amp;quot;]
warning: the following keywords are unknown and will be ignored: [$id, examples]
    level: &amp;quot;warning&amp;quot;
    schema: {&amp;quot;loadingURI&amp;quot;:&amp;quot;file:/Users/anuradharaman/eclipse-workspace/Anu/KFAPITestAutomation/target/test-classes/getProcessItemList.json#&amp;quot;,&amp;quot;pointer&amp;quot;:&amp;quot;/properties/Data/items/properties/ThisIsImage/properties/fileExtension&amp;quot;}
    domain: &amp;quot;syntax&amp;quot;
    ignored: [&amp;quot;$id&amp;quot;,&amp;quot;examples&amp;quot;]
warning: the following keywords are unknown and will be ignored: [$id, examples]
    level: &amp;quot;warning&amp;quot;
    schema: {&amp;quot;loadingURI&amp;quot;:&amp;quot;file:/Users/anuradharaman/eclipse-workspace/Anu/KFAPITestAutomation/target/test-classes/getProcessItemList.json#&amp;quot;,&amp;quot;pointer&amp;quot;:&amp;quot;/properties/Data/items/properties/ThisIsImage/properties/id&amp;quot;}
    domain: &amp;quot;syntax&amp;quot;
    ignored: [&amp;quot;$id&amp;quot;,&amp;quot;examples&amp;quot;]
warning: the following keywords are unknown and will be ignored: [$id, examples]
    level: &amp;quot;warning&amp;quot;
    schema: {&amp;quot;loadingURI&amp;quot;:&amp;quot;file:/Users/anuradharaman/eclipse-workspace/Anu/KFAPITestAutomation/target/test-classes/getProcessItemList.json#&amp;quot;,&amp;quot;pointer&amp;quot;:&amp;quot;/properties/Data/items/properties/ThisIsImage/properties/key&amp;quot;}
    domain: &amp;quot;syntax&amp;quot;
    ignored: [&amp;quot;$id&amp;quot;,&amp;quot;examples&amp;quot;]
warning: the following keywords are unknown and will be ignored: [$id, examples]
    level: &amp;quot;warning&amp;quot;
    schema: {&amp;quot;loadingURI&amp;quot;:&amp;quot;file:/Users/anuradharaman/eclipse-workspace/Anu/KFAPITestAutomation/target/test-classes/getProcessItemList.json#&amp;quot;,&amp;quot;pointer&amp;quot;:&amp;quot;/properties/Data/items/properties/ThisIsImage/properties/name&amp;quot;}
    domain: &amp;quot;syntax&amp;quot;
    ignored: [&amp;quot;$id&amp;quot;,&amp;quot;examples&amp;quot;]
warning: the following keywords are unknown and will be ignored: [$id]
    level: &amp;quot;warning&amp;quot;
    schema: {&amp;quot;loadingURI&amp;quot;:&amp;quot;file:/Users/anuradharaman/eclipse-workspace/Anu/KFAPITestAutomation/target/test-classes/getProcessItemList.json#&amp;quot;,&amp;quot;pointer&amp;quot;:&amp;quot;/properties/Data/items/properties/ThisIsImage/properties/photos&amp;quot;}
    domain: &amp;quot;syntax&amp;quot;
    ignored: [&amp;quot;$id&amp;quot;]
warning: the following keywords are unknown and will be ignored: [$id]
    level: &amp;quot;warning&amp;quot;
    schema: {&amp;quot;loadingURI&amp;quot;:&amp;quot;file:/Users/anuradharaman/eclipse-workspace/Anu/KFAPITestAutomation/target/test-classes/getProcessItemList.json#&amp;quot;,&amp;quot;pointer&amp;quot;:&amp;quot;/properties/Data/items/properties/ThisIsImage/properties/photos/items&amp;quot;}
    domain: &amp;quot;syntax&amp;quot;
    ignored: [&amp;quot;$id&amp;quot;]
warning: the following keywords are unknown and will be ignored: [$id, examples]
    level: &amp;quot;warning&amp;quot;
    schema: {&amp;quot;loadingURI&amp;quot;:&amp;quot;file:/Users/anuradharaman/eclipse-workspace/Anu/KFAPITestAutomation/target/test-classes/getProcessItemList.json#&amp;quot;,&amp;quot;pointer&amp;quot;:&amp;quot;/properties/Data/items/properties/ThisIsImage/properties/photos/items/properties/fileExtension&amp;quot;}
    domain: &amp;quot;syntax&amp;quot;
    ignored: [&amp;quot;$id&amp;quot;,&amp;quot;examples&amp;quot;]
warning: the following keywords are unknown and will be ignored: [$id, examples]
    level: &amp;quot;warning&amp;quot;
    schema: {&amp;quot;loadingURI&amp;quot;:&amp;quot;file:/Users/anuradharaman/eclipse-workspace/Anu/KFAPITestAutomation/target/test-classes/getProcessItemList.json#&amp;quot;,&amp;quot;pointer&amp;quot;:&amp;quot;/properties/Data/items/properties/ThisIsImage/properties/photos/items/properties/height&amp;quot;}
    domain: &amp;quot;syntax&amp;quot;
[...]
    domain: "syntax"
    ignored: ["$id","examples"]
warning: the following keywords are unknown and will be ignored: [$id, examples]
    level: "warning"
    schema: {"loadingURI":"file:/Users/anuradharaman/eclipse-workspace/Anu/KFAPITestAutomation/target/test-classes/getStatusProcessItems.json#","pointer":"/properties/Columns/items/properties/ReadOnly"}
    domain: "syntax"
    ignored: ["$id","examples"]
warning: the following keywords are unknown and will be ignored: [$id, examples]
    level: "warning"
    schema: {"loadingURI":"file:/Users/anuradharaman/eclipse-workspace/Anu/KFAPITestAutomation/target/test-classes/getStatusProcessItems.json#","pointer":"/properties/Columns/items/properties/Type"}
    domain: "syntax"
    ignored: ["$id","examples"]
warning: the following keywords are unknown and will be ignored: [$id, examples]
    level: "warning"
    schema: {"loadingURI":"file:/Users/anuradharaman/eclipse-workspace/Anu/KFAPITestAutomation/target/test-classes/getStatusProcessItems.json#","pointer":"/properties/Columns/items/properties/FilterKey"}
    domain: "syntax"
    ignored: ["$id","examples"]
warning: the following keywords are unknown and will be ignored: [$id, examples]
    level: "warning"
    schema: {"loadingURI":"file:/Users/anuradharaman/eclipse-workspace/Anu/KFAPITestAutomation/target/test-classes/getStatusProcessItems.json#","pointer":"/properties/Columns/items/properties/Id"}
    domain: "syntax"
    ignored: ["$id","examples"]
warning: the following keywords are unknown and will be ignored: [$id, examples]
    level: "warning"
    schema: {"loadingURI":"file:/Users/anuradharaman/eclipse-workspace/Anu/KFAPITestAutomation/target/test-classes/getStatusProcessItems.json#","pointer":"/properties/Columns/items/properties/Name"}
    domain: "syntax"
    ignored: ["$id","examples"]
warning: the following keywords are unknown and will be ignored: [$id, examples]
    level: "warning"
    schema: {"loadingURI":"file:/Users/anuradharaman/eclipse-workspace/Anu/KFAPITestAutomation/target/test-classes/getStatusProcessItems.json#","pointer":"/properties/Columns/items/properties/ReadOnly"}
    domain: "syntax"
    ignored: ["$id","examples"]
warning: the following keywords are unknown and will be ignored: [$id, examples]
    level: "warning"
    schema: {"loadingURI":"file:/Users/anuradharaman/eclipse-workspace/Anu/KFAPITestAutomation/target/test-classes/getStatusProcessItems.json#","pointer":"/properties/Columns/items/properties/Type"}
    domain: "syntax"
    ignored: ["$id","examples"]
warning: the following keywords are unknown and will be ignored: [$id]
    level: "warning"
    schema: {"loadingURI":"file:/Users/anuradharaman/eclipse-workspace/Anu/KFAPITestAutomation/target/test-classes/getStatusProcessItems.json#","pointer":"/properties/Data"}
    domain: "syntax"
    ignored: ["$id"]
warning: the following keywords are unknown and will be ignored: [$id, examples]
    level: "warning"
    schema: {"loadingURI":"file:/Users/anuradharaman/eclipse-workspace/Anu/KFAPITestAutomation/target/test-classes/getStatusProcessItems.json#","pointer":"/properties/Data/items"}
    domain: "syntax"
    ignored: ["$id","examples"]
warning: the following keywords are unknown and will be ignored: [$id, examples]
    level: "warning"
    schema: {"loadingURI":"file:/Users/anuradharaman/eclipse-workspace/Anu/KFAPITestAutomation/target/test-classes/getStatusProcessItems.json#","pointer":"/properties/Data/items/properties/FlowId"}
    domain: "syntax"
    ignored: ["$id","examples"]
warning: the following keywords are unknown and will be ignored: [$id, examples]
    level: "warning"
    schema: {"loadingURI":"file:/Users/anuradharaman/eclipse-workspace/Anu/KFAPITestAutomation/target/test-classes/getStatusProcessItems.json#","pointer":"/properties/Data/items/properties/FlowName"}
    domain: "syntax"
    ignored: ["$id","examples"]
warning: the following keywords are unknown and will be ignored: [$id, examples]
    level: "warning"
    schema: {"loadingURI":"file:/Users/anuradharaman/eclipse-workspace/Anu/KFAPITestAutomation/target/test-classes/getStatusProcessItems.json#","pointer":"/properties/Data/items/properties/FlowType"}
    domain: "syntax"
    ignored: ["$id","examples"]
warning: the following keywords are unknown and will be ignored: [$id, examples]
    level: "warning"
    schema: {"loadingURI":"file:/Users/anuradharaman/eclipse-workspace/Anu/KFAPITestAutomation/target/test-classes/getStatusProcessItems.json#","pointer":"/properties/Data/items/properties/Name"}
    domain: "syntax"
    ignored: ["$id","examples"]
warning: the following keywords are unknown and will be ignored: [$id, examples]
    level: "warning"
    schema: {"loadingURI":"file:/Users/anuradharaman/eclipse-workspace/Anu/KFAPITestAutomation/target/test-classes/getStatusProcessItems.json#","pointer":"/properties/Data/items/properties/_activity_instance_id"}
    domain: "syntax"
    ignored: ["$id","examples"]
warning: the following keywords are unknown and will be ignored: [$id, examples]
    level: "warning"
    schema: {"loadingURI":"file:/Users/anuradharaman/eclipse-workspace/Anu/KFAPITestAutomation/target/test-classes/getStatusProcessItems.json#","pointer":"/properties/Data/items/properties/_created_at"}
    domain: "syntax"
    ignored: ["$id","examples"]
warning: the following keywords are unknown and will be ignored: [$id, examples]
    level: "warning"
    schema: {"loadingURI":"file:/Users/anuradharaman/eclipse-workspace/Anu/KFAPITestAutomation/target/test-classes/getStatusProcessItems.json#","pointer":"/properties/Data/items/properties/_id"}
    domain: "syntax"
    ignored: ["$id","examples"]
warning: the following keywords are unknown and will be ignored: [$id, examples]
    level: "warning"
    schema: {"loadingURI":"file:/Users/anuradharaman/eclipse-workspace/Anu/KFAPITestAutomation/target/test-classes/getStatusProcessItems.json#","pointer":"/properties/Data/items"}
    domain: "syntax"
    ignored: ["$id","examples"]
warning: the following keywords are unknown and will be ignored: [$id, examples]
    level: "warning"
    schema: {"loadingURI":"file:/Users/anuradharaman/eclipse-workspace/Anu/KFAPITestAutomation/target/test-classes/getStatusProcessItems.json#","pointer":"/properties/Data/items/properties/FlowId"}
    domain: "syntax"
    ignored: ["$id","examples"]
warning: the following keywords are unknown and will be ignored: [$id, examples]
    level: "warning"
    schema: {"loadingURI":"file:/Users/anuradharaman/eclipse-workspace/Anu/KFAPITestAutomation/target/test-classes/getStatusProcessItems.json#","pointer":"/properties/Data/items/properties/FlowName"}
    domain: "syntax"
    ignored: ["$id","examples"]
warning: the following keywords are unknown and will be ignored: [$id, examples]
    level: "warning"
    schema: {"loadingURI":"file:/Users/anuradharaman/eclipse-workspace/Anu/KFAPITestAutomation/target/test-classes/getStatusProcessItems.json#","pointer":"/properties/Data/items/properties/FlowType"}
    domain: "syntax"
    ignored: ["$id","examples"]
warning: the following keywords are unknown and will be ignored: [$id, examples]
    level: "warning"
    schema: {"loadingURI":"file:/Users/anuradharaman/eclipse-workspace/Anu/KFAPITestAutomation/target/test-classes/getStatusProcessItems.json#","pointer":"/properties/Data/items/properties/Name"}
    domain: "syntax"
    ignored: ["$id","examples"]
warning: the following keywords are unknown and will be ignored: [$id, examples]
    level: "warning"
    schema: {"loadingURI":"file:/Users/anuradharaman/eclipse-workspace/Anu/KFAPITestAutomation/target/test-classes/getStatusProcessItems.json#","pointer":"/properties/Data/items/properties/_activity_instance_id"}
    domain: "syntax"
    ignored: ["$id","examples"]
warning: the following keywords are unknown and will be ignored: [$id, examples]
    level: "warning"
    schema: {"loadingURI":"file:/Users/anuradharaman/eclipse-workspace/Anu/KFAPITestAutomation/target/test-classes/getStatusProcessItems.json#","pointer":"/properties/Data/items/properties/_created_at"}
    domain: "syntax"
    ignored: ["$id","examples"]
warning: the following keywords are unknown and will be ignored: [$id, examples]
    level: "warning"
    schema: {"loadingURI":"file:/Users/anuradharaman/eclipse-workspace/Anu/KFAPITestAutomation/target/test-classes/getStatusProcessItems.json#","pointer":"/properties/Data/items/properties/_id"}
    domain: "syntax"
    ignored: ["$id","examples"]
error: object has missing required properties (["_created_at"])
    level: "error"
    schema: {"loadingURI":"file:/Users/anuradharaman/eclipse-workspace/Anu/KFAPITestAutomation/target/test-classes/getStatusProcessItems.json#","pointer":"/properties/Data/items"}
    instance: {"pointer":"/Data/0"}
    domain: "validation"
    keyword: "required"
    required: ["FlowId","FlowName","FlowType","Name","_activity_instance_id","_created_at","_id"]
    missing: ["_created_at"]
warning: the following keywords are unknown and will be ignored: [$id, examples]
    level: "warning"
    schema: {"loadingURI":"file:/Users/anuradharaman/eclipse-workspace/Anu/KFAPITestAutomation/target/test-classes/getStatusProcessItems.json#","pointer":"/properties/Data/items"}
    domain: "syntax"
    ignored: ["$id","examples"]
warning: the following keywords are unknown and will be ignored: [$id, examples]
    level: "warning"
    schema: {"loadingURI":"file:/Users/anuradharaman/eclipse-workspace/Anu/KFAPITestAutomation/target/test-classes/getStatusProcessItems.json#","pointer":"/properties/Data/items/properties/FlowId"}
    domain: "syntax"
    ignored: ["$id","examples"]
warning: the following keywords are unknown and will be ignored: [$id, examples]
    level: "warning"
    schema: {"loadingURI":"file:/Users/anuradharaman/eclipse-workspace/Anu/KFAPITestAutomation/target/test-classes/getStatusProcessItems.json#","pointer":"/properties/Data/items/properties/FlowName"}
    domain: "syntax"
    ignored: ["$id","examples"]
warning: the following keywords are unknown and will be ignored: [$id, examples]
    level: "warning"
    schema: {"loadingURI":"file:/Users/anuradharaman/eclipse-workspace/Anu/KFAPITestAutomation/target/test-classes/getStatusProcessItems.json#","pointer":"/properties/Data/items/properties/FlowType"}
    domain: "syntax"
    ignored: ["$id","examples"]
warning: the following keywords are unknown and will be ignored: [$id, examples]
    level: "warning"
    schema: {"loadingURI":"file:/Users/anuradharaman/eclipse-workspace/Anu/KFAPITestAutomation/target/test-classes/getStatusProcessItems.json#","pointer":"/properties/Data/items/properties/Name"}
    domain: "syntax"
    ignored: ["$id","examples"]
warning: the following keywords are unknown and will be ignored: [$id, examples]
    level: "warning"
    schema: {"loadingURI":"file:/Users/anuradharaman/eclipse-workspace/Anu/KFAPITestAutomation/target/test-classes/getStatusProcessItems.json#","pointer":"/properties/Data/items/properties/_activity_instance_id"}
    domain: "syntax"
    ignored: ["$id","examples"]
warning: the following keywords are unknown and will be ignored: [$id, examples]
    level: "warning"
    schema: {"loadingURI":"file:/Users/anuradharaman/eclipse-workspace/Anu/KFAPITestAutomation/target/test-classes/getStatusProcessItems.json#","pointer":"/properties/Data/items/properties/_created_at"}
    domain: "syntax"
    ignored: ["$id","examples"]
warning: the following keywords are unknown and will be ignored: [$id, examples]
    level: "warning"
    schema: {"loadingURI":"file:/Users/anuradharaman/eclipse-workspace/Anu/KFAPITestAutomation/target/test-classes/getStatusProcessItems.json#","pointer":"/properties/Data/items/properties/_id"}
    domain: "syntax"
    ignored: ["$id","examples"]
error: object has missing required properties (["_created_at"])
    level: "error"
    schema: {"loadingURI":"file:/Users/anuradharaman/eclipse-workspace/Anu/KFAPITestAutomation/target/test-classes/getStatusProcessItems.json#","pointer":"/properties/Data/items"}
    instance: {"pointer":"/Data/1"}
    domain: "validation"
    keyword: "required"
    required: ["FlowId","FlowName","FlowType","Name","_activity_instance_id","_created_at","_id"]
    missing: ["_created_at"]
warning: the following keywords are unknown and will be ignored: [$id]
    level: "warning"
    schema: {"loadingURI":"file:/Users/anuradharaman/eclipse-workspace/Anu/KFAPITestAutomation/target/test-classes/getStatusProcessItems.json#","pointer":"/properties/Fields"}
    domain: "syntax"
    ignored: ["$id"]
warning: the following keywords are unknown and will be ignored: [$id, examples]
    level: "warning"
    schema: {"loadingURI":"file:/Users/anuradharaman/eclipse-workspace/Anu/KFAPITestAutomation/target/test-classes/getStatusProcessItems.json#","pointer":"/properties/Fields/items"}
    domain: "syntax"
    ignored: ["$id","examples"]
warning: the following keywords are unknown and will be ignored: [$id, examples]
    level: "warning"
    schema: {"loadingURI":"file:/Users/anuradharaman/eclipse-workspace/Anu/KFAPITestAutomation/target/test-classes/getStatusProcessItems.json#","pointer":"/properties/Fields/items/properties/FilterKey"}
    domain: "syntax"
    ignored: ["$id","examples"]
warning: the following keywords are unknown and will be ignored: [$id, examples]
    level: "warning"
    schema: {"loadingURI":"file:/Users/anuradharaman/eclipse-workspace/Anu/KFAPITestAutomation/target/test-classes/getStatusProcessItems.json#","pointer":"/properties/Fields/items/properties/Id"}
    domain: "syntax"
    ignored: ["$id","examples"]
warning: the following keywords are unknown and will be ignored: [$id, examples]
    level: "warning"
    schema: {"loadingURI":"file:/Users/anuradharaman/eclipse-workspace/Anu/KFAPITestAutomation/target/test-classes/getStatusProcessItems.json#","pointer":"/properties/Fields/items/properties/Name"}
    domain: "syntax"
    ignored: ["$id","examples"]
warning: the following keywords are unknown and will be ignored: [$id, examples]
    level: "warning"
    schema: {"loadingURI":"file:/Users/anuradharaman/eclipse-workspace/Anu/KFAPITestAutomation/target/test-classes/getStatusProcessItems.json#","pointer":"/properties/Fields/items/properties/ReadOnly"}
    domain: "syntax"
    ignored: ["$id","examples"]
warning: the following keywords are unknown and will be ignored: [$id, examples]
    level: "warning"
    schema: {"loadingURI":"file:/Users/anuradharaman/eclipse-workspace/Anu/KFAPITestAutomation/target/test-classes/getStatusProcessItems.json#","pointer":"/properties/Fields/items/properties/Type"}
    domain: "syntax"
    ignored: ["$id","examples"]
warning: the following keywords are unknown and will be ignored: [$id]
    level: "warning"
    schema: {"loadingURI":"file:/Users/anuradharaman/eclipse-workspace/Anu/KFAPITestAutomation/target/test-classes/getStatusProcessItems.json#","pointer":"/properties/Filter"}
    domain: "syntax"
    ignored: ["$id"]
warning: the following keywords are unknown and will be ignored: [$id, examples]
    level: "warning"
    schema: {"loadingURI":"file:/Users/anuradharaman/eclipse-workspace/Anu/KFAPITestAutomation/target/test-classes/getStatusProcessItems.json#","pointer":"/properties/PageSize"}
    domain: "syntax"
    ignored: ["$id","examples"]
warning: the following keywords are unknown and will be ignored: [$id]
    level: "warning"
    schema: {"loadingURI":"file:/Users/anuradharaman/eclipse-workspace/Anu/KFAPITestAutomation/target/test-classes/getStatusProcessItems.json#","pointer":"/properties/Sort"}
    domain: "syntax"
    ignored: ["$id"]
warning: the following keywords are unknown and will be ignored: [$id, examples]
    level: "warning"
    schema: {"loadingURI":"file:/Users/anuradharaman/eclipse-workspace/Anu/KFAPITestAutomation/target/test-classes/getStatusProcessItems.json#","pointer":"/properties/_id"}
    domain: "syntax"
    ignored: ["$id","examples"]

  Actual: {"_id": "GlobalMyitems", "Data": [{"_id": "PkS_ocOvjg4o", "Name": "Request for EndtoEnd", "FlowName": "EndtoEnd", "FlowType": "process", "FlowId": "EndtoEnd_01", "_status": "Completed", "_activity_instance_id": "PkO6ocOvDcUm", "_completed_at": "2020-02-24T17:12:48Z"}, {"_id": "Pk4rYVRjubq2", "Name": "Request for EndtoEnd", "FlowName": "EndtoEnd", "FlowType": "process", "FlowId": "EndtoEnd_01", "_status": "Completed", "_activity_instance_id": "PkYIYVRjAFvD", "_completed_at": "2020-02-24T04:47:34Z"}], "Columns": [{"Id": "Name", "Name": "Item Title", "Type": "Text", "ReadOnly": true, "FilterKey": "Name"}, {"Id": "FlowName", "Name": "Flow Name", "Type": "Text", "ReadOnly": true, "FilterKey": "FlowName"}, {"Id": "FlowType", "Name": "Flow Type", "Type": "Text", "ReadOnly": true, "FilterKey": "FlowType"}, {"Id": "_status", "Name": "Status", "Type": "Text", "ReadOnly": true, "FilterKey": "_status"}, {"Id": "_completed_at", "Name": "Completed at", "Type": "DateTime", "ReadOnly": true, "FilterKey": "_completed_at.dv"}], "Fields": [{"Id": "Name", "Name": "Item Title", "Type": "Text", "ReadOnly": true, "FilterKey": "Name"}, {"Id": "FlowName", "Name": "Flow Name", "Type": "Text", "ReadOnly": true, "FilterKey": "FlowName"}, {"Id": "FlowType", "Name": "Flow Type", "Type": "Text", "ReadOnly": true, "FilterKey": "FlowType"}, {"Id": "_status", "Name": "Status", "Type": "Text", "ReadOnly": true, "FilterKey": "_status"}, {"Id": "_completed_at", "Name": "Completed at", "Type": "DateTime", "ReadOnly": true, "FilterKey": "_completed_at.dv"}], "Filter": [], "Sort": [], "PageSize": 10}

at org.codehaus.groovy.runtime.callsite.ConstructorSite$ConstructorSiteNoUnwrap.callConstructor(ConstructorSite.java:84)
at org.codehaus.groovy.runtime.callsite.AbstractCallSite.callConstructor(AbstractCallSite.java:249)
at io.restassured.internal.ResponseSpecificationImpl$HamcrestAssertionClosure.validate(ResponseSpecificationImpl.groovy:493)
at io.restassured.internal.ResponseSpecificationImpl$HamcrestAssertionClosure$validate$1.call(Unknown Source)
at io.restassured.internal.ResponseSpecificationImpl.validateResponseIfRequired(ResponseSpecificationImpl.groovy:674)
at org.codehaus.groovy.runtime.callsite.PlainObjectMetaMethodSite.doInvoke(PlainObjectMetaMethodSite.java:43)
at org.codehaus.groovy.runtime.callsite.PogoMetaMethodSite$PogoCachedMethodSiteNoUnwrapNoCoerce.invoke(PogoMetaMethodSite.java:190)
at org.codehaus.groovy.runtime.callsite.PogoMetaMethodSite.callCurrent(PogoMetaMethodSite.java:58)
at org.codehaus.groovy.runtime.callsite.AbstractCallSite.callCurrent(AbstractCallSite.java:168)
at io.restassured.internal.ResponseSpecificationImpl.body(ResponseSpecificationImpl.groovy:98)
at io.restassured.internal.ValidatableResponseOptionsImpl.body(ValidatableResponseOptionsImpl.java:238)
at io.restassured.internal.ValidatableResponseImpl.super$2$body(ValidatableResponseImpl.groovy)
at groovy.lang.MetaMethod.doMethodInvoke(MetaMethod.java:323)
at groovy.lang.MetaClassImpl.invokeMethod(MetaClassImpl.java:1217)
at org.codehaus.groovy.runtime.ScriptBytecodeAdapter.invokeMethodOnSuperN(ScriptBytecodeAdapter.java:144)
at io.restassured.internal.ValidatableResponseImpl.body(ValidatableResponseImpl.groovy:293)
at io.restassured.internal.ValidatableResponseImpl.body(ValidatableResponseImpl.groovy)
at test.KFProcessAPISmokeTest.getStatusProcessItems(KFProcessAPISmokeTest.java:731)
at java.base/java.util.ArrayList.forEach(ArrayList.java:1540)
... Removed 41 stack frames]]>
    </failure>
  </testcase> <!-- getStatusProcessItems -->
  <testcase classname="test.KFProcessAPISmokeTest" name="archiveProcess" time="0.82"/>
  <testcase classname="test.KFProcessAPISmokeTest" name="getCurrentItemsAssigned" time="0.595"/>
  <testcase classname="test.KFProcessAPISmokeTest" name="deleteProcess" time="0.685"/>
</testsuite> <!-- ProcessApiTest -->
